[0.000000] (-) TimerEvent: {}
[0.000285] (-) JobUnselected: {'identifier': 'coco_detector'}
[0.000337] (-) JobUnselected: {'identifier': 'go2_gps_nav'}
[0.000380] (-) JobUnselected: {'identifier': 'go2_interfaces'}
[0.000420] (-) JobUnselected: {'identifier': 'go2_robot_sdk'}
[0.000459] (-) JobUnselected: {'identifier': 'nav2_costmap_filters_demo'}
[0.000499] (-) JobUnselected: {'identifier': 'nav2_gradient_costmap_plugin'}
[0.000537] (-) JobUnselected: {'identifier': 'nav2_pure_pursuit_controller'}
[0.000556] (-) JobUnselected: {'identifier': 'nav2_sms_behavior'}
[0.000591] (-) JobUnselected: {'identifier': 'nav2_straightline_planner'}
[0.000609] (-) JobUnselected: {'identifier': 'sam_bot_description'}
[0.000624] (-) JobUnselected: {'identifier': 'unitree_go'}
[0.000640] (nav2_gps_waypoint_follower_demo) JobQueued: {'identifier': 'nav2_gps_waypoint_follower_demo', 'dependencies': OrderedDict()}
[0.000682] (nav2_gps_waypoint_follower_demo) JobStarted: {'identifier': 'nav2_gps_waypoint_follower_demo'}
[0.098679] (-) TimerEvent: {}
[0.199198] (-) TimerEvent: {}
[0.299497] (-) TimerEvent: {}
[0.399742] (-) TimerEvent: {}
[0.500024] (-) TimerEvent: {}
[0.605244] (-) TimerEvent: {}
[0.705488] (-) TimerEvent: {}
[0.802754] (nav2_gps_waypoint_follower_demo) Command: {'cmd': ['/usr/bin/python3', '-W', 'ignore:setup.py install is deprecated', '-W', 'ignore:easy_install command is deprecated', 'setup.py', 'egg_info', '--egg-base', '../../../build/nav2_gps_waypoint_follower_demo', 'build', '--build-base', '/home/hiwilab/Project/DOG/ros2_ws/build/nav2_gps_waypoint_follower_demo/build', 'install', '--record', '/home/hiwilab/Project/DOG/ros2_ws/build/nav2_gps_waypoint_follower_demo/install.log', '--single-version-externally-managed', 'install_data'], 'cwd': '/home/hiwilab/Project/DOG/ros2_ws/src/navigation2_tutorials/nav2_gps_waypoint_follower_demo', 'env': {'ROBOT_IP': '', 'USER': 'hiwilab', 'SHLVL': '1', 'LD_LIBRARY_PATH': '/home/hiwilab/Project/DOG/ros2_ws/install/unitree_go/lib:/home/hiwilab/Project/DOG/ros2_ws/install/go2_interfaces/lib:/usr/lib/x86_64-linux-gnu/gazebo-11/plugins:/opt/ros/humble/opt/rviz_ogre_vendor/lib:/opt/ros/humble/lib/x86_64-linux-gnu:/opt/ros/humble/lib', 'WT_PROFILE_ID': '{51855cb2-8cce-5362-8f54-464b92b32386}', 'HOME': '/home/hiwilab', 'OLDPWD': '/home/hiwilab/Project/DOG/ros2_ws/src', 'UNITREE_PASSWORD': 'Dlrkdgus1010!@', 'ROS_PYTHON_VERSION': '3', 'DBUS_SESSION_BUS_ADDRESS': 'unix:path=/run/user/1000/bus', 'WSL_DISTRO_NAME': 'Ubuntu', 'WAYLAND_DISPLAY': 'wayland-0', 'COLCON_PREFIX_PATH': '/home/hiwilab/Project/DOG/ros2_ws/install', 'ROS_DISTRO': 'humble', 'UNITREE_EMAIL': 'llgh3809@gmail.com', 'LOGNAME': 'hiwilab', 'NAME': 'HiWi4', 'WSL_INTEROP': '/run/WSL/2317_interop', 'PULSE_SERVER': 'unix:/mnt/wslg/PulseServer', '_': '/usr/bin/colcon', 'ROS_VERSION': '2', 'TERM': 'xterm-256color', 'ROS_LOCALHOST_ONLY': '0', 'PATH': '/opt/ros/humble/bin:/usr/local/sbin:/usr/local/bin:/usr/sbin:/usr/bin:/sbin:/bin:/usr/games:/usr/local/games:/usr/lib/wsl/lib:/mnt/c/Python312/Scripts/:/mnt/c/Python312/:/mnt/c/Program Files/Java/jdk-17.0.12/bin:/mnt/c/Windows/system32:/mnt/c/Windows:/mnt/c/Windows/System32/Wbem:/mnt/c/Windows/System32/WindowsPowerShell/v1.0/:/mnt/c/Windows/System32/OpenSSH/:/mnt/c/Program Files (x86)/NVIDIA Corporation/PhysX/Common:/mnt/c/Program Files/Bandizip/:/mnt/c/Program Files/MATLAB/R2024a/runtime/win64:/mnt/c/Program Files/MATLAB/R2024a/bin:/mnt/c/Program Files/dotnet/:/mnt/c/Users/HiWi4/AppData/Local/Android/Sdk/platform-tools:/mnt/c/Program Files (x86)/HP/Common/HPDestPlgIn/:/mnt/c/Program Files (x86)/HP/IdrsOCR_15.3.1129.0/:/mnt/c/Program Files/nodejs/:/mnt/c/ProgramData/chocolatey/bin:/mnt/c/Program Files/Git/cmd:/mnt/c/Users/HiWi4/AppData/Roaming/ngrok:/mnt/c/Users/HiWi4/AppData/Roaming/Python/Python312/Scripts:/mnt/c/Users/HiWi4/esp/v5.3.1/esp-idf/tools:/mnt/c/Users/HiWi4/.espressif/python_env/idf5.3_py3.11_env/Scripts:/mnt/c/ProgramData/anaconda3:/mnt/c/ProgramData/anaconda3/Scripts:/mnt/c/ProgramData/anaconda3/Library/bin:/mnt/c/Program Files/NVIDIA Corporation/NVIDIA app/NvDLISR:/mnt/c/Program Files/Cloudflare/Cloudflare WARP/:/mnt/c/Program Files/Docker/Docker/resources/bin:/mnt/c/Users/HiWi4/AppData/Local/Programs/Python/Python38/Scripts/:/mnt/c/Users/HiWi4/AppData/Local/Programs/Python/Python38/:/mnt/c/Users/HiWi4/AppData/Local/Programs/Python/Python38-32/Scripts/:/mnt/c/Users/HiWi4/AppData/Local/Programs/Python/Python38-32/:/mnt/c/Users/HiWi4/AppData/Local/Microsoft/WindowsApps:/mnt/c/Users/HiWi4/AppData/Local/Programs/Microsoft VS Code/bin:/mnt/c/Program Files (x86)/HP/Common/HPDestPlgIn/:/mnt/c/Users/HiWi4/AppData/Roaming/npm:/snap/bin', 'WT_SESSION': 'f729f2c0-1f4f-4752-82c5-4fa6ebec43de', 'XDG_RUNTIME_DIR': '/run/user/1000/', 'DISPLAY': ':0', 'LANG': 'en_US.UTF-8', 'ELEVENLABS_API_KEY': 'sk_b3972c7440b245dd81d52fc789309b582b8a559ed93028f4', 'AMENT_PREFIX_PATH': '/home/hiwilab/Project/DOG/ros2_ws/install/go2_robot_sdk:/home/hiwilab/Project/DOG/ros2_ws/install/unitree_go:/home/hiwilab/Project/DOG/ros2_ws/install/go2_interfaces:/home/hiwilab/Project/DOG/ros2_ws/install/go2_gps_nav:/home/hiwilab/Project/DOG/ros2_ws/install/coco_detector:/opt/ros/humble', 'SHELL': '/bin/bash', 'SERIAL_NUMBER': 'B42D2000P16BDIG0', 'PWD': '/home/hiwilab/Project/DOG/ros2_ws/build/nav2_gps_waypoint_follower_demo', 'XDG_DATA_DIRS': '/usr/local/share:/usr/share:/var/lib/snapd/desktop', 'PYTHONPATH': '/home/hiwilab/Project/DOG/ros2_ws/build/nav2_gps_waypoint_follower_demo/prefix_override:/usr/lib/python3/dist-packages/colcon_core/task/python/colcon_distutils_commands:/home/hiwilab/Project/DOG/ros2_ws/install/nav2_gps_waypoint_follower_demo/lib/python3.10/site-packages:/home/hiwilab/Project/DOG/ros2_ws/install/go2_robot_sdk/lib/python3.10/site-packages:/home/hiwilab/Project/DOG/ros2_ws/install/unitree_go/local/lib/python3.10/dist-packages:/home/hiwilab/Project/DOG/ros2_ws/install/go2_interfaces/local/lib/python3.10/dist-packages:/home/hiwilab/Project/DOG/ros2_ws/install/go2_gps_nav/lib/python3.10/site-packages:/home/hiwilab/Project/DOG/ros2_ws/install/coco_detector/lib/python3.10/site-packages:/opt/ros/humble/lib/python3.10/site-packages:/opt/ros/humble/local/lib/python3.10/dist-packages', 'CONN_TYPE': 'webrtc', 'COLCON': '1', 'WSL2_GUI_APPS_ENABLED': '1', 'HOSTTYPE': 'x86_64', 'CMAKE_PREFIX_PATH': '/home/hiwilab/Project/DOG/ros2_ws/install/unitree_go:/home/hiwilab/Project/DOG/ros2_ws/install/go2_interfaces', 'WSLENV': 'WT_SESSION:WT_PROFILE_ID:'}, 'shell': False}
[0.805562] (-) TimerEvent: {}
[0.905825] (-) TimerEvent: {}
[1.006118] (-) TimerEvent: {}
[1.096902] (nav2_gps_waypoint_follower_demo) StdoutLine: {'line': b'running egg_info\n'}
[1.097659] (nav2_gps_waypoint_follower_demo) StdoutLine: {'line': b'creating ../../../build/nav2_gps_waypoint_follower_demo/nav2_gps_waypoint_follower_demo.egg-info\n'}
[1.097971] (nav2_gps_waypoint_follower_demo) StdoutLine: {'line': b'writing ../../../build/nav2_gps_waypoint_follower_demo/nav2_gps_waypoint_follower_demo.egg-info/PKG-INFO\n'}
[1.098194] (nav2_gps_waypoint_follower_demo) StdoutLine: {'line': b'writing dependency_links to ../../../build/nav2_gps_waypoint_follower_demo/nav2_gps_waypoint_follower_demo.egg-info/dependency_links.txt\n'}
[1.098331] (nav2_gps_waypoint_follower_demo) StdoutLine: {'line': b'writing entry points to ../../../build/nav2_gps_waypoint_follower_demo/nav2_gps_waypoint_follower_demo.egg-info/entry_points.txt\n'}
[1.098533] (nav2_gps_waypoint_follower_demo) StdoutLine: {'line': b'writing requirements to ../../../build/nav2_gps_waypoint_follower_demo/nav2_gps_waypoint_follower_demo.egg-info/requires.txt\n'}
[1.098825] (nav2_gps_waypoint_follower_demo) StdoutLine: {'line': b'writing top-level names to ../../../build/nav2_gps_waypoint_follower_demo/nav2_gps_waypoint_follower_demo.egg-info/top_level.txt\n'}
[1.098938] (nav2_gps_waypoint_follower_demo) StdoutLine: {'line': b"writing manifest file '../../../build/nav2_gps_waypoint_follower_demo/nav2_gps_waypoint_follower_demo.egg-info/SOURCES.txt'\n"}
[1.103047] (nav2_gps_waypoint_follower_demo) StdoutLine: {'line': b"reading manifest file '../../../build/nav2_gps_waypoint_follower_demo/nav2_gps_waypoint_follower_demo.egg-info/SOURCES.txt'\n"}
[1.103189] (nav2_gps_waypoint_follower_demo) StdoutLine: {'line': b"writing manifest file '../../../build/nav2_gps_waypoint_follower_demo/nav2_gps_waypoint_follower_demo.egg-info/SOURCES.txt'\n"}
[1.103273] (nav2_gps_waypoint_follower_demo) StdoutLine: {'line': b'running build\n'}
[1.103331] (nav2_gps_waypoint_follower_demo) StdoutLine: {'line': b'running build_py\n'}
[1.103384] (nav2_gps_waypoint_follower_demo) StdoutLine: {'line': b'creating /home/hiwilab/Project/DOG/ros2_ws/build/nav2_gps_waypoint_follower_demo/build\n'}
[1.103437] (nav2_gps_waypoint_follower_demo) StdoutLine: {'line': b'creating /home/hiwilab/Project/DOG/ros2_ws/build/nav2_gps_waypoint_follower_demo/build/lib\n'}
[1.103547] (nav2_gps_waypoint_follower_demo) StdoutLine: {'line': b'creating /home/hiwilab/Project/DOG/ros2_ws/build/nav2_gps_waypoint_follower_demo/build/lib/nav2_gps_waypoint_follower_demo\n'}
[1.103605] (nav2_gps_waypoint_follower_demo) StdoutLine: {'line': b'copying nav2_gps_waypoint_follower_demo/__init__.py -> /home/hiwilab/Project/DOG/ros2_ws/build/nav2_gps_waypoint_follower_demo/build/lib/nav2_gps_waypoint_follower_demo\n'}
[1.103671] (nav2_gps_waypoint_follower_demo) StdoutLine: {'line': b'copying nav2_gps_waypoint_follower_demo/interactive_waypoint_follower.py -> /home/hiwilab/Project/DOG/ros2_ws/build/nav2_gps_waypoint_follower_demo/build/lib/nav2_gps_waypoint_follower_demo\n'}
[1.103720] (nav2_gps_waypoint_follower_demo) StdoutLine: {'line': b'copying nav2_gps_waypoint_follower_demo/gps_waypoint_logger.py -> /home/hiwilab/Project/DOG/ros2_ws/build/nav2_gps_waypoint_follower_demo/build/lib/nav2_gps_waypoint_follower_demo\n'}
[1.103768] (nav2_gps_waypoint_follower_demo) StdoutLine: {'line': b'copying nav2_gps_waypoint_follower_demo/logged_waypoint_follower.py -> /home/hiwilab/Project/DOG/ros2_ws/build/nav2_gps_waypoint_follower_demo/build/lib/nav2_gps_waypoint_follower_demo\n'}
[1.103815] (nav2_gps_waypoint_follower_demo) StdoutLine: {'line': b'creating /home/hiwilab/Project/DOG/ros2_ws/build/nav2_gps_waypoint_follower_demo/build/lib/nav2_gps_waypoint_follower_demo/utils\n'}
[1.103884] (nav2_gps_waypoint_follower_demo) StdoutLine: {'line': b'copying nav2_gps_waypoint_follower_demo/utils/__init__.py -> /home/hiwilab/Project/DOG/ros2_ws/build/nav2_gps_waypoint_follower_demo/build/lib/nav2_gps_waypoint_follower_demo/utils\n'}
[1.103936] (nav2_gps_waypoint_follower_demo) StdoutLine: {'line': b'copying nav2_gps_waypoint_follower_demo/utils/gps_utils.py -> /home/hiwilab/Project/DOG/ros2_ws/build/nav2_gps_waypoint_follower_demo/build/lib/nav2_gps_waypoint_follower_demo/utils\n'}
[1.104000] (nav2_gps_waypoint_follower_demo) StdoutLine: {'line': b'running install\n'}
[1.106634] (nav2_gps_waypoint_follower_demo) StdoutLine: {'line': b'running install_lib\n'}
[1.106798] (-) TimerEvent: {}
[1.106929] (nav2_gps_waypoint_follower_demo) StdoutLine: {'line': b'creating /home/hiwilab/Project/DOG/ros2_ws/install/nav2_gps_waypoint_follower_demo/lib/python3.10/site-packages/nav2_gps_waypoint_follower_demo\n'}
[1.107020] (nav2_gps_waypoint_follower_demo) StdoutLine: {'line': b'copying /home/hiwilab/Project/DOG/ros2_ws/build/nav2_gps_waypoint_follower_demo/build/lib/nav2_gps_waypoint_follower_demo/__init__.py -> /home/hiwilab/Project/DOG/ros2_ws/install/nav2_gps_waypoint_follower_demo/lib/python3.10/site-packages/nav2_gps_waypoint_follower_demo\n'}
[1.107165] (nav2_gps_waypoint_follower_demo) StdoutLine: {'line': b'copying /home/hiwilab/Project/DOG/ros2_ws/build/nav2_gps_waypoint_follower_demo/build/lib/nav2_gps_waypoint_follower_demo/interactive_waypoint_follower.py -> /home/hiwilab/Project/DOG/ros2_ws/install/nav2_gps_waypoint_follower_demo/lib/python3.10/site-packages/nav2_gps_waypoint_follower_demo\n'}
[1.107257] (nav2_gps_waypoint_follower_demo) StdoutLine: {'line': b'creating /home/hiwilab/Project/DOG/ros2_ws/install/nav2_gps_waypoint_follower_demo/lib/python3.10/site-packages/nav2_gps_waypoint_follower_demo/utils\n'}
[1.107319] (nav2_gps_waypoint_follower_demo) StdoutLine: {'line': b'copying /home/hiwilab/Project/DOG/ros2_ws/build/nav2_gps_waypoint_follower_demo/build/lib/nav2_gps_waypoint_follower_demo/utils/__init__.py -> /home/hiwilab/Project/DOG/ros2_ws/install/nav2_gps_waypoint_follower_demo/lib/python3.10/site-packages/nav2_gps_waypoint_follower_demo/utils\n'}
[1.107388] (nav2_gps_waypoint_follower_demo) StdoutLine: {'line': b'copying /home/hiwilab/Project/DOG/ros2_ws/build/nav2_gps_waypoint_follower_demo/build/lib/nav2_gps_waypoint_follower_demo/utils/gps_utils.py -> /home/hiwilab/Project/DOG/ros2_ws/install/nav2_gps_waypoint_follower_demo/lib/python3.10/site-packages/nav2_gps_waypoint_follower_demo/utils\n'}
[1.107447] (nav2_gps_waypoint_follower_demo) StdoutLine: {'line': b'copying /home/hiwilab/Project/DOG/ros2_ws/build/nav2_gps_waypoint_follower_demo/build/lib/nav2_gps_waypoint_follower_demo/gps_waypoint_logger.py -> /home/hiwilab/Project/DOG/ros2_ws/install/nav2_gps_waypoint_follower_demo/lib/python3.10/site-packages/nav2_gps_waypoint_follower_demo\n'}
[1.107497] (nav2_gps_waypoint_follower_demo) StdoutLine: {'line': b'copying /home/hiwilab/Project/DOG/ros2_ws/build/nav2_gps_waypoint_follower_demo/build/lib/nav2_gps_waypoint_follower_demo/logged_waypoint_follower.py -> /home/hiwilab/Project/DOG/ros2_ws/install/nav2_gps_waypoint_follower_demo/lib/python3.10/site-packages/nav2_gps_waypoint_follower_demo\n'}
[1.107582] (nav2_gps_waypoint_follower_demo) StdoutLine: {'line': b'byte-compiling /home/hiwilab/Project/DOG/ros2_ws/install/nav2_gps_waypoint_follower_demo/lib/python3.10/site-packages/nav2_gps_waypoint_follower_demo/__init__.py to __init__.cpython-310.pyc\n'}
[1.108130] (nav2_gps_waypoint_follower_demo) StdoutLine: {'line': b'byte-compiling /home/hiwilab/Project/DOG/ros2_ws/install/nav2_gps_waypoint_follower_demo/lib/python3.10/site-packages/nav2_gps_waypoint_follower_demo/interactive_waypoint_follower.py to interactive_waypoint_follower.cpython-310.pyc\n'}
[1.108216] (nav2_gps_waypoint_follower_demo) StdoutLine: {'line': b'byte-compiling /home/hiwilab/Project/DOG/ros2_ws/install/nav2_gps_waypoint_follower_demo/lib/python3.10/site-packages/nav2_gps_waypoint_follower_demo/utils/__init__.py to __init__.cpython-310.pyc\n'}
[1.108273] (nav2_gps_waypoint_follower_demo) StdoutLine: {'line': b'byte-compiling /home/hiwilab/Project/DOG/ros2_ws/install/nav2_gps_waypoint_follower_demo/lib/python3.10/site-packages/nav2_gps_waypoint_follower_demo/utils/gps_utils.py to gps_utils.cpython-310.pyc\n'}
[1.108489] (nav2_gps_waypoint_follower_demo) StdoutLine: {'line': b'byte-compiling /home/hiwilab/Project/DOG/ros2_ws/install/nav2_gps_waypoint_follower_demo/lib/python3.10/site-packages/nav2_gps_waypoint_follower_demo/gps_waypoint_logger.py to gps_waypoint_logger.cpython-310.pyc\n'}
[1.109167] (nav2_gps_waypoint_follower_demo) StdoutLine: {'line': b'byte-compiling /home/hiwilab/Project/DOG/ros2_ws/install/nav2_gps_waypoint_follower_demo/lib/python3.10/site-packages/nav2_gps_waypoint_follower_demo/logged_waypoint_follower.py to logged_waypoint_follower.cpython-310.pyc\n'}
[1.109530] (nav2_gps_waypoint_follower_demo) StdoutLine: {'line': b'running install_data\n'}
[1.109610] (nav2_gps_waypoint_follower_demo) StdoutLine: {'line': b'creating /home/hiwilab/Project/DOG/ros2_ws/install/nav2_gps_waypoint_follower_demo/share/ament_index\n'}
[1.109782] (nav2_gps_waypoint_follower_demo) StdoutLine: {'line': b'creating /home/hiwilab/Project/DOG/ros2_ws/install/nav2_gps_waypoint_follower_demo/share/ament_index/resource_index\n'}
[1.109973] (nav2_gps_waypoint_follower_demo) StdoutLine: {'line': b'creating /home/hiwilab/Project/DOG/ros2_ws/install/nav2_gps_waypoint_follower_demo/share/ament_index/resource_index/packages\n'}
[1.110109] (nav2_gps_waypoint_follower_demo) StdoutLine: {'line': b'copying resource/nav2_gps_waypoint_follower_demo -> /home/hiwilab/Project/DOG/ros2_ws/install/nav2_gps_waypoint_follower_demo/share/ament_index/resource_index/packages\n'}
[1.110206] (nav2_gps_waypoint_follower_demo) StdoutLine: {'line': b'copying package.xml -> /home/hiwilab/Project/DOG/ros2_ws/install/nav2_gps_waypoint_follower_demo/share/nav2_gps_waypoint_follower_demo\n'}
[1.110317] (nav2_gps_waypoint_follower_demo) StdoutLine: {'line': b'creating /home/hiwilab/Project/DOG/ros2_ws/install/nav2_gps_waypoint_follower_demo/share/nav2_gps_waypoint_follower_demo/launch\n'}
[1.110477] (nav2_gps_waypoint_follower_demo) StdoutLine: {'line': b'copying launch/dual_ekf_navsat.launch.py -> /home/hiwilab/Project/DOG/ros2_ws/install/nav2_gps_waypoint_follower_demo/share/nav2_gps_waypoint_follower_demo/launch\n'}
[1.110556] (nav2_gps_waypoint_follower_demo) StdoutLine: {'line': b'copying launch/gazebo_gps_world.launch.py -> /home/hiwilab/Project/DOG/ros2_ws/install/nav2_gps_waypoint_follower_demo/share/nav2_gps_waypoint_follower_demo/launch\n'}
[1.110664] (nav2_gps_waypoint_follower_demo) StdoutLine: {'line': b'copying launch/gps_waypoint_follower.launch.py -> /home/hiwilab/Project/DOG/ros2_ws/install/nav2_gps_waypoint_follower_demo/share/nav2_gps_waypoint_follower_demo/launch\n'}
[1.110747] (nav2_gps_waypoint_follower_demo) StdoutLine: {'line': b'copying launch/mapviz.launch.py -> /home/hiwilab/Project/DOG/ros2_ws/install/nav2_gps_waypoint_follower_demo/share/nav2_gps_waypoint_follower_demo/launch\n'}
[1.110818] (nav2_gps_waypoint_follower_demo) StdoutLine: {'line': b'creating /home/hiwilab/Project/DOG/ros2_ws/install/nav2_gps_waypoint_follower_demo/share/nav2_gps_waypoint_follower_demo/config\n'}
[1.110892] (nav2_gps_waypoint_follower_demo) StdoutLine: {'line': b'copying config/demo_waypoints.yaml -> /home/hiwilab/Project/DOG/ros2_ws/install/nav2_gps_waypoint_follower_demo/share/nav2_gps_waypoint_follower_demo/config\n'}
[1.110974] (nav2_gps_waypoint_follower_demo) StdoutLine: {'line': b'copying config/nav2_no_map_params.yaml -> /home/hiwilab/Project/DOG/ros2_ws/install/nav2_gps_waypoint_follower_demo/share/nav2_gps_waypoint_follower_demo/config\n'}
[1.111043] (nav2_gps_waypoint_follower_demo) StdoutLine: {'line': b'copying config/gps_wpf_demo.mvc -> /home/hiwilab/Project/DOG/ros2_ws/install/nav2_gps_waypoint_follower_demo/share/nav2_gps_waypoint_follower_demo/config\n'}
[1.111111] (nav2_gps_waypoint_follower_demo) StdoutLine: {'line': b'copying config/dual_ekf_navsat_params.yaml -> /home/hiwilab/Project/DOG/ros2_ws/install/nav2_gps_waypoint_follower_demo/share/nav2_gps_waypoint_follower_demo/config\n'}
[1.111178] (nav2_gps_waypoint_follower_demo) StdoutLine: {'line': b'creating /home/hiwilab/Project/DOG/ros2_ws/install/nav2_gps_waypoint_follower_demo/share/nav2_gps_waypoint_follower_demo/urdf\n'}
[1.111299] (nav2_gps_waypoint_follower_demo) StdoutLine: {'line': b'copying urdf/turtlebot3_waffle_gps.urdf -> /home/hiwilab/Project/DOG/ros2_ws/install/nav2_gps_waypoint_follower_demo/share/nav2_gps_waypoint_follower_demo/urdf\n'}
[1.111384] (nav2_gps_waypoint_follower_demo) StdoutLine: {'line': b'creating /home/hiwilab/Project/DOG/ros2_ws/install/nav2_gps_waypoint_follower_demo/share/nav2_gps_waypoint_follower_demo/worlds\n'}
[1.111500] (nav2_gps_waypoint_follower_demo) StdoutLine: {'line': b'copying worlds/sonoma_raceway.world -> /home/hiwilab/Project/DOG/ros2_ws/install/nav2_gps_waypoint_follower_demo/share/nav2_gps_waypoint_follower_demo/worlds\n'}
[1.111628] (nav2_gps_waypoint_follower_demo) StdoutLine: {'line': b'creating /home/hiwilab/Project/DOG/ros2_ws/install/nav2_gps_waypoint_follower_demo/share/nav2_gps_waypoint_follower_demo/models\n'}
[1.111726] (nav2_gps_waypoint_follower_demo) StdoutLine: {'line': b'creating /home/hiwilab/Project/DOG/ros2_ws/install/nav2_gps_waypoint_follower_demo/share/nav2_gps_waypoint_follower_demo/models/turtlebot_waffle_gps\n'}
[1.111841] (nav2_gps_waypoint_follower_demo) StdoutLine: {'line': b'copying models/turtlebot_waffle_gps/model.config -> /home/hiwilab/Project/DOG/ros2_ws/install/nav2_gps_waypoint_follower_demo/share/nav2_gps_waypoint_follower_demo/models/turtlebot_waffle_gps\n'}
[1.111913] (nav2_gps_waypoint_follower_demo) StdoutLine: {'line': b'copying models/turtlebot_waffle_gps/model.sdf -> /home/hiwilab/Project/DOG/ros2_ws/install/nav2_gps_waypoint_follower_demo/share/nav2_gps_waypoint_follower_demo/models/turtlebot_waffle_gps\n'}
[1.111981] (nav2_gps_waypoint_follower_demo) StdoutLine: {'line': b'running install_egg_info\n'}
[1.113717] (nav2_gps_waypoint_follower_demo) StdoutLine: {'line': b'Copying ../../../build/nav2_gps_waypoint_follower_demo/nav2_gps_waypoint_follower_demo.egg-info to /home/hiwilab/Project/DOG/ros2_ws/install/nav2_gps_waypoint_follower_demo/lib/python3.10/site-packages/nav2_gps_waypoint_follower_demo-0.0.1-py3.10.egg-info\n'}
[1.114459] (nav2_gps_waypoint_follower_demo) StdoutLine: {'line': b'running install_scripts\n'}
[1.134038] (nav2_gps_waypoint_follower_demo) StdoutLine: {'line': b'Installing gps_waypoint_logger script to /home/hiwilab/Project/DOG/ros2_ws/install/nav2_gps_waypoint_follower_demo/lib/nav2_gps_waypoint_follower_demo\n'}
[1.134303] (nav2_gps_waypoint_follower_demo) StdoutLine: {'line': b'Installing interactive_waypoint_follower script to /home/hiwilab/Project/DOG/ros2_ws/install/nav2_gps_waypoint_follower_demo/lib/nav2_gps_waypoint_follower_demo\n'}
[1.134481] (nav2_gps_waypoint_follower_demo) StdoutLine: {'line': b'Installing logged_waypoint_follower script to /home/hiwilab/Project/DOG/ros2_ws/install/nav2_gps_waypoint_follower_demo/lib/nav2_gps_waypoint_follower_demo\n'}
[1.134887] (nav2_gps_waypoint_follower_demo) StdoutLine: {'line': b"writing list of installed files to '/home/hiwilab/Project/DOG/ros2_ws/build/nav2_gps_waypoint_follower_demo/install.log'\n"}
[1.168170] (nav2_gps_waypoint_follower_demo) CommandEnded: {'returncode': 0}
[1.171140] (nav2_gps_waypoint_follower_demo) JobEnded: {'identifier': 'nav2_gps_waypoint_follower_demo', 'rc': 0}
[1.171912] (-) EventReactorShutdown: {}
