[1.326s] Invoking command in '/home/hiwilab/Project/DOG/ros2_ws/src/go2_robot_sdk': PYTHONPATH=/home/hiwilab/Project/DOG/ros2_ws/build/go2_robot_sdk/prefix_override:/usr/lib/python3/dist-packages/colcon_core/task/python/colcon_distutils_commands:/home/hiwilab/Project/DOG/ros2_ws/install/go2_robot_sdk/lib/python3.10/site-packages:${PYTHONPATH} /usr/bin/python3 -W ignore:setup.py install is deprecated -W ignore:easy_install command is deprecated setup.py egg_info --egg-base ../../build/go2_robot_sdk build --build-base /home/hiwilab/Project/DOG/ros2_ws/build/go2_robot_sdk/build install --record /home/hiwilab/Project/DOG/ros2_ws/build/go2_robot_sdk/install.log --single-version-externally-managed install_data
[1.560s] running egg_info
[1.560s] creating ../../build/go2_robot_sdk/go2_robot_sdk.egg-info
[1.561s] writing ../../build/go2_robot_sdk/go2_robot_sdk.egg-info/PKG-INFO
[1.561s] writing dependency_links to ../../build/go2_robot_sdk/go2_robot_sdk.egg-info/dependency_links.txt
[1.561s] writing entry points to ../../build/go2_robot_sdk/go2_robot_sdk.egg-info/entry_points.txt
[1.561s] writing requirements to ../../build/go2_robot_sdk/go2_robot_sdk.egg-info/requires.txt
[1.561s] writing top-level names to ../../build/go2_robot_sdk/go2_robot_sdk.egg-info/top_level.txt
[1.561s] writing manifest file '../../build/go2_robot_sdk/go2_robot_sdk.egg-info/SOURCES.txt'
[1.563s] reading manifest file '../../build/go2_robot_sdk/go2_robot_sdk.egg-info/SOURCES.txt'
[1.563s] adding license file 'LICENSE'
[1.564s] writing manifest file '../../build/go2_robot_sdk/go2_robot_sdk.egg-info/SOURCES.txt'
[1.564s] running build
[1.564s] running build_py
[1.564s] creating /home/hiwilab/Project/DOG/ros2_ws/build/go2_robot_sdk/build
[1.565s] creating /home/hiwilab/Project/DOG/ros2_ws/build/go2_robot_sdk/build/lib
[1.565s] creating /home/hiwilab/Project/DOG/ros2_ws/build/go2_robot_sdk/build/lib/go2_robot_sdk
[1.565s] copying go2_robot_sdk/imu_converter_node.py -> /home/hiwilab/Project/DOG/ros2_ws/build/go2_robot_sdk/build/lib/go2_robot_sdk
[1.565s] copying go2_robot_sdk/tts.py -> /home/hiwilab/Project/DOG/ros2_ws/build/go2_robot_sdk/build/lib/go2_robot_sdk
[1.565s] copying go2_robot_sdk/stt2.py -> /home/hiwilab/Project/DOG/ros2_ws/build/go2_robot_sdk/build/lib/go2_robot_sdk
[1.566s] copying go2_robot_sdk/auto_datum_setter.py -> /home/hiwilab/Project/DOG/ros2_ws/build/go2_robot_sdk/build/lib/go2_robot_sdk
[1.566s] copying go2_robot_sdk/__init__.py -> /home/hiwilab/Project/DOG/ros2_ws/build/go2_robot_sdk/build/lib/go2_robot_sdk
[1.566s] copying go2_robot_sdk/lidar_to_point.py -> /home/hiwilab/Project/DOG/ros2_ws/build/go2_robot_sdk/build/lib/go2_robot_sdk
[1.566s] copying go2_robot_sdk/stt.py -> /home/hiwilab/Project/DOG/ros2_ws/build/go2_robot_sdk/build/lib/go2_robot_sdk
[1.566s] copying go2_robot_sdk/gps.py -> /home/hiwilab/Project/DOG/ros2_ws/build/go2_robot_sdk/build/lib/go2_robot_sdk
[1.566s] copying go2_robot_sdk/go2_driver_node.py -> /home/hiwilab/Project/DOG/ros2_ws/build/go2_robot_sdk/build/lib/go2_robot_sdk
[1.566s] creating /home/hiwilab/Project/DOG/ros2_ws/build/go2_robot_sdk/build/lib/scripts
[1.566s] copying scripts/webrtc_driver.py -> /home/hiwilab/Project/DOG/ros2_ws/build/go2_robot_sdk/build/lib/scripts
[1.567s] copying scripts/go2_lidar_decoder.py -> /home/hiwilab/Project/DOG/ros2_ws/build/go2_robot_sdk/build/lib/scripts
[1.567s] copying scripts/unitree_auth.py -> /home/hiwilab/Project/DOG/ros2_ws/build/go2_robot_sdk/build/lib/scripts
[1.567s] copying scripts/go2_math.py -> /home/hiwilab/Project/DOG/ros2_ws/build/go2_robot_sdk/build/lib/scripts
[1.567s] copying scripts/__init__.py -> /home/hiwilab/Project/DOG/ros2_ws/build/go2_robot_sdk/build/lib/scripts
[1.567s] copying scripts/go2_camerainfo.py -> /home/hiwilab/Project/DOG/ros2_ws/build/go2_robot_sdk/build/lib/scripts
[1.568s] copying scripts/go2_func.py -> /home/hiwilab/Project/DOG/ros2_ws/build/go2_robot_sdk/build/lib/scripts
[1.568s] copying scripts/util.py -> /home/hiwilab/Project/DOG/ros2_ws/build/go2_robot_sdk/build/lib/scripts
[1.569s] copying scripts/encryption.py -> /home/hiwilab/Project/DOG/ros2_ws/build/go2_robot_sdk/build/lib/scripts
[1.569s] copying scripts/constants.py -> /home/hiwilab/Project/DOG/ros2_ws/build/go2_robot_sdk/build/lib/scripts
[1.569s] copying scripts/go2_constants.py -> /home/hiwilab/Project/DOG/ros2_ws/build/go2_robot_sdk/build/lib/scripts
[1.569s] running install
[1.569s] running install_lib
[1.569s] creating /home/hiwilab/Project/DOG/ros2_ws/install/go2_robot_sdk/lib/python3.10/site-packages/go2_robot_sdk
[1.570s] copying /home/hiwilab/Project/DOG/ros2_ws/build/go2_robot_sdk/build/lib/go2_robot_sdk/imu_converter_node.py -> /home/hiwilab/Project/DOG/ros2_ws/install/go2_robot_sdk/lib/python3.10/site-packages/go2_robot_sdk
[1.570s] copying /home/hiwilab/Project/DOG/ros2_ws/build/go2_robot_sdk/build/lib/go2_robot_sdk/tts.py -> /home/hiwilab/Project/DOG/ros2_ws/install/go2_robot_sdk/lib/python3.10/site-packages/go2_robot_sdk
[1.570s] copying /home/hiwilab/Project/DOG/ros2_ws/build/go2_robot_sdk/build/lib/go2_robot_sdk/stt2.py -> /home/hiwilab/Project/DOG/ros2_ws/install/go2_robot_sdk/lib/python3.10/site-packages/go2_robot_sdk
[1.570s] copying /home/hiwilab/Project/DOG/ros2_ws/build/go2_robot_sdk/build/lib/go2_robot_sdk/auto_datum_setter.py -> /home/hiwilab/Project/DOG/ros2_ws/install/go2_robot_sdk/lib/python3.10/site-packages/go2_robot_sdk
[1.570s] copying /home/hiwilab/Project/DOG/ros2_ws/build/go2_robot_sdk/build/lib/go2_robot_sdk/__init__.py -> /home/hiwilab/Project/DOG/ros2_ws/install/go2_robot_sdk/lib/python3.10/site-packages/go2_robot_sdk
[1.570s] copying /home/hiwilab/Project/DOG/ros2_ws/build/go2_robot_sdk/build/lib/go2_robot_sdk/lidar_to_point.py -> /home/hiwilab/Project/DOG/ros2_ws/install/go2_robot_sdk/lib/python3.10/site-packages/go2_robot_sdk
[1.571s] copying /home/hiwilab/Project/DOG/ros2_ws/build/go2_robot_sdk/build/lib/go2_robot_sdk/stt.py -> /home/hiwilab/Project/DOG/ros2_ws/install/go2_robot_sdk/lib/python3.10/site-packages/go2_robot_sdk
[1.571s] copying /home/hiwilab/Project/DOG/ros2_ws/build/go2_robot_sdk/build/lib/go2_robot_sdk/gps.py -> /home/hiwilab/Project/DOG/ros2_ws/install/go2_robot_sdk/lib/python3.10/site-packages/go2_robot_sdk
[1.571s] copying /home/hiwilab/Project/DOG/ros2_ws/build/go2_robot_sdk/build/lib/go2_robot_sdk/go2_driver_node.py -> /home/hiwilab/Project/DOG/ros2_ws/install/go2_robot_sdk/lib/python3.10/site-packages/go2_robot_sdk
[1.571s] creating /home/hiwilab/Project/DOG/ros2_ws/install/go2_robot_sdk/lib/python3.10/site-packages/scripts
[1.571s] copying /home/hiwilab/Project/DOG/ros2_ws/build/go2_robot_sdk/build/lib/scripts/webrtc_driver.py -> /home/hiwilab/Project/DOG/ros2_ws/install/go2_robot_sdk/lib/python3.10/site-packages/scripts
[1.571s] copying /home/hiwilab/Project/DOG/ros2_ws/build/go2_robot_sdk/build/lib/scripts/go2_lidar_decoder.py -> /home/hiwilab/Project/DOG/ros2_ws/install/go2_robot_sdk/lib/python3.10/site-packages/scripts
[1.571s] copying /home/hiwilab/Project/DOG/ros2_ws/build/go2_robot_sdk/build/lib/scripts/unitree_auth.py -> /home/hiwilab/Project/DOG/ros2_ws/install/go2_robot_sdk/lib/python3.10/site-packages/scripts
[1.572s] copying /home/hiwilab/Project/DOG/ros2_ws/build/go2_robot_sdk/build/lib/scripts/go2_math.py -> /home/hiwilab/Project/DOG/ros2_ws/install/go2_robot_sdk/lib/python3.10/site-packages/scripts
[1.572s] copying /home/hiwilab/Project/DOG/ros2_ws/build/go2_robot_sdk/build/lib/scripts/__init__.py -> /home/hiwilab/Project/DOG/ros2_ws/install/go2_robot_sdk/lib/python3.10/site-packages/scripts
[1.572s] copying /home/hiwilab/Project/DOG/ros2_ws/build/go2_robot_sdk/build/lib/scripts/go2_camerainfo.py -> /home/hiwilab/Project/DOG/ros2_ws/install/go2_robot_sdk/lib/python3.10/site-packages/scripts
[1.572s] copying /home/hiwilab/Project/DOG/ros2_ws/build/go2_robot_sdk/build/lib/scripts/go2_func.py -> /home/hiwilab/Project/DOG/ros2_ws/install/go2_robot_sdk/lib/python3.10/site-packages/scripts
[1.572s] copying /home/hiwilab/Project/DOG/ros2_ws/build/go2_robot_sdk/build/lib/scripts/util.py -> /home/hiwilab/Project/DOG/ros2_ws/install/go2_robot_sdk/lib/python3.10/site-packages/scripts
[1.572s] copying /home/hiwilab/Project/DOG/ros2_ws/build/go2_robot_sdk/build/lib/scripts/encryption.py -> /home/hiwilab/Project/DOG/ros2_ws/install/go2_robot_sdk/lib/python3.10/site-packages/scripts
[1.573s] copying /home/hiwilab/Project/DOG/ros2_ws/build/go2_robot_sdk/build/lib/scripts/constants.py -> /home/hiwilab/Project/DOG/ros2_ws/install/go2_robot_sdk/lib/python3.10/site-packages/scripts
[1.573s] copying /home/hiwilab/Project/DOG/ros2_ws/build/go2_robot_sdk/build/lib/scripts/go2_constants.py -> /home/hiwilab/Project/DOG/ros2_ws/install/go2_robot_sdk/lib/python3.10/site-packages/scripts
[1.573s] byte-compiling /home/hiwilab/Project/DOG/ros2_ws/install/go2_robot_sdk/lib/python3.10/site-packages/go2_robot_sdk/imu_converter_node.py to imu_converter_node.cpython-310.pyc
[1.574s] byte-compiling /home/hiwilab/Project/DOG/ros2_ws/install/go2_robot_sdk/lib/python3.10/site-packages/go2_robot_sdk/tts.py to tts.cpython-310.pyc
[1.575s] byte-compiling /home/hiwilab/Project/DOG/ros2_ws/install/go2_robot_sdk/lib/python3.10/site-packages/go2_robot_sdk/stt2.py to stt2.cpython-310.pyc
[1.575s] byte-compiling /home/hiwilab/Project/DOG/ros2_ws/install/go2_robot_sdk/lib/python3.10/site-packages/go2_robot_sdk/auto_datum_setter.py to auto_datum_setter.cpython-310.pyc
[1.575s] byte-compiling /home/hiwilab/Project/DOG/ros2_ws/install/go2_robot_sdk/lib/python3.10/site-packages/go2_robot_sdk/__init__.py to __init__.cpython-310.pyc
[1.576s] byte-compiling /home/hiwilab/Project/DOG/ros2_ws/install/go2_robot_sdk/lib/python3.10/site-packages/go2_robot_sdk/lidar_to_point.py to lidar_to_point.cpython-310.pyc
[1.576s] byte-compiling /home/hiwilab/Project/DOG/ros2_ws/install/go2_robot_sdk/lib/python3.10/site-packages/go2_robot_sdk/stt.py to stt.cpython-310.pyc
[1.577s] byte-compiling /home/hiwilab/Project/DOG/ros2_ws/install/go2_robot_sdk/lib/python3.10/site-packages/go2_robot_sdk/gps.py to gps.cpython-310.pyc
[1.579s] byte-compiling /home/hiwilab/Project/DOG/ros2_ws/install/go2_robot_sdk/lib/python3.10/site-packages/go2_robot_sdk/go2_driver_node.py to go2_driver_node.cpython-310.pyc
[1.584s] byte-compiling /home/hiwilab/Project/DOG/ros2_ws/install/go2_robot_sdk/lib/python3.10/site-packages/scripts/webrtc_driver.py to webrtc_driver.cpython-310.pyc
[1.585s] byte-compiling /home/hiwilab/Project/DOG/ros2_ws/install/go2_robot_sdk/lib/python3.10/site-packages/scripts/go2_lidar_decoder.py to go2_lidar_decoder.cpython-310.pyc
[1.586s] byte-compiling /home/hiwilab/Project/DOG/ros2_ws/install/go2_robot_sdk/lib/python3.10/site-packages/scripts/unitree_auth.py to unitree_auth.cpython-310.pyc
[1.587s] byte-compiling /home/hiwilab/Project/DOG/ros2_ws/install/go2_robot_sdk/lib/python3.10/site-packages/scripts/go2_math.py to go2_math.cpython-310.pyc
[1.588s] byte-compiling /home/hiwilab/Project/DOG/ros2_ws/install/go2_robot_sdk/lib/python3.10/site-packages/scripts/__init__.py to __init__.cpython-310.pyc
[1.588s] byte-compiling /home/hiwilab/Project/DOG/ros2_ws/install/go2_robot_sdk/lib/python3.10/site-packages/scripts/go2_camerainfo.py to go2_camerainfo.cpython-310.pyc
[1.588s] byte-compiling /home/hiwilab/Project/DOG/ros2_ws/install/go2_robot_sdk/lib/python3.10/site-packages/scripts/go2_func.py to go2_func.cpython-310.pyc
[1.589s] byte-compiling /home/hiwilab/Project/DOG/ros2_ws/install/go2_robot_sdk/lib/python3.10/site-packages/scripts/util.py to util.cpython-310.pyc
[1.589s] byte-compiling /home/hiwilab/Project/DOG/ros2_ws/install/go2_robot_sdk/lib/python3.10/site-packages/scripts/encryption.py to encryption.cpython-310.pyc
[1.590s] byte-compiling /home/hiwilab/Project/DOG/ros2_ws/install/go2_robot_sdk/lib/python3.10/site-packages/scripts/constants.py to constants.cpython-310.pyc
[1.590s] byte-compiling /home/hiwilab/Project/DOG/ros2_ws/install/go2_robot_sdk/lib/python3.10/site-packages/scripts/go2_constants.py to go2_constants.cpython-310.pyc
[1.591s] running install_data
[1.591s] creating /home/hiwilab/Project/DOG/ros2_ws/install/go2_robot_sdk/share/ament_index
[1.591s] creating /home/hiwilab/Project/DOG/ros2_ws/install/go2_robot_sdk/share/ament_index/resource_index
[1.591s] creating /home/hiwilab/Project/DOG/ros2_ws/install/go2_robot_sdk/share/ament_index/resource_index/packages
[1.591s] copying resource/go2_robot_sdk -> /home/hiwilab/Project/DOG/ros2_ws/install/go2_robot_sdk/share/ament_index/resource_index/packages
[1.592s] copying package.xml -> /home/hiwilab/Project/DOG/ros2_ws/install/go2_robot_sdk/share/go2_robot_sdk
[1.592s] creating /home/hiwilab/Project/DOG/ros2_ws/install/go2_robot_sdk/share/go2_robot_sdk/launch
[1.592s] copying launch/webrtc_web.launch.py -> /home/hiwilab/Project/DOG/ros2_ws/install/go2_robot_sdk/share/go2_robot_sdk/launch
[1.592s] copying launch/robot.launch.py -> /home/hiwilab/Project/DOG/ros2_ws/install/go2_robot_sdk/share/go2_robot_sdk/launch
[1.592s] creating /home/hiwilab/Project/DOG/ros2_ws/install/go2_robot_sdk/share/go2_robot_sdk/urdf
[1.593s] copying urdf/go2_with_realsense.urdf -> /home/hiwilab/Project/DOG/ros2_ws/install/go2_robot_sdk/share/go2_robot_sdk/urdf
[1.593s] copying urdf/go2_on_steroids.urdf -> /home/hiwilab/Project/DOG/ros2_ws/install/go2_robot_sdk/share/go2_robot_sdk/urdf
[1.593s] copying urdf/multi_go2.urdf -> /home/hiwilab/Project/DOG/ros2_ws/install/go2_robot_sdk/share/go2_robot_sdk/urdf
[1.593s] copying urdf/go2.urdf -> /home/hiwilab/Project/DOG/ros2_ws/install/go2_robot_sdk/share/go2_robot_sdk/urdf
[1.593s] creating /home/hiwilab/Project/DOG/ros2_ws/install/go2_robot_sdk/share/go2_robot_sdk/dae
[1.593s] copying dae/calf_mirror.dae -> /home/hiwilab/Project/DOG/ros2_ws/install/go2_robot_sdk/share/go2_robot_sdk/dae
[1.595s] copying dae/thigh_mirror.dae -> /home/hiwilab/Project/DOG/ros2_ws/install/go2_robot_sdk/share/go2_robot_sdk/dae
[1.597s] copying dae/foot.dae -> /home/hiwilab/Project/DOG/ros2_ws/install/go2_robot_sdk/share/go2_robot_sdk/dae
[1.598s] copying dae/calf.dae -> /home/hiwilab/Project/DOG/ros2_ws/install/go2_robot_sdk/share/go2_robot_sdk/dae
[1.599s] copying dae/base.dae -> /home/hiwilab/Project/DOG/ros2_ws/install/go2_robot_sdk/share/go2_robot_sdk/dae
[1.606s] copying dae/hip.dae -> /home/hiwilab/Project/DOG/ros2_ws/install/go2_robot_sdk/share/go2_robot_sdk/dae
[1.609s] copying dae/thigh.dae -> /home/hiwilab/Project/DOG/ros2_ws/install/go2_robot_sdk/share/go2_robot_sdk/dae
[1.611s] creating /home/hiwilab/Project/DOG/ros2_ws/install/go2_robot_sdk/share/go2_robot_sdk/meshes
[1.612s] copying meshes/right_d_camera.STL -> /home/hiwilab/Project/DOG/ros2_ws/install/go2_robot_sdk/share/go2_robot_sdk/meshes
[1.612s] copying meshes/front_d_camera.STL -> /home/hiwilab/Project/DOG/ros2_ws/install/go2_robot_sdk/share/go2_robot_sdk/meshes
[1.612s] copying meshes/left_d_camera.STL -> /home/hiwilab/Project/DOG/ros2_ws/install/go2_robot_sdk/share/go2_robot_sdk/meshes
[1.612s] copying meshes/lidar_link.STL -> /home/hiwilab/Project/DOG/ros2_ws/install/go2_robot_sdk/share/go2_robot_sdk/meshes
[1.612s] copying meshes/base.STL -> /home/hiwilab/Project/DOG/ros2_ws/install/go2_robot_sdk/share/go2_robot_sdk/meshes
[1.619s] creating /home/hiwilab/Project/DOG/ros2_ws/install/go2_robot_sdk/share/go2_robot_sdk/config
[1.619s] copying config/twist_mux.yaml -> /home/hiwilab/Project/DOG/ros2_ws/install/go2_robot_sdk/share/go2_robot_sdk/config
[1.619s] copying config/cyclonedds_config.rviz -> /home/hiwilab/Project/DOG/ros2_ws/install/go2_robot_sdk/share/go2_robot_sdk/config
[1.620s] copying config/navsat_config.yaml -> /home/hiwilab/Project/DOG/ros2_ws/install/go2_robot_sdk/share/go2_robot_sdk/config
[1.620s] copying config/testmap.pgm:Zone.Identifier -> /home/hiwilab/Project/DOG/ros2_ws/install/go2_robot_sdk/share/go2_robot_sdk/config
[1.620s] copying config/testmap.pgm -> /home/hiwilab/Project/DOG/ros2_ws/install/go2_robot_sdk/share/go2_robot_sdk/config
[1.703s] copying config/joystick.yaml -> /home/hiwilab/Project/DOG/ros2_ws/install/go2_robot_sdk/share/go2_robot_sdk/config
[1.703s] copying config/ekf_global.yaml -> /home/hiwilab/Project/DOG/ros2_ws/install/go2_robot_sdk/share/go2_robot_sdk/config
[1.703s] copying config/mapper_params_online_async.yaml -> /home/hiwilab/Project/DOG/ros2_ws/install/go2_robot_sdk/share/go2_robot_sdk/config
[1.703s] copying config/testmap.yaml:Zone.Identifier -> /home/hiwilab/Project/DOG/ros2_ws/install/go2_robot_sdk/share/go2_robot_sdk/config
[1.704s] copying config/testmap.yaml -> /home/hiwilab/Project/DOG/ros2_ws/install/go2_robot_sdk/share/go2_robot_sdk/config
[1.704s] copying config/multi_robot_conf.rviz -> /home/hiwilab/Project/DOG/ros2_ws/install/go2_robot_sdk/share/go2_robot_sdk/config
[1.704s] copying config/ekf_local.yaml -> /home/hiwilab/Project/DOG/ros2_ws/install/go2_robot_sdk/share/go2_robot_sdk/config
[1.704s] copying config/single_robot_conf.rviz -> /home/hiwilab/Project/DOG/ros2_ws/install/go2_robot_sdk/share/go2_robot_sdk/config
[1.704s] copying config/nav2_params.yaml -> /home/hiwilab/Project/DOG/ros2_ws/install/go2_robot_sdk/share/go2_robot_sdk/config
[1.704s] creating /home/hiwilab/Project/DOG/ros2_ws/install/go2_robot_sdk/share/go2_robot_sdk/calibration
[1.705s] copying calibration/front_camera.yaml -> /home/hiwilab/Project/DOG/ros2_ws/install/go2_robot_sdk/share/go2_robot_sdk/calibration
[1.705s] creating /home/hiwilab/Project/DOG/ros2_ws/install/go2_robot_sdk/share/go2_robot_sdk/external_lib
[1.705s] copying external_lib/libvoxel.wasm -> /home/hiwilab/Project/DOG/ros2_ws/install/go2_robot_sdk/share/go2_robot_sdk/external_lib
[1.705s] creating /home/hiwilab/Project/DOG/ros2_ws/install/go2_robot_sdk/share/go2_robot_sdk/external_lib/aioice
[1.705s] copying external_lib/aioice/src/aioice/py.typed -> /home/hiwilab/Project/DOG/ros2_ws/install/go2_robot_sdk/share/go2_robot_sdk/external_lib/aioice
[1.705s] copying external_lib/aioice/src/aioice/ice.py -> /home/hiwilab/Project/DOG/ros2_ws/install/go2_robot_sdk/share/go2_robot_sdk/external_lib/aioice
[1.705s] copying external_lib/aioice/src/aioice/mdns.py -> /home/hiwilab/Project/DOG/ros2_ws/install/go2_robot_sdk/share/go2_robot_sdk/external_lib/aioice
[1.706s] copying external_lib/aioice/src/aioice/__init__.py -> /home/hiwilab/Project/DOG/ros2_ws/install/go2_robot_sdk/share/go2_robot_sdk/external_lib/aioice
[1.706s] copying external_lib/aioice/src/aioice/candidate.py -> /home/hiwilab/Project/DOG/ros2_ws/install/go2_robot_sdk/share/go2_robot_sdk/external_lib/aioice
[1.706s] copying external_lib/aioice/src/aioice/stun.py -> /home/hiwilab/Project/DOG/ros2_ws/install/go2_robot_sdk/share/go2_robot_sdk/external_lib/aioice
[1.706s] copying external_lib/aioice/src/aioice/turn.py -> /home/hiwilab/Project/DOG/ros2_ws/install/go2_robot_sdk/share/go2_robot_sdk/external_lib/aioice
[1.706s] copying external_lib/aioice/src/aioice/utils.py -> /home/hiwilab/Project/DOG/ros2_ws/install/go2_robot_sdk/share/go2_robot_sdk/external_lib/aioice
[1.706s] running install_egg_info
[1.708s] Copying ../../build/go2_robot_sdk/go2_robot_sdk.egg-info to /home/hiwilab/Project/DOG/ros2_ws/install/go2_robot_sdk/lib/python3.10/site-packages/go2_robot_sdk-0.0.0-py3.10.egg-info
[1.709s] running install_scripts
[1.728s] Installing go2_driver_node script to /home/hiwilab/Project/DOG/ros2_ws/install/go2_robot_sdk/lib/go2_robot_sdk
[1.728s] Installing gps_node script to /home/hiwilab/Project/DOG/ros2_ws/install/go2_robot_sdk/lib/go2_robot_sdk
[1.728s] Installing imu_converter_node script to /home/hiwilab/Project/DOG/ros2_ws/install/go2_robot_sdk/lib/go2_robot_sdk
[1.729s] Installing lidar_to_pointcloud script to /home/hiwilab/Project/DOG/ros2_ws/install/go2_robot_sdk/lib/go2_robot_sdk
[1.729s] Installing stt_node script to /home/hiwilab/Project/DOG/ros2_ws/install/go2_robot_sdk/lib/go2_robot_sdk
[1.729s] Installing tts_node script to /home/hiwilab/Project/DOG/ros2_ws/install/go2_robot_sdk/lib/go2_robot_sdk
[1.729s] writing list of installed files to '/home/hiwilab/Project/DOG/ros2_ws/build/go2_robot_sdk/install.log'
[1.753s] Invoked command in '/home/hiwilab/Project/DOG/ros2_ws/src/go2_robot_sdk' returned '0': PYTHONPATH=/home/hiwilab/Project/DOG/ros2_ws/build/go2_robot_sdk/prefix_override:/usr/lib/python3/dist-packages/colcon_core/task/python/colcon_distutils_commands:/home/hiwilab/Project/DOG/ros2_ws/install/go2_robot_sdk/lib/python3.10/site-packages:${PYTHONPATH} /usr/bin/python3 -W ignore:setup.py install is deprecated -W ignore:easy_install command is deprecated setup.py egg_info --egg-base ../../build/go2_robot_sdk build --build-base /home/hiwilab/Project/DOG/ros2_ws/build/go2_robot_sdk/build install --record /home/hiwilab/Project/DOG/ros2_ws/build/go2_robot_sdk/install.log --single-version-externally-managed install_data
