[0.996s] Invoking command in '/home/hiwilab/Project/DOG/ros2_ws/src/go2_gps_nav': PYTHONPATH=/home/hiwilab/Project/DOG/ros2_ws/build/go2_gps_nav/prefix_override:/usr/lib/python3/dist-packages/colcon_core/task/python/colcon_distutils_commands:/home/hiwilab/Project/DOG/ros2_ws/install/go2_gps_nav/lib/python3.10/site-packages:${PYTHONPATH} /usr/bin/python3 -W ignore:setup.py install is deprecated -W ignore:easy_install command is deprecated setup.py egg_info --egg-base ../../build/go2_gps_nav build --build-base /home/hiwilab/Project/DOG/ros2_ws/build/go2_gps_nav/build install --record /home/hiwilab/Project/DOG/ros2_ws/build/go2_gps_nav/install.log --install-scripts $base/lib/go2_gps_nav --single-version-externally-managed install_data
[1.266s] /usr/lib/python3/dist-packages/setuptools/dist.py:723: UserWarning: Usage of dash-separated 'script-dir' will not be supported in future versions. Please use the underscore name 'script_dir' instead
[1.266s]   warnings.warn(
[1.275s] running egg_info
[1.276s] creating ../../build/go2_gps_nav/go2_gps_nav.egg-info
[1.276s] writing ../../build/go2_gps_nav/go2_gps_nav.egg-info/PKG-INFO
[1.277s] writing dependency_links to ../../build/go2_gps_nav/go2_gps_nav.egg-info/dependency_links.txt
[1.277s] writing entry points to ../../build/go2_gps_nav/go2_gps_nav.egg-info/entry_points.txt
[1.277s] writing requirements to ../../build/go2_gps_nav/go2_gps_nav.egg-info/requires.txt
[1.277s] writing top-level names to ../../build/go2_gps_nav/go2_gps_nav.egg-info/top_level.txt
[1.278s] writing manifest file '../../build/go2_gps_nav/go2_gps_nav.egg-info/SOURCES.txt'
[1.278s] reading manifest file '../../build/go2_gps_nav/go2_gps_nav.egg-info/SOURCES.txt'
[1.279s] writing manifest file '../../build/go2_gps_nav/go2_gps_nav.egg-info/SOURCES.txt'
[1.279s] running build
[1.279s] running build_py
[1.280s] creating /home/hiwilab/Project/DOG/ros2_ws/build/go2_gps_nav/build
[1.280s] creating /home/hiwilab/Project/DOG/ros2_ws/build/go2_gps_nav/build/lib
[1.280s] creating /home/hiwilab/Project/DOG/ros2_ws/build/go2_gps_nav/build/lib/go2_gps_nav
[1.281s] copying go2_gps_nav/__init__.py -> /home/hiwilab/Project/DOG/ros2_ws/build/go2_gps_nav/build/lib/go2_gps_nav
[1.281s] copying go2_gps_nav/goal_publisher.py -> /home/hiwilab/Project/DOG/ros2_ws/build/go2_gps_nav/build/lib/go2_gps_nav
[1.281s] copying go2_gps_nav/gps_navigation_node.py -> /home/hiwilab/Project/DOG/ros2_ws/build/go2_gps_nav/build/lib/go2_gps_nav
[1.284s] running install
[1.284s] running install_lib
[1.284s] creating /home/hiwilab/Project/DOG/ros2_ws/install/go2_gps_nav/lib/python3.10/site-packages/go2_gps_nav
[1.284s] copying /home/hiwilab/Project/DOG/ros2_ws/build/go2_gps_nav/build/lib/go2_gps_nav/__init__.py -> /home/hiwilab/Project/DOG/ros2_ws/install/go2_gps_nav/lib/python3.10/site-packages/go2_gps_nav
[1.284s] copying /home/hiwilab/Project/DOG/ros2_ws/build/go2_gps_nav/build/lib/go2_gps_nav/goal_publisher.py -> /home/hiwilab/Project/DOG/ros2_ws/install/go2_gps_nav/lib/python3.10/site-packages/go2_gps_nav
[1.284s] copying /home/hiwilab/Project/DOG/ros2_ws/build/go2_gps_nav/build/lib/go2_gps_nav/gps_navigation_node.py -> /home/hiwilab/Project/DOG/ros2_ws/install/go2_gps_nav/lib/python3.10/site-packages/go2_gps_nav
[1.284s] byte-compiling /home/hiwilab/Project/DOG/ros2_ws/install/go2_gps_nav/lib/python3.10/site-packages/go2_gps_nav/__init__.py to __init__.cpython-310.pyc
[1.284s] byte-compiling /home/hiwilab/Project/DOG/ros2_ws/install/go2_gps_nav/lib/python3.10/site-packages/go2_gps_nav/goal_publisher.py to goal_publisher.cpython-310.pyc
[1.284s] byte-compiling /home/hiwilab/Project/DOG/ros2_ws/install/go2_gps_nav/lib/python3.10/site-packages/go2_gps_nav/gps_navigation_node.py to gps_navigation_node.cpython-310.pyc
[1.286s] running install_data
[1.286s] creating /home/hiwilab/Project/DOG/ros2_ws/install/go2_gps_nav/share/ament_index
[1.286s] creating /home/hiwilab/Project/DOG/ros2_ws/install/go2_gps_nav/share/ament_index/resource_index
[1.287s] creating /home/hiwilab/Project/DOG/ros2_ws/install/go2_gps_nav/share/ament_index/resource_index/packages
[1.287s] copying resource/go2_gps_nav -> /home/hiwilab/Project/DOG/ros2_ws/install/go2_gps_nav/share/ament_index/resource_index/packages
[1.287s] copying package.xml -> /home/hiwilab/Project/DOG/ros2_ws/install/go2_gps_nav/share/go2_gps_nav
[1.287s] creating /home/hiwilab/Project/DOG/ros2_ws/install/go2_gps_nav/share/go2_gps_nav/launch
[1.288s] copying launch/gps_navigation.launch.py -> /home/hiwilab/Project/DOG/ros2_ws/install/go2_gps_nav/share/go2_gps_nav/launch
[1.288s] creating /home/hiwilab/Project/DOG/ros2_ws/install/go2_gps_nav/share/go2_gps_nav/config
[1.289s] copying config/navigation_params.yaml -> /home/hiwilab/Project/DOG/ros2_ws/install/go2_gps_nav/share/go2_gps_nav/config
[1.289s] running install_egg_info
[1.289s] Copying ../../build/go2_gps_nav/go2_gps_nav.egg-info to /home/hiwilab/Project/DOG/ros2_ws/install/go2_gps_nav/lib/python3.10/site-packages/go2_gps_nav-0.0.1-py3.10.egg-info
[1.290s] running install_scripts
[1.310s] Installing gps_navigation_node script to /home/hiwilab/Project/DOG/ros2_ws/install/go2_gps_nav/lib/go2_gps_nav
[1.311s] writing list of installed files to '/home/hiwilab/Project/DOG/ros2_ws/build/go2_gps_nav/install.log'
[1.344s] Invoked command in '/home/hiwilab/Project/DOG/ros2_ws/src/go2_gps_nav' returned '0': PYTHONPATH=/home/hiwilab/Project/DOG/ros2_ws/build/go2_gps_nav/prefix_override:/usr/lib/python3/dist-packages/colcon_core/task/python/colcon_distutils_commands:/home/hiwilab/Project/DOG/ros2_ws/install/go2_gps_nav/lib/python3.10/site-packages:${PYTHONPATH} /usr/bin/python3 -W ignore:setup.py install is deprecated -W ignore:easy_install command is deprecated setup.py egg_info --egg-base ../../build/go2_gps_nav build --build-base /home/hiwilab/Project/DOG/ros2_ws/build/go2_gps_nav/build install --record /home/hiwilab/Project/DOG/ros2_ws/build/go2_gps_nav/install.log --install-scripts $base/lib/go2_gps_nav --single-version-externally-managed install_data
