[0.021s] Invoking command in '/home/hiwilab/Project/DOG/ros2_ws/build/go2_interfaces': CMAKE_PREFIX_PATH=${CMAKE_PREFIX_PATH}:/home/hiwilab/Project/DOG/ros2_ws/install/go2_robot_sdk:/home/hiwilab/Project/DOG/ros2_ws/install/go2_gps_nav:/home/hiwilab/Project/DOG/ros2_ws/install/coco_detector:/opt/ros/humble /usr/bin/cmake /home/hiwilab/Project/DOG/ros2_ws/src/go2_interfaces -DCMAKE_INSTALL_PREFIX=/home/hiwilab/Project/DOG/ros2_ws/install/go2_interfaces
[0.335s] -- The C compiler identification is GNU 11.4.0
[0.721s] -- The CXX compiler identification is GNU 11.4.0
[1.127s] -- Detecting C compiler ABI info
[1.263s] -- Detecting C compiler ABI info - done
[1.271s] -- Check for working C compiler: /usr/bin/cc - skipped
[1.271s] -- Detecting C compile features
[1.272s] -- Detecting C compile features - done
[1.274s] -- Detecting CXX compiler ABI info
[1.446s] -- Detecting CXX compiler ABI info - done
[1.453s] -- Check for working CXX compiler: /usr/bin/c++ - skipped
[1.453s] -- Detecting CXX compile features
[1.454s] -- Detecting CXX compile features - done
[1.455s] -- Found ament_cmake: 1.3.11 (/opt/ros/humble/share/ament_cmake/cmake)
[1.569s] -- Found Python3: /usr/bin/python3 (found version "3.10.12") found components: Interpreter 
[1.641s] -- Found geometry_msgs: 4.8.0 (/opt/ros/humble/share/geometry_msgs/cmake)
[1.904s] -- Found rosidl_generator_c: 3.1.6 (/opt/ros/humble/share/rosidl_generator_c/cmake)
[1.909s] -- Found rosidl_adapter: 3.1.6 (/opt/ros/humble/share/rosidl_adapter/cmake)
[1.917s] -- Found rosidl_generator_cpp: 3.1.6 (/opt/ros/humble/share/rosidl_generator_cpp/cmake)
[1.926s] -- Using all available rosidl_typesupport_c: rosidl_typesupport_fastrtps_c;rosidl_typesupport_introspection_c
[1.940s] -- Using all available rosidl_typesupport_cpp: rosidl_typesupport_fastrtps_cpp;rosidl_typesupport_introspection_cpp
[1.972s] -- Found rosidl_default_generators: 1.2.0 (/opt/ros/humble/share/rosidl_default_generators/cmake)
[2.201s] -- Found ament_cmake_ros: 0.10.0 (/opt/ros/humble/share/ament_cmake_ros/cmake)
[2.523s] -- Using all available rosidl_typesupport_c: rosidl_typesupport_fastrtps_c;rosidl_typesupport_introspection_c
[2.652s] -- Using all available rosidl_typesupport_cpp: rosidl_typesupport_fastrtps_cpp;rosidl_typesupport_introspection_cpp
[2.911s] -- Found PythonInterp: /usr/bin/python3 (found suitable version "3.10.12", minimum required is "3.6") 
[2.912s] -- Found python_cmake_module: 0.10.0 (/opt/ros/humble/share/python_cmake_module/cmake)
[3.736s] -- Found PythonLibs: /usr/lib/x86_64-linux-gnu/libpython3.10.so (found suitable version "3.10.12", minimum required is "3.5") 
[3.736s] -- Using PYTHON_EXECUTABLE: /usr/bin/python3
[3.736s] -- Using PYTHON_INCLUDE_DIRS: /usr/include/python3.10
[3.736s] -- Using PYTHON_LIBRARIES: /usr/lib/x86_64-linux-gnu/libpython3.10.so
[3.758s] -- Found PythonExtra: .so  
[3.904s] -- Configuring done
[3.941s] -- Generating done
[3.950s] -- Build files have been written to: /home/hiwilab/Project/DOG/ros2_ws/build/go2_interfaces
[3.959s] Invoked command in '/home/hiwilab/Project/DOG/ros2_ws/build/go2_interfaces' returned '0': CMAKE_PREFIX_PATH=${CMAKE_PREFIX_PATH}:/home/hiwilab/Project/DOG/ros2_ws/install/go2_robot_sdk:/home/hiwilab/Project/DOG/ros2_ws/install/go2_gps_nav:/home/hiwilab/Project/DOG/ros2_ws/install/coco_detector:/opt/ros/humble /usr/bin/cmake /home/hiwilab/Project/DOG/ros2_ws/src/go2_interfaces -DCMAKE_INSTALL_PREFIX=/home/hiwilab/Project/DOG/ros2_ws/install/go2_interfaces
[3.961s] Invoking command in '/home/hiwilab/Project/DOG/ros2_ws/build/go2_interfaces': CMAKE_PREFIX_PATH=${CMAKE_PREFIX_PATH}:/home/hiwilab/Project/DOG/ros2_ws/install/go2_robot_sdk:/home/hiwilab/Project/DOG/ros2_ws/install/go2_gps_nav:/home/hiwilab/Project/DOG/ros2_ws/install/coco_detector:/opt/ros/humble /usr/bin/cmake --build /home/hiwilab/Project/DOG/ros2_ws/build/go2_interfaces -- -j8 -l8
[3.993s] [  1%] [34m[1mGenerating C++ code for ROS interfaces[0m
[4.464s] [  1%] Built target go2_interfaces__cpp
[4.482s] [  1%] Built target ament_cmake_python_copy_go2_interfaces
[4.489s] [  3%] [34m[1mGenerating C++ introspection for ROS interfaces[0m
[4.819s] [  4%] [32mBuilding CXX object CMakeFiles/go2_interfaces__rosidl_typesupport_introspection_cpp.dir/rosidl_typesupport_introspection_cpp/go2_interfaces/msg/detail/go2_cmd__type_support.cpp.o[0m
[5.101s] [  6%] [32mBuilding CXX object CMakeFiles/go2_interfaces__rosidl_typesupport_introspection_cpp.dir/rosidl_typesupport_introspection_cpp/go2_interfaces/msg/detail/go2_rpy_cmd__type_support.cpp.o[0m
[5.363s] [  7%] [32mBuilding CXX object CMakeFiles/go2_interfaces__rosidl_typesupport_introspection_cpp.dir/rosidl_typesupport_introspection_cpp/go2_interfaces/msg/detail/imu__type_support.cpp.o[0m
[5.649s] [  9%] [32mBuilding CXX object CMakeFiles/go2_interfaces__rosidl_typesupport_introspection_cpp.dir/rosidl_typesupport_introspection_cpp/go2_interfaces/msg/detail/go2_move__type_support.cpp.o[0m
[5.919s] [ 11%] [32mBuilding CXX object CMakeFiles/go2_interfaces__rosidl_typesupport_introspection_cpp.dir/rosidl_typesupport_introspection_cpp/go2_interfaces/msg/detail/go2_state__type_support.cpp.o[0m
[6.223s] [ 12%] [32m[1mLinking CXX shared library libgo2_interfaces__rosidl_typesupport_introspection_cpp.so[0m
[6.447s] [ 12%] Built target go2_interfaces__rosidl_typesupport_introspection_cpp
[6.657s] running egg_info
[6.657s] creating go2_interfaces.egg-info
[6.658s] writing go2_interfaces.egg-info/PKG-INFO
[6.658s] writing dependency_links to go2_interfaces.egg-info/dependency_links.txt
[6.658s] writing top-level names to go2_interfaces.egg-info/top_level.txt
[6.658s] writing manifest file 'go2_interfaces.egg-info/SOURCES.txt'
[6.660s] reading manifest file 'go2_interfaces.egg-info/SOURCES.txt'
[6.660s] writing manifest file 'go2_interfaces.egg-info/SOURCES.txt'
[6.679s] [ 12%] Built target ament_cmake_python_build_go2_interfaces_egg
[6.685s] [ 14%] [34m[1mGenerating C++ type support for eProsima Fast-RTPS[0m
[7.040s] [ 15%] [32mBuilding CXX object CMakeFiles/go2_interfaces__rosidl_typesupport_fastrtps_cpp.dir/rosidl_typesupport_fastrtps_cpp/go2_interfaces/msg/detail/dds_fastrtps/go2_cmd__type_support.cpp.o[0m
[7.317s] [ 17%] [32mBuilding CXX object CMakeFiles/go2_interfaces__rosidl_typesupport_fastrtps_cpp.dir/rosidl_typesupport_fastrtps_cpp/go2_interfaces/msg/detail/dds_fastrtps/imu__type_support.cpp.o[0m
[7.318s] [ 19%] [32mBuilding CXX object CMakeFiles/go2_interfaces__rosidl_typesupport_fastrtps_cpp.dir/rosidl_typesupport_fastrtps_cpp/go2_interfaces/msg/detail/dds_fastrtps/go2_rpy_cmd__type_support.cpp.o[0m
[7.614s] [ 20%] [32mBuilding CXX object CMakeFiles/go2_interfaces__rosidl_typesupport_fastrtps_cpp.dir/rosidl_typesupport_fastrtps_cpp/go2_interfaces/msg/detail/dds_fastrtps/go2_move__type_support.cpp.o[0m
[7.625s] [ 22%] [32mBuilding CXX object CMakeFiles/go2_interfaces__rosidl_typesupport_fastrtps_cpp.dir/rosidl_typesupport_fastrtps_cpp/go2_interfaces/msg/detail/dds_fastrtps/go2_state__type_support.cpp.o[0m
[7.973s] [ 23%] [32m[1mLinking CXX shared library libgo2_interfaces__rosidl_typesupport_fastrtps_cpp.so[0m
[8.114s] [ 23%] Built target go2_interfaces__rosidl_typesupport_fastrtps_cpp
[8.121s] [ 26%] [34m[1mGenerating C code for ROS interfaces[0m
[8.121s] [ 26%] [34m[1mGenerating C++ type support dispatch for ROS interfaces[0m
[8.382s] [ 30%] [32mBuilding CXX object CMakeFiles/go2_interfaces__rosidl_typesupport_cpp.dir/rosidl_typesupport_cpp/go2_interfaces/msg/go2_state__type_support.cpp.o[0m
[8.383s] [ 30%] [32mBuilding CXX object CMakeFiles/go2_interfaces__rosidl_typesupport_cpp.dir/rosidl_typesupport_cpp/go2_interfaces/msg/go2_cmd__type_support.cpp.o[0m
[8.386s] [ 31%] [32mBuilding CXX object CMakeFiles/go2_interfaces__rosidl_typesupport_cpp.dir/rosidl_typesupport_cpp/go2_interfaces/msg/go2_move__type_support.cpp.o[0m
[8.599s] [ 33%] [32mBuilding CXX object CMakeFiles/go2_interfaces__rosidl_typesupport_cpp.dir/rosidl_typesupport_cpp/go2_interfaces/msg/imu__type_support.cpp.o[0m
[8.607s] [ 34%] [32mBuilding CXX object CMakeFiles/go2_interfaces__rosidl_typesupport_cpp.dir/rosidl_typesupport_cpp/go2_interfaces/msg/go2_rpy_cmd__type_support.cpp.o[0m
[8.631s] [ 36%] [32mBuilding C object CMakeFiles/go2_interfaces__rosidl_generator_c.dir/rosidl_generator_c/go2_interfaces/msg/detail/go2_cmd__functions.c.o[0m
[8.631s] [ 38%] [32mBuilding C object CMakeFiles/go2_interfaces__rosidl_generator_c.dir/rosidl_generator_c/go2_interfaces/msg/detail/go2_move__functions.c.o[0m
[8.635s] [ 39%] [32mBuilding C object CMakeFiles/go2_interfaces__rosidl_generator_c.dir/rosidl_generator_c/go2_interfaces/msg/detail/go2_state__functions.c.o[0m
[8.666s] [ 41%] [32mBuilding C object CMakeFiles/go2_interfaces__rosidl_generator_c.dir/rosidl_generator_c/go2_interfaces/msg/detail/imu__functions.c.o[0m
[8.699s] [ 42%] [32mBuilding C object CMakeFiles/go2_interfaces__rosidl_generator_c.dir/rosidl_generator_c/go2_interfaces/msg/detail/go2_rpy_cmd__functions.c.o[0m
[8.734s] [ 44%] [32m[1mLinking C shared library libgo2_interfaces__rosidl_generator_c.so[0m
[8.815s] [ 46%] [32m[1mLinking CXX shared library libgo2_interfaces__rosidl_typesupport_cpp.so[0m
[8.857s] [ 46%] Built target go2_interfaces__rosidl_generator_c
[8.864s] [ 49%] [34m[1mGenerating C introspection for ROS interfaces[0m
[8.865s] [ 49%] [34m[1mGenerating C type support for eProsima Fast-RTPS[0m
[8.937s] [ 49%] Built target go2_interfaces__rosidl_typesupport_cpp
[8.944s] [ 50%] [34m[1mGenerating C type support dispatch for ROS interfaces[0m
[9.218s] [ 53%] [32mBuilding C object CMakeFiles/go2_interfaces__rosidl_typesupport_introspection_c.dir/rosidl_typesupport_introspection_c/go2_interfaces/msg/detail/go2_cmd__type_support.c.o[0m
[9.219s] [ 53%] [32mBuilding C object CMakeFiles/go2_interfaces__rosidl_typesupport_introspection_c.dir/rosidl_typesupport_introspection_c/go2_interfaces/msg/detail/go2_state__type_support.c.o[0m
[9.220s] [ 55%] [32mBuilding C object CMakeFiles/go2_interfaces__rosidl_typesupport_introspection_c.dir/rosidl_typesupport_introspection_c/go2_interfaces/msg/detail/go2_move__type_support.c.o[0m
[9.224s] [ 58%] [32mBuilding CXX object CMakeFiles/go2_interfaces__rosidl_typesupport_c.dir/rosidl_typesupport_c/go2_interfaces/msg/go2_cmd__type_support.cpp.o[0m
[9.224s] [ 58%] [32mBuilding CXX object CMakeFiles/go2_interfaces__rosidl_typesupport_c.dir/rosidl_typesupport_c/go2_interfaces/msg/go2_state__type_support.cpp.o[0m
[9.244s] [ 60%] [32mBuilding C object CMakeFiles/go2_interfaces__rosidl_typesupport_introspection_c.dir/rosidl_typesupport_introspection_c/go2_interfaces/msg/detail/imu__type_support.c.o[0m
[9.245s] [ 61%] [32mBuilding CXX object CMakeFiles/go2_interfaces__rosidl_typesupport_fastrtps_c.dir/rosidl_typesupport_fastrtps_c/go2_interfaces/msg/detail/go2_state__type_support_c.cpp.o[0m
[9.246s] [ 63%] [32mBuilding CXX object CMakeFiles/go2_interfaces__rosidl_typesupport_fastrtps_c.dir/rosidl_typesupport_fastrtps_c/go2_interfaces/msg/detail/go2_cmd__type_support_c.cpp.o[0m
[9.252s] [ 65%] [32mBuilding C object CMakeFiles/go2_interfaces__rosidl_typesupport_introspection_c.dir/rosidl_typesupport_introspection_c/go2_interfaces/msg/detail/go2_rpy_cmd__type_support.c.o[0m
[9.254s] [ 66%] [32mBuilding CXX object CMakeFiles/go2_interfaces__rosidl_typesupport_fastrtps_c.dir/rosidl_typesupport_fastrtps_c/go2_interfaces/msg/detail/go2_move__type_support_c.cpp.o[0m
[9.269s] [ 68%] [32mBuilding CXX object CMakeFiles/go2_interfaces__rosidl_typesupport_c.dir/rosidl_typesupport_c/go2_interfaces/msg/go2_rpy_cmd__type_support.cpp.o[0m
[9.273s] [ 69%] [32mBuilding CXX object CMakeFiles/go2_interfaces__rosidl_typesupport_c.dir/rosidl_typesupport_c/go2_interfaces/msg/go2_move__type_support.cpp.o[0m
[9.292s] [ 71%] [32mBuilding CXX object CMakeFiles/go2_interfaces__rosidl_typesupport_c.dir/rosidl_typesupport_c/go2_interfaces/msg/imu__type_support.cpp.o[0m
[9.306s] [ 73%] [32m[1mLinking C shared library libgo2_interfaces__rosidl_typesupport_introspection_c.so[0m
[9.331s] [ 74%] [32m[1mLinking CXX shared library libgo2_interfaces__rosidl_typesupport_c.so[0m
[9.417s] [ 74%] Built target go2_interfaces__rosidl_typesupport_introspection_c
[9.441s] [ 74%] Built target go2_interfaces__rosidl_typesupport_c
[9.523s] [ 77%] [32mBuilding CXX object CMakeFiles/go2_interfaces__rosidl_typesupport_fastrtps_c.dir/rosidl_typesupport_fastrtps_c/go2_interfaces/msg/detail/go2_rpy_cmd__type_support_c.cpp.o[0m
[9.523s] [ 77%] [32mBuilding CXX object CMakeFiles/go2_interfaces__rosidl_typesupport_fastrtps_c.dir/rosidl_typesupport_fastrtps_c/go2_interfaces/msg/detail/imu__type_support_c.cpp.o[0m
[9.767s] [ 79%] [32m[1mLinking CXX shared library libgo2_interfaces__rosidl_typesupport_fastrtps_c.so[0m
[9.938s] [ 79%] Built target go2_interfaces__rosidl_typesupport_fastrtps_c
[9.951s] [ 79%] Built target go2_interfaces
[9.964s] [ 80%] [34m[1mGenerating Python code for ROS interfaces[0m
[10.516s] [ 80%] Built target go2_interfaces__py
[10.529s] [ 85%] [32mBuilding C object CMakeFiles/go2_interfaces__rosidl_generator_py.dir/rosidl_generator_py/go2_interfaces/msg/_go2_cmd_s.c.o[0m
[10.529s] [ 85%] [32mBuilding C object CMakeFiles/go2_interfaces__rosidl_generator_py.dir/rosidl_generator_py/go2_interfaces/msg/_go2_move_s.c.o[0m
[10.529s] [ 85%] [32mBuilding C object CMakeFiles/go2_interfaces__rosidl_generator_py.dir/rosidl_generator_py/go2_interfaces/msg/_go2_state_s.c.o[0m
[10.599s] [ 87%] [32mBuilding C object CMakeFiles/go2_interfaces__rosidl_generator_py.dir/rosidl_generator_py/go2_interfaces/msg/_imu_s.c.o[0m
[10.601s] [ 88%] [32mBuilding C object CMakeFiles/go2_interfaces__rosidl_generator_py.dir/rosidl_generator_py/go2_interfaces/msg/_go2_rpy_cmd_s.c.o[0m
[10.679s] [ 90%] [32m[1mLinking C shared library rosidl_generator_py/go2_interfaces/libgo2_interfaces__rosidl_generator_py.so[0m
[10.801s] [ 90%] Built target go2_interfaces__rosidl_generator_py
[10.814s] [ 93%] [32mBuilding C object CMakeFiles/go2_interfaces__rosidl_typesupport_c__pyext.dir/rosidl_generator_py/go2_interfaces/_go2_interfaces_s.ep.rosidl_typesupport_c.c.o[0m
[10.814s] [ 93%] [32mBuilding C object CMakeFiles/go2_interfaces__rosidl_typesupport_introspection_c__pyext.dir/rosidl_generator_py/go2_interfaces/_go2_interfaces_s.ep.rosidl_typesupport_introspection_c.c.o[0m
[10.814s] [ 95%] [32mBuilding C object CMakeFiles/go2_interfaces__rosidl_typesupport_fastrtps_c__pyext.dir/rosidl_generator_py/go2_interfaces/_go2_interfaces_s.ep.rosidl_typesupport_fastrtps_c.c.o[0m
[10.893s] [ 96%] [32m[1mLinking C shared library rosidl_generator_py/go2_interfaces/go2_interfaces_s__rosidl_typesupport_c.cpython-310-x86_64-linux-gnu.so[0m
[10.894s] [ 98%] [32m[1mLinking C shared library rosidl_generator_py/go2_interfaces/go2_interfaces_s__rosidl_typesupport_introspection_c.cpython-310-x86_64-linux-gnu.so[0m
[10.895s] [100%] [32m[1mLinking C shared library rosidl_generator_py/go2_interfaces/go2_interfaces_s__rosidl_typesupport_fastrtps_c.cpython-310-x86_64-linux-gnu.so[0m
[10.994s] [100%] Built target go2_interfaces__rosidl_typesupport_introspection_c__pyext
[10.999s] [100%] Built target go2_interfaces__rosidl_typesupport_c__pyext
[11.013s] [100%] Built target go2_interfaces__rosidl_typesupport_fastrtps_c__pyext
[11.021s] Invoked command in '/home/hiwilab/Project/DOG/ros2_ws/build/go2_interfaces' returned '0': CMAKE_PREFIX_PATH=${CMAKE_PREFIX_PATH}:/home/hiwilab/Project/DOG/ros2_ws/install/go2_robot_sdk:/home/hiwilab/Project/DOG/ros2_ws/install/go2_gps_nav:/home/hiwilab/Project/DOG/ros2_ws/install/coco_detector:/opt/ros/humble /usr/bin/cmake --build /home/hiwilab/Project/DOG/ros2_ws/build/go2_interfaces -- -j8 -l8
[11.028s] Invoking command in '/home/hiwilab/Project/DOG/ros2_ws/build/go2_interfaces': CMAKE_PREFIX_PATH=${CMAKE_PREFIX_PATH}:/home/hiwilab/Project/DOG/ros2_ws/install/go2_robot_sdk:/home/hiwilab/Project/DOG/ros2_ws/install/go2_gps_nav:/home/hiwilab/Project/DOG/ros2_ws/install/coco_detector:/opt/ros/humble /usr/bin/cmake --install /home/hiwilab/Project/DOG/ros2_ws/build/go2_interfaces
[11.033s] -- Install configuration: ""
[11.033s] -- Installing: /home/hiwilab/Project/DOG/ros2_ws/install/go2_interfaces/share/ament_index/resource_index/rosidl_interfaces/go2_interfaces
[11.034s] -- Installing: /home/hiwilab/Project/DOG/ros2_ws/install/go2_interfaces/include/go2_interfaces/go2_interfaces
[11.034s] -- Installing: /home/hiwilab/Project/DOG/ros2_ws/install/go2_interfaces/include/go2_interfaces/go2_interfaces/msg
[11.034s] -- Installing: /home/hiwilab/Project/DOG/ros2_ws/install/go2_interfaces/include/go2_interfaces/go2_interfaces/msg/imu.h
[11.034s] -- Installing: /home/hiwilab/Project/DOG/ros2_ws/install/go2_interfaces/include/go2_interfaces/go2_interfaces/msg/rosidl_generator_c__visibility_control.h
[11.034s] -- Installing: /home/hiwilab/Project/DOG/ros2_ws/install/go2_interfaces/include/go2_interfaces/go2_interfaces/msg/go2_rpy_cmd.h
[11.034s] -- Installing: /home/hiwilab/Project/DOG/ros2_ws/install/go2_interfaces/include/go2_interfaces/go2_interfaces/msg/go2_state.h
[11.035s] -- Installing: /home/hiwilab/Project/DOG/ros2_ws/install/go2_interfaces/include/go2_interfaces/go2_interfaces/msg/go2_cmd.h
[11.035s] -- Installing: /home/hiwilab/Project/DOG/ros2_ws/install/go2_interfaces/include/go2_interfaces/go2_interfaces/msg/go2_move.h
[11.035s] -- Installing: /home/hiwilab/Project/DOG/ros2_ws/install/go2_interfaces/include/go2_interfaces/go2_interfaces/msg/detail
[11.035s] -- Installing: /home/hiwilab/Project/DOG/ros2_ws/install/go2_interfaces/include/go2_interfaces/go2_interfaces/msg/detail/go2_rpy_cmd__struct.h
[11.035s] -- Installing: /home/hiwilab/Project/DOG/ros2_ws/install/go2_interfaces/include/go2_interfaces/go2_interfaces/msg/detail/go2_cmd__functions.h
[11.035s] -- Installing: /home/hiwilab/Project/DOG/ros2_ws/install/go2_interfaces/include/go2_interfaces/go2_interfaces/msg/detail/go2_move__type_support.h
[11.035s] -- Installing: /home/hiwilab/Project/DOG/ros2_ws/install/go2_interfaces/include/go2_interfaces/go2_interfaces/msg/detail/go2_state__struct.h
[11.035s] -- Installing: /home/hiwilab/Project/DOG/ros2_ws/install/go2_interfaces/include/go2_interfaces/go2_interfaces/msg/detail/go2_rpy_cmd__type_support.h
[11.036s] -- Installing: /home/hiwilab/Project/DOG/ros2_ws/install/go2_interfaces/include/go2_interfaces/go2_interfaces/msg/detail/go2_move__functions.c
[11.036s] -- Installing: /home/hiwilab/Project/DOG/ros2_ws/install/go2_interfaces/include/go2_interfaces/go2_interfaces/msg/detail/go2_rpy_cmd__functions.c
[11.036s] -- Installing: /home/hiwilab/Project/DOG/ros2_ws/install/go2_interfaces/include/go2_interfaces/go2_interfaces/msg/detail/go2_state__functions.h
[11.036s] -- Installing: /home/hiwilab/Project/DOG/ros2_ws/install/go2_interfaces/include/go2_interfaces/go2_interfaces/msg/detail/go2_rpy_cmd__functions.h
[11.036s] -- Installing: /home/hiwilab/Project/DOG/ros2_ws/install/go2_interfaces/include/go2_interfaces/go2_interfaces/msg/detail/go2_state__type_support.h
[11.036s] -- Installing: /home/hiwilab/Project/DOG/ros2_ws/install/go2_interfaces/include/go2_interfaces/go2_interfaces/msg/detail/go2_cmd__struct.h
[11.036s] -- Installing: /home/hiwilab/Project/DOG/ros2_ws/install/go2_interfaces/include/go2_interfaces/go2_interfaces/msg/detail/go2_move__struct.h
[11.037s] -- Installing: /home/hiwilab/Project/DOG/ros2_ws/install/go2_interfaces/include/go2_interfaces/go2_interfaces/msg/detail/go2_cmd__type_support.h
[11.037s] -- Installing: /home/hiwilab/Project/DOG/ros2_ws/install/go2_interfaces/include/go2_interfaces/go2_interfaces/msg/detail/go2_move__functions.h
[11.037s] -- Installing: /home/hiwilab/Project/DOG/ros2_ws/install/go2_interfaces/include/go2_interfaces/go2_interfaces/msg/detail/imu__functions.h
[11.037s] -- Installing: /home/hiwilab/Project/DOG/ros2_ws/install/go2_interfaces/include/go2_interfaces/go2_interfaces/msg/detail/go2_state__functions.c
[11.037s] -- Installing: /home/hiwilab/Project/DOG/ros2_ws/install/go2_interfaces/include/go2_interfaces/go2_interfaces/msg/detail/imu__struct.h
[11.037s] -- Installing: /home/hiwilab/Project/DOG/ros2_ws/install/go2_interfaces/include/go2_interfaces/go2_interfaces/msg/detail/go2_cmd__functions.c
[11.037s] -- Installing: /home/hiwilab/Project/DOG/ros2_ws/install/go2_interfaces/include/go2_interfaces/go2_interfaces/msg/detail/imu__type_support.h
[11.037s] -- Installing: /home/hiwilab/Project/DOG/ros2_ws/install/go2_interfaces/include/go2_interfaces/go2_interfaces/msg/detail/imu__functions.c
[11.037s] -- Installing: /home/hiwilab/Project/DOG/ros2_ws/install/go2_interfaces/share/go2_interfaces/environment/library_path.sh
[11.037s] -- Installing: /home/hiwilab/Project/DOG/ros2_ws/install/go2_interfaces/share/go2_interfaces/environment/library_path.dsv
[11.037s] -- Installing: /home/hiwilab/Project/DOG/ros2_ws/install/go2_interfaces/lib/libgo2_interfaces__rosidl_generator_c.so
[11.038s] -- Set runtime path of "/home/hiwilab/Project/DOG/ros2_ws/install/go2_interfaces/lib/libgo2_interfaces__rosidl_generator_c.so" to ""
[11.038s] -- Up-to-date: /home/hiwilab/Project/DOG/ros2_ws/install/go2_interfaces/include/go2_interfaces/go2_interfaces
[11.038s] -- Up-to-date: /home/hiwilab/Project/DOG/ros2_ws/install/go2_interfaces/include/go2_interfaces/go2_interfaces/msg
[11.038s] -- Installing: /home/hiwilab/Project/DOG/ros2_ws/install/go2_interfaces/include/go2_interfaces/go2_interfaces/msg/rosidl_typesupport_fastrtps_c__visibility_control.h
[11.038s] -- Up-to-date: /home/hiwilab/Project/DOG/ros2_ws/install/go2_interfaces/include/go2_interfaces/go2_interfaces/msg/detail
[11.038s] -- Installing: /home/hiwilab/Project/DOG/ros2_ws/install/go2_interfaces/include/go2_interfaces/go2_interfaces/msg/detail/go2_cmd__rosidl_typesupport_fastrtps_c.h
[11.039s] -- Installing: /home/hiwilab/Project/DOG/ros2_ws/install/go2_interfaces/include/go2_interfaces/go2_interfaces/msg/detail/go2_rpy_cmd__rosidl_typesupport_fastrtps_c.h
[11.039s] -- Installing: /home/hiwilab/Project/DOG/ros2_ws/install/go2_interfaces/include/go2_interfaces/go2_interfaces/msg/detail/go2_move__rosidl_typesupport_fastrtps_c.h
[11.039s] -- Installing: /home/hiwilab/Project/DOG/ros2_ws/install/go2_interfaces/include/go2_interfaces/go2_interfaces/msg/detail/go2_state__rosidl_typesupport_fastrtps_c.h
[11.039s] -- Installing: /home/hiwilab/Project/DOG/ros2_ws/install/go2_interfaces/include/go2_interfaces/go2_interfaces/msg/detail/imu__rosidl_typesupport_fastrtps_c.h
[11.039s] -- Installing: /home/hiwilab/Project/DOG/ros2_ws/install/go2_interfaces/lib/libgo2_interfaces__rosidl_typesupport_fastrtps_c.so
[11.039s] -- Set runtime path of "/home/hiwilab/Project/DOG/ros2_ws/install/go2_interfaces/lib/libgo2_interfaces__rosidl_typesupport_fastrtps_c.so" to ""
[11.039s] -- Up-to-date: /home/hiwilab/Project/DOG/ros2_ws/install/go2_interfaces/include/go2_interfaces/go2_interfaces
[11.040s] -- Up-to-date: /home/hiwilab/Project/DOG/ros2_ws/install/go2_interfaces/include/go2_interfaces/go2_interfaces/msg
[11.040s] -- Installing: /home/hiwilab/Project/DOG/ros2_ws/install/go2_interfaces/include/go2_interfaces/go2_interfaces/msg/go2_cmd.hpp
[11.040s] -- Installing: /home/hiwilab/Project/DOG/ros2_ws/install/go2_interfaces/include/go2_interfaces/go2_interfaces/msg/rosidl_generator_cpp__visibility_control.hpp
[11.040s] -- Installing: /home/hiwilab/Project/DOG/ros2_ws/install/go2_interfaces/include/go2_interfaces/go2_interfaces/msg/go2_move.hpp
[11.040s] -- Installing: /home/hiwilab/Project/DOG/ros2_ws/install/go2_interfaces/include/go2_interfaces/go2_interfaces/msg/go2_state.hpp
[11.040s] -- Up-to-date: /home/hiwilab/Project/DOG/ros2_ws/install/go2_interfaces/include/go2_interfaces/go2_interfaces/msg/detail
[11.040s] -- Installing: /home/hiwilab/Project/DOG/ros2_ws/install/go2_interfaces/include/go2_interfaces/go2_interfaces/msg/detail/go2_cmd__struct.hpp
[11.040s] -- Installing: /home/hiwilab/Project/DOG/ros2_ws/install/go2_interfaces/include/go2_interfaces/go2_interfaces/msg/detail/go2_move__struct.hpp
[11.041s] -- Installing: /home/hiwilab/Project/DOG/ros2_ws/install/go2_interfaces/include/go2_interfaces/go2_interfaces/msg/detail/go2_cmd__type_support.hpp
[11.041s] -- Installing: /home/hiwilab/Project/DOG/ros2_ws/install/go2_interfaces/include/go2_interfaces/go2_interfaces/msg/detail/go2_state__builder.hpp
[11.041s] -- Installing: /home/hiwilab/Project/DOG/ros2_ws/install/go2_interfaces/include/go2_interfaces/go2_interfaces/msg/detail/go2_rpy_cmd__traits.hpp
[11.041s] -- Installing: /home/hiwilab/Project/DOG/ros2_ws/install/go2_interfaces/include/go2_interfaces/go2_interfaces/msg/detail/imu__builder.hpp
[11.041s] -- Installing: /home/hiwilab/Project/DOG/ros2_ws/install/go2_interfaces/include/go2_interfaces/go2_interfaces/msg/detail/imu__type_support.hpp
[11.041s] -- Installing: /home/hiwilab/Project/DOG/ros2_ws/install/go2_interfaces/include/go2_interfaces/go2_interfaces/msg/detail/go2_move__builder.hpp
[11.041s] -- Installing: /home/hiwilab/Project/DOG/ros2_ws/install/go2_interfaces/include/go2_interfaces/go2_interfaces/msg/detail/go2_rpy_cmd__builder.hpp
[11.041s] -- Installing: /home/hiwilab/Project/DOG/ros2_ws/install/go2_interfaces/include/go2_interfaces/go2_interfaces/msg/detail/go2_rpy_cmd__type_support.hpp
[11.041s] -- Installing: /home/hiwilab/Project/DOG/ros2_ws/install/go2_interfaces/include/go2_interfaces/go2_interfaces/msg/detail/go2_rpy_cmd__struct.hpp
[11.041s] -- Installing: /home/hiwilab/Project/DOG/ros2_ws/install/go2_interfaces/include/go2_interfaces/go2_interfaces/msg/detail/go2_cmd__traits.hpp
[11.041s] -- Installing: /home/hiwilab/Project/DOG/ros2_ws/install/go2_interfaces/include/go2_interfaces/go2_interfaces/msg/detail/go2_state__type_support.hpp
[11.041s] -- Installing: /home/hiwilab/Project/DOG/ros2_ws/install/go2_interfaces/include/go2_interfaces/go2_interfaces/msg/detail/imu__traits.hpp
[11.041s] -- Installing: /home/hiwilab/Project/DOG/ros2_ws/install/go2_interfaces/include/go2_interfaces/go2_interfaces/msg/detail/go2_state__traits.hpp
[11.041s] -- Installing: /home/hiwilab/Project/DOG/ros2_ws/install/go2_interfaces/include/go2_interfaces/go2_interfaces/msg/detail/go2_move__traits.hpp
[11.041s] -- Installing: /home/hiwilab/Project/DOG/ros2_ws/install/go2_interfaces/include/go2_interfaces/go2_interfaces/msg/detail/go2_move__type_support.hpp
[11.042s] -- Installing: /home/hiwilab/Project/DOG/ros2_ws/install/go2_interfaces/include/go2_interfaces/go2_interfaces/msg/detail/imu__struct.hpp
[11.042s] -- Installing: /home/hiwilab/Project/DOG/ros2_ws/install/go2_interfaces/include/go2_interfaces/go2_interfaces/msg/detail/go2_state__struct.hpp
[11.042s] -- Installing: /home/hiwilab/Project/DOG/ros2_ws/install/go2_interfaces/include/go2_interfaces/go2_interfaces/msg/detail/go2_cmd__builder.hpp
[11.042s] -- Installing: /home/hiwilab/Project/DOG/ros2_ws/install/go2_interfaces/include/go2_interfaces/go2_interfaces/msg/imu.hpp
[11.042s] -- Installing: /home/hiwilab/Project/DOG/ros2_ws/install/go2_interfaces/include/go2_interfaces/go2_interfaces/msg/go2_rpy_cmd.hpp
[11.042s] -- Up-to-date: /home/hiwilab/Project/DOG/ros2_ws/install/go2_interfaces/include/go2_interfaces/go2_interfaces
[11.042s] -- Up-to-date: /home/hiwilab/Project/DOG/ros2_ws/install/go2_interfaces/include/go2_interfaces/go2_interfaces/msg
[11.042s] -- Installing: /home/hiwilab/Project/DOG/ros2_ws/install/go2_interfaces/include/go2_interfaces/go2_interfaces/msg/rosidl_typesupport_fastrtps_cpp__visibility_control.h
[11.042s] -- Up-to-date: /home/hiwilab/Project/DOG/ros2_ws/install/go2_interfaces/include/go2_interfaces/go2_interfaces/msg/detail
[11.042s] -- Installing: /home/hiwilab/Project/DOG/ros2_ws/install/go2_interfaces/include/go2_interfaces/go2_interfaces/msg/detail/go2_move__rosidl_typesupport_fastrtps_cpp.hpp
[11.042s] -- Installing: /home/hiwilab/Project/DOG/ros2_ws/install/go2_interfaces/include/go2_interfaces/go2_interfaces/msg/detail/go2_state__rosidl_typesupport_fastrtps_cpp.hpp
[11.042s] -- Installing: /home/hiwilab/Project/DOG/ros2_ws/install/go2_interfaces/include/go2_interfaces/go2_interfaces/msg/detail/imu__rosidl_typesupport_fastrtps_cpp.hpp
[11.042s] -- Installing: /home/hiwilab/Project/DOG/ros2_ws/install/go2_interfaces/include/go2_interfaces/go2_interfaces/msg/detail/go2_rpy_cmd__rosidl_typesupport_fastrtps_cpp.hpp
[11.042s] -- Installing: /home/hiwilab/Project/DOG/ros2_ws/install/go2_interfaces/include/go2_interfaces/go2_interfaces/msg/detail/go2_cmd__rosidl_typesupport_fastrtps_cpp.hpp
[11.042s] -- Installing: /home/hiwilab/Project/DOG/ros2_ws/install/go2_interfaces/include/go2_interfaces/go2_interfaces/msg/detail/dds_fastrtps
[11.042s] -- Installing: /home/hiwilab/Project/DOG/ros2_ws/install/go2_interfaces/lib/libgo2_interfaces__rosidl_typesupport_fastrtps_cpp.so
[11.043s] -- Set runtime path of "/home/hiwilab/Project/DOG/ros2_ws/install/go2_interfaces/lib/libgo2_interfaces__rosidl_typesupport_fastrtps_cpp.so" to ""
[11.043s] -- Up-to-date: /home/hiwilab/Project/DOG/ros2_ws/install/go2_interfaces/include/go2_interfaces/go2_interfaces
[11.043s] -- Up-to-date: /home/hiwilab/Project/DOG/ros2_ws/install/go2_interfaces/include/go2_interfaces/go2_interfaces/msg
[11.043s] -- Up-to-date: /home/hiwilab/Project/DOG/ros2_ws/install/go2_interfaces/include/go2_interfaces/go2_interfaces/msg/detail
[11.043s] -- Installing: /home/hiwilab/Project/DOG/ros2_ws/install/go2_interfaces/include/go2_interfaces/go2_interfaces/msg/detail/imu__type_support.c
[11.044s] -- Installing: /home/hiwilab/Project/DOG/ros2_ws/install/go2_interfaces/include/go2_interfaces/go2_interfaces/msg/detail/go2_move__rosidl_typesupport_introspection_c.h
[11.044s] -- Installing: /home/hiwilab/Project/DOG/ros2_ws/install/go2_interfaces/include/go2_interfaces/go2_interfaces/msg/detail/go2_cmd__type_support.c
[11.044s] -- Installing: /home/hiwilab/Project/DOG/ros2_ws/install/go2_interfaces/include/go2_interfaces/go2_interfaces/msg/detail/imu__rosidl_typesupport_introspection_c.h
[11.044s] -- Installing: /home/hiwilab/Project/DOG/ros2_ws/install/go2_interfaces/include/go2_interfaces/go2_interfaces/msg/detail/go2_cmd__rosidl_typesupport_introspection_c.h
[11.044s] -- Installing: /home/hiwilab/Project/DOG/ros2_ws/install/go2_interfaces/include/go2_interfaces/go2_interfaces/msg/detail/go2_rpy_cmd__type_support.c
[11.044s] -- Installing: /home/hiwilab/Project/DOG/ros2_ws/install/go2_interfaces/include/go2_interfaces/go2_interfaces/msg/detail/go2_state__type_support.c
[11.044s] -- Installing: /home/hiwilab/Project/DOG/ros2_ws/install/go2_interfaces/include/go2_interfaces/go2_interfaces/msg/detail/go2_rpy_cmd__rosidl_typesupport_introspection_c.h
[11.044s] -- Installing: /home/hiwilab/Project/DOG/ros2_ws/install/go2_interfaces/include/go2_interfaces/go2_interfaces/msg/detail/go2_state__rosidl_typesupport_introspection_c.h
[11.044s] -- Installing: /home/hiwilab/Project/DOG/ros2_ws/install/go2_interfaces/include/go2_interfaces/go2_interfaces/msg/detail/go2_move__type_support.c
[11.045s] -- Installing: /home/hiwilab/Project/DOG/ros2_ws/install/go2_interfaces/include/go2_interfaces/go2_interfaces/msg/rosidl_typesupport_introspection_c__visibility_control.h
[11.045s] -- Installing: /home/hiwilab/Project/DOG/ros2_ws/install/go2_interfaces/lib/libgo2_interfaces__rosidl_typesupport_introspection_c.so
[11.045s] -- Set runtime path of "/home/hiwilab/Project/DOG/ros2_ws/install/go2_interfaces/lib/libgo2_interfaces__rosidl_typesupport_introspection_c.so" to ""
[11.045s] -- Installing: /home/hiwilab/Project/DOG/ros2_ws/install/go2_interfaces/lib/libgo2_interfaces__rosidl_typesupport_c.so
[11.045s] -- Set runtime path of "/home/hiwilab/Project/DOG/ros2_ws/install/go2_interfaces/lib/libgo2_interfaces__rosidl_typesupport_c.so" to ""
[11.045s] -- Up-to-date: /home/hiwilab/Project/DOG/ros2_ws/install/go2_interfaces/include/go2_interfaces/go2_interfaces
[11.045s] -- Up-to-date: /home/hiwilab/Project/DOG/ros2_ws/install/go2_interfaces/include/go2_interfaces/go2_interfaces/msg
[11.045s] -- Up-to-date: /home/hiwilab/Project/DOG/ros2_ws/install/go2_interfaces/include/go2_interfaces/go2_interfaces/msg/detail
[11.045s] -- Installing: /home/hiwilab/Project/DOG/ros2_ws/install/go2_interfaces/include/go2_interfaces/go2_interfaces/msg/detail/go2_rpy_cmd__rosidl_typesupport_introspection_cpp.hpp
[11.046s] -- Installing: /home/hiwilab/Project/DOG/ros2_ws/install/go2_interfaces/include/go2_interfaces/go2_interfaces/msg/detail/go2_move__rosidl_typesupport_introspection_cpp.hpp
[11.046s] -- Installing: /home/hiwilab/Project/DOG/ros2_ws/install/go2_interfaces/include/go2_interfaces/go2_interfaces/msg/detail/go2_cmd__type_support.cpp
[11.046s] -- Installing: /home/hiwilab/Project/DOG/ros2_ws/install/go2_interfaces/include/go2_interfaces/go2_interfaces/msg/detail/imu__rosidl_typesupport_introspection_cpp.hpp
[11.046s] -- Installing: /home/hiwilab/Project/DOG/ros2_ws/install/go2_interfaces/include/go2_interfaces/go2_interfaces/msg/detail/go2_move__type_support.cpp
[11.046s] -- Installing: /home/hiwilab/Project/DOG/ros2_ws/install/go2_interfaces/include/go2_interfaces/go2_interfaces/msg/detail/go2_rpy_cmd__type_support.cpp
[11.046s] -- Installing: /home/hiwilab/Project/DOG/ros2_ws/install/go2_interfaces/include/go2_interfaces/go2_interfaces/msg/detail/imu__type_support.cpp
[11.046s] -- Installing: /home/hiwilab/Project/DOG/ros2_ws/install/go2_interfaces/include/go2_interfaces/go2_interfaces/msg/detail/go2_cmd__rosidl_typesupport_introspection_cpp.hpp
[11.046s] -- Installing: /home/hiwilab/Project/DOG/ros2_ws/install/go2_interfaces/include/go2_interfaces/go2_interfaces/msg/detail/go2_state__type_support.cpp
[11.046s] -- Installing: /home/hiwilab/Project/DOG/ros2_ws/install/go2_interfaces/include/go2_interfaces/go2_interfaces/msg/detail/go2_state__rosidl_typesupport_introspection_cpp.hpp
[11.046s] -- Installing: /home/hiwilab/Project/DOG/ros2_ws/install/go2_interfaces/lib/libgo2_interfaces__rosidl_typesupport_introspection_cpp.so
[11.046s] -- Set runtime path of "/home/hiwilab/Project/DOG/ros2_ws/install/go2_interfaces/lib/libgo2_interfaces__rosidl_typesupport_introspection_cpp.so" to ""
[11.046s] -- Installing: /home/hiwilab/Project/DOG/ros2_ws/install/go2_interfaces/lib/libgo2_interfaces__rosidl_typesupport_cpp.so
[11.047s] -- Set runtime path of "/home/hiwilab/Project/DOG/ros2_ws/install/go2_interfaces/lib/libgo2_interfaces__rosidl_typesupport_cpp.so" to ""
[11.047s] -- Installing: /home/hiwilab/Project/DOG/ros2_ws/install/go2_interfaces/share/go2_interfaces/environment/pythonpath.sh
[11.047s] -- Installing: /home/hiwilab/Project/DOG/ros2_ws/install/go2_interfaces/share/go2_interfaces/environment/pythonpath.dsv
[11.047s] -- Installing: /home/hiwilab/Project/DOG/ros2_ws/install/go2_interfaces/local/lib/python3.10/dist-packages/go2_interfaces-0.0.0-py3.10.egg-info
[11.047s] -- Installing: /home/hiwilab/Project/DOG/ros2_ws/install/go2_interfaces/local/lib/python3.10/dist-packages/go2_interfaces-0.0.0-py3.10.egg-info/top_level.txt
[11.047s] -- Installing: /home/hiwilab/Project/DOG/ros2_ws/install/go2_interfaces/local/lib/python3.10/dist-packages/go2_interfaces-0.0.0-py3.10.egg-info/SOURCES.txt
[11.048s] -- Installing: /home/hiwilab/Project/DOG/ros2_ws/install/go2_interfaces/local/lib/python3.10/dist-packages/go2_interfaces-0.0.0-py3.10.egg-info/dependency_links.txt
[11.048s] -- Installing: /home/hiwilab/Project/DOG/ros2_ws/install/go2_interfaces/local/lib/python3.10/dist-packages/go2_interfaces-0.0.0-py3.10.egg-info/PKG-INFO
[11.048s] -- Installing: /home/hiwilab/Project/DOG/ros2_ws/install/go2_interfaces/local/lib/python3.10/dist-packages/go2_interfaces
[11.048s] -- Installing: /home/hiwilab/Project/DOG/ros2_ws/install/go2_interfaces/local/lib/python3.10/dist-packages/go2_interfaces/_go2_interfaces_s.ep.rosidl_typesupport_fastrtps_c.c
[11.048s] -- Installing: /home/hiwilab/Project/DOG/ros2_ws/install/go2_interfaces/local/lib/python3.10/dist-packages/go2_interfaces/libgo2_interfaces__rosidl_generator_py.so
[11.049s] -- Installing: /home/hiwilab/Project/DOG/ros2_ws/install/go2_interfaces/local/lib/python3.10/dist-packages/go2_interfaces/go2_interfaces_s__rosidl_typesupport_c.cpython-310-x86_64-linux-gnu.so
[11.049s] -- Installing: /home/hiwilab/Project/DOG/ros2_ws/install/go2_interfaces/local/lib/python3.10/dist-packages/go2_interfaces/__init__.py
[11.049s] -- Installing: /home/hiwilab/Project/DOG/ros2_ws/install/go2_interfaces/local/lib/python3.10/dist-packages/go2_interfaces/go2_interfaces_s__rosidl_typesupport_fastrtps_c.cpython-310-x86_64-linux-gnu.so
[11.049s] -- Installing: /home/hiwilab/Project/DOG/ros2_ws/install/go2_interfaces/local/lib/python3.10/dist-packages/go2_interfaces/_go2_interfaces_s.ep.rosidl_typesupport_introspection_c.c
[11.049s] -- Installing: /home/hiwilab/Project/DOG/ros2_ws/install/go2_interfaces/local/lib/python3.10/dist-packages/go2_interfaces/msg
[11.049s] -- Installing: /home/hiwilab/Project/DOG/ros2_ws/install/go2_interfaces/local/lib/python3.10/dist-packages/go2_interfaces/msg/_go2_move.py
[11.049s] -- Installing: /home/hiwilab/Project/DOG/ros2_ws/install/go2_interfaces/local/lib/python3.10/dist-packages/go2_interfaces/msg/__init__.py
[11.050s] -- Installing: /home/hiwilab/Project/DOG/ros2_ws/install/go2_interfaces/local/lib/python3.10/dist-packages/go2_interfaces/msg/_imu_s.c
[11.050s] -- Installing: /home/hiwilab/Project/DOG/ros2_ws/install/go2_interfaces/local/lib/python3.10/dist-packages/go2_interfaces/msg/_go2_move_s.c
[11.050s] -- Installing: /home/hiwilab/Project/DOG/ros2_ws/install/go2_interfaces/local/lib/python3.10/dist-packages/go2_interfaces/msg/_go2_state.py
[11.050s] -- Installing: /home/hiwilab/Project/DOG/ros2_ws/install/go2_interfaces/local/lib/python3.10/dist-packages/go2_interfaces/msg/_go2_cmd_s.c
[11.050s] -- Installing: /home/hiwilab/Project/DOG/ros2_ws/install/go2_interfaces/local/lib/python3.10/dist-packages/go2_interfaces/msg/_imu.py
[11.050s] -- Installing: /home/hiwilab/Project/DOG/ros2_ws/install/go2_interfaces/local/lib/python3.10/dist-packages/go2_interfaces/msg/_go2_rpy_cmd.py
[11.050s] -- Installing: /home/hiwilab/Project/DOG/ros2_ws/install/go2_interfaces/local/lib/python3.10/dist-packages/go2_interfaces/msg/_go2_state_s.c
[11.050s] -- Installing: /home/hiwilab/Project/DOG/ros2_ws/install/go2_interfaces/local/lib/python3.10/dist-packages/go2_interfaces/msg/_go2_cmd.py
[11.050s] -- Installing: /home/hiwilab/Project/DOG/ros2_ws/install/go2_interfaces/local/lib/python3.10/dist-packages/go2_interfaces/msg/_go2_rpy_cmd_s.c
[11.050s] -- Installing: /home/hiwilab/Project/DOG/ros2_ws/install/go2_interfaces/local/lib/python3.10/dist-packages/go2_interfaces/go2_interfaces_s__rosidl_typesupport_introspection_c.cpython-310-x86_64-linux-gnu.so
[11.050s] -- Installing: /home/hiwilab/Project/DOG/ros2_ws/install/go2_interfaces/local/lib/python3.10/dist-packages/go2_interfaces/_go2_interfaces_s.ep.rosidl_typesupport_c.c
[11.081s] Listing '/home/hiwilab/Project/DOG/ros2_ws/install/go2_interfaces/local/lib/python3.10/dist-packages/go2_interfaces'...
[11.081s] Compiling '/home/hiwilab/Project/DOG/ros2_ws/install/go2_interfaces/local/lib/python3.10/dist-packages/go2_interfaces/__init__.py'...
[11.081s] Listing '/home/hiwilab/Project/DOG/ros2_ws/install/go2_interfaces/local/lib/python3.10/dist-packages/go2_interfaces/msg'...
[11.081s] Compiling '/home/hiwilab/Project/DOG/ros2_ws/install/go2_interfaces/local/lib/python3.10/dist-packages/go2_interfaces/msg/__init__.py'...
[11.081s] Compiling '/home/hiwilab/Project/DOG/ros2_ws/install/go2_interfaces/local/lib/python3.10/dist-packages/go2_interfaces/msg/_go2_cmd.py'...
[11.081s] Compiling '/home/hiwilab/Project/DOG/ros2_ws/install/go2_interfaces/local/lib/python3.10/dist-packages/go2_interfaces/msg/_go2_move.py'...
[11.081s] Compiling '/home/hiwilab/Project/DOG/ros2_ws/install/go2_interfaces/local/lib/python3.10/dist-packages/go2_interfaces/msg/_go2_rpy_cmd.py'...
[11.081s] Compiling '/home/hiwilab/Project/DOG/ros2_ws/install/go2_interfaces/local/lib/python3.10/dist-packages/go2_interfaces/msg/_go2_state.py'...
[11.081s] Compiling '/home/hiwilab/Project/DOG/ros2_ws/install/go2_interfaces/local/lib/python3.10/dist-packages/go2_interfaces/msg/_imu.py'...
[11.085s] -- Installing: /home/hiwilab/Project/DOG/ros2_ws/install/go2_interfaces/local/lib/python3.10/dist-packages/go2_interfaces/go2_interfaces_s__rosidl_typesupport_fastrtps_c.cpython-310-x86_64-linux-gnu.so
[11.085s] -- Set runtime path of "/home/hiwilab/Project/DOG/ros2_ws/install/go2_interfaces/local/lib/python3.10/dist-packages/go2_interfaces/go2_interfaces_s__rosidl_typesupport_fastrtps_c.cpython-310-x86_64-linux-gnu.so" to ""
[11.085s] -- Installing: /home/hiwilab/Project/DOG/ros2_ws/install/go2_interfaces/local/lib/python3.10/dist-packages/go2_interfaces/go2_interfaces_s__rosidl_typesupport_introspection_c.cpython-310-x86_64-linux-gnu.so
[11.085s] -- Set runtime path of "/home/hiwilab/Project/DOG/ros2_ws/install/go2_interfaces/local/lib/python3.10/dist-packages/go2_interfaces/go2_interfaces_s__rosidl_typesupport_introspection_c.cpython-310-x86_64-linux-gnu.so" to ""
[11.086s] -- Installing: /home/hiwilab/Project/DOG/ros2_ws/install/go2_interfaces/local/lib/python3.10/dist-packages/go2_interfaces/go2_interfaces_s__rosidl_typesupport_c.cpython-310-x86_64-linux-gnu.so
[11.086s] -- Set runtime path of "/home/hiwilab/Project/DOG/ros2_ws/install/go2_interfaces/local/lib/python3.10/dist-packages/go2_interfaces/go2_interfaces_s__rosidl_typesupport_c.cpython-310-x86_64-linux-gnu.so" to ""
[11.086s] -- Installing: /home/hiwilab/Project/DOG/ros2_ws/install/go2_interfaces/lib/libgo2_interfaces__rosidl_generator_py.so
[11.086s] -- Set runtime path of "/home/hiwilab/Project/DOG/ros2_ws/install/go2_interfaces/lib/libgo2_interfaces__rosidl_generator_py.so" to ""
[11.086s] -- Installing: /home/hiwilab/Project/DOG/ros2_ws/install/go2_interfaces/share/go2_interfaces/msg/Go2Cmd.idl
[11.087s] -- Installing: /home/hiwilab/Project/DOG/ros2_ws/install/go2_interfaces/share/go2_interfaces/msg/Go2State.idl
[11.087s] -- Installing: /home/hiwilab/Project/DOG/ros2_ws/install/go2_interfaces/share/go2_interfaces/msg/Go2Move.idl
[11.087s] -- Installing: /home/hiwilab/Project/DOG/ros2_ws/install/go2_interfaces/share/go2_interfaces/msg/Go2RpyCmd.idl
[11.087s] -- Installing: /home/hiwilab/Project/DOG/ros2_ws/install/go2_interfaces/share/go2_interfaces/msg/IMU.idl
[11.087s] -- Installing: /home/hiwilab/Project/DOG/ros2_ws/install/go2_interfaces/share/go2_interfaces/msg/Go2Cmd.msg
[11.087s] -- Installing: /home/hiwilab/Project/DOG/ros2_ws/install/go2_interfaces/share/go2_interfaces/msg/Go2State.msg
[11.087s] -- Installing: /home/hiwilab/Project/DOG/ros2_ws/install/go2_interfaces/share/go2_interfaces/msg/Go2Move.msg
[11.087s] -- Installing: /home/hiwilab/Project/DOG/ros2_ws/install/go2_interfaces/share/go2_interfaces/msg/Go2RpyCmd.msg
[11.087s] -- Installing: /home/hiwilab/Project/DOG/ros2_ws/install/go2_interfaces/share/go2_interfaces/msg/IMU.msg
[11.088s] -- Installing: /home/hiwilab/Project/DOG/ros2_ws/install/go2_interfaces/share/ament_index/resource_index/package_run_dependencies/go2_interfaces
[11.088s] -- Installing: /home/hiwilab/Project/DOG/ros2_ws/install/go2_interfaces/share/ament_index/resource_index/parent_prefix_path/go2_interfaces
[11.088s] -- Installing: /home/hiwilab/Project/DOG/ros2_ws/install/go2_interfaces/share/go2_interfaces/environment/ament_prefix_path.sh
[11.088s] -- Installing: /home/hiwilab/Project/DOG/ros2_ws/install/go2_interfaces/share/go2_interfaces/environment/ament_prefix_path.dsv
[11.088s] -- Installing: /home/hiwilab/Project/DOG/ros2_ws/install/go2_interfaces/share/go2_interfaces/environment/path.sh
[11.088s] -- Installing: /home/hiwilab/Project/DOG/ros2_ws/install/go2_interfaces/share/go2_interfaces/environment/path.dsv
[11.088s] -- Installing: /home/hiwilab/Project/DOG/ros2_ws/install/go2_interfaces/share/go2_interfaces/local_setup.bash
[11.089s] -- Installing: /home/hiwilab/Project/DOG/ros2_ws/install/go2_interfaces/share/go2_interfaces/local_setup.sh
[11.089s] -- Installing: /home/hiwilab/Project/DOG/ros2_ws/install/go2_interfaces/share/go2_interfaces/local_setup.zsh
[11.089s] -- Installing: /home/hiwilab/Project/DOG/ros2_ws/install/go2_interfaces/share/go2_interfaces/local_setup.dsv
[11.089s] -- Installing: /home/hiwilab/Project/DOG/ros2_ws/install/go2_interfaces/share/go2_interfaces/package.dsv
[11.089s] -- Installing: /home/hiwilab/Project/DOG/ros2_ws/install/go2_interfaces/share/ament_index/resource_index/packages/go2_interfaces
[11.089s] -- Installing: /home/hiwilab/Project/DOG/ros2_ws/install/go2_interfaces/share/go2_interfaces/cmake/export_go2_interfaces__rosidl_generator_cExport.cmake
[11.089s] -- Installing: /home/hiwilab/Project/DOG/ros2_ws/install/go2_interfaces/share/go2_interfaces/cmake/export_go2_interfaces__rosidl_generator_cExport-noconfig.cmake
[11.090s] -- Installing: /home/hiwilab/Project/DOG/ros2_ws/install/go2_interfaces/share/go2_interfaces/cmake/export_go2_interfaces__rosidl_typesupport_fastrtps_cExport.cmake
[11.090s] -- Installing: /home/hiwilab/Project/DOG/ros2_ws/install/go2_interfaces/share/go2_interfaces/cmake/export_go2_interfaces__rosidl_typesupport_fastrtps_cExport-noconfig.cmake
[11.090s] -- Installing: /home/hiwilab/Project/DOG/ros2_ws/install/go2_interfaces/share/go2_interfaces/cmake/export_go2_interfaces__rosidl_generator_cppExport.cmake
[11.090s] -- Installing: /home/hiwilab/Project/DOG/ros2_ws/install/go2_interfaces/share/go2_interfaces/cmake/export_go2_interfaces__rosidl_typesupport_fastrtps_cppExport.cmake
[11.090s] -- Installing: /home/hiwilab/Project/DOG/ros2_ws/install/go2_interfaces/share/go2_interfaces/cmake/export_go2_interfaces__rosidl_typesupport_fastrtps_cppExport-noconfig.cmake
[11.090s] -- Installing: /home/hiwilab/Project/DOG/ros2_ws/install/go2_interfaces/share/go2_interfaces/cmake/go2_interfaces__rosidl_typesupport_introspection_cExport.cmake
[11.090s] -- Installing: /home/hiwilab/Project/DOG/ros2_ws/install/go2_interfaces/share/go2_interfaces/cmake/go2_interfaces__rosidl_typesupport_introspection_cExport-noconfig.cmake
[11.090s] -- Installing: /home/hiwilab/Project/DOG/ros2_ws/install/go2_interfaces/share/go2_interfaces/cmake/go2_interfaces__rosidl_typesupport_cExport.cmake
[11.091s] -- Installing: /home/hiwilab/Project/DOG/ros2_ws/install/go2_interfaces/share/go2_interfaces/cmake/go2_interfaces__rosidl_typesupport_cExport-noconfig.cmake
[11.091s] -- Installing: /home/hiwilab/Project/DOG/ros2_ws/install/go2_interfaces/share/go2_interfaces/cmake/go2_interfaces__rosidl_typesupport_introspection_cppExport.cmake
[11.091s] -- Installing: /home/hiwilab/Project/DOG/ros2_ws/install/go2_interfaces/share/go2_interfaces/cmake/go2_interfaces__rosidl_typesupport_introspection_cppExport-noconfig.cmake
[11.091s] -- Installing: /home/hiwilab/Project/DOG/ros2_ws/install/go2_interfaces/share/go2_interfaces/cmake/go2_interfaces__rosidl_typesupport_cppExport.cmake
[11.091s] -- Installing: /home/hiwilab/Project/DOG/ros2_ws/install/go2_interfaces/share/go2_interfaces/cmake/go2_interfaces__rosidl_typesupport_cppExport-noconfig.cmake
[11.091s] -- Installing: /home/hiwilab/Project/DOG/ros2_ws/install/go2_interfaces/share/go2_interfaces/cmake/export_go2_interfaces__rosidl_generator_pyExport.cmake
[11.091s] -- Installing: /home/hiwilab/Project/DOG/ros2_ws/install/go2_interfaces/share/go2_interfaces/cmake/export_go2_interfaces__rosidl_generator_pyExport-noconfig.cmake
[11.091s] -- Installing: /home/hiwilab/Project/DOG/ros2_ws/install/go2_interfaces/share/go2_interfaces/cmake/rosidl_cmake-extras.cmake
[11.091s] -- Installing: /home/hiwilab/Project/DOG/ros2_ws/install/go2_interfaces/share/go2_interfaces/cmake/ament_cmake_export_dependencies-extras.cmake
[11.091s] -- Installing: /home/hiwilab/Project/DOG/ros2_ws/install/go2_interfaces/share/go2_interfaces/cmake/ament_cmake_export_include_directories-extras.cmake
[11.091s] -- Installing: /home/hiwilab/Project/DOG/ros2_ws/install/go2_interfaces/share/go2_interfaces/cmake/ament_cmake_export_libraries-extras.cmake
[11.092s] -- Installing: /home/hiwilab/Project/DOG/ros2_ws/install/go2_interfaces/share/go2_interfaces/cmake/ament_cmake_export_targets-extras.cmake
[11.092s] -- Installing: /home/hiwilab/Project/DOG/ros2_ws/install/go2_interfaces/share/go2_interfaces/cmake/rosidl_cmake_export_typesupport_targets-extras.cmake
[11.092s] -- Installing: /home/hiwilab/Project/DOG/ros2_ws/install/go2_interfaces/share/go2_interfaces/cmake/rosidl_cmake_export_typesupport_libraries-extras.cmake
[11.092s] -- Installing: /home/hiwilab/Project/DOG/ros2_ws/install/go2_interfaces/share/go2_interfaces/cmake/go2_interfacesConfig.cmake
[11.092s] -- Installing: /home/hiwilab/Project/DOG/ros2_ws/install/go2_interfaces/share/go2_interfaces/cmake/go2_interfacesConfig-version.cmake
[11.092s] -- Installing: /home/hiwilab/Project/DOG/ros2_ws/install/go2_interfaces/share/go2_interfaces/package.xml
[11.094s] Invoked command in '/home/hiwilab/Project/DOG/ros2_ws/build/go2_interfaces' returned '0': CMAKE_PREFIX_PATH=${CMAKE_PREFIX_PATH}:/home/hiwilab/Project/DOG/ros2_ws/install/go2_robot_sdk:/home/hiwilab/Project/DOG/ros2_ws/install/go2_gps_nav:/home/hiwilab/Project/DOG/ros2_ws/install/coco_detector:/opt/ros/humble /usr/bin/cmake --install /home/hiwilab/Project/DOG/ros2_ws/build/go2_interfaces
