[0.213s] DEBUG:colcon:Command line arguments: ['/usr/bin/colcon', 'build']
[0.213s] DEBUG:colcon:Parsed command line arguments: Namespace(log_base=None, log_level=None, verb_name='build', build_base='build', install_base='install', merge_install=False, symlink_install=False, test_result_base=None, continue_on_error=False, executor='parallel', parallel_workers=8, event_handlers=None, ignore_user_meta=False, metas=['./colcon.meta'], base_paths=['.'], packages_ignore=None, packages_ignore_regex=None, paths=None, packages_up_to=None, packages_up_to_regex=None, packages_above=None, packages_above_and_dependencies=None, packages_above_depth=None, packages_select_by_dep=None, packages_skip_by_dep=None, packages_skip_up_to=None, packages_select_build_failed=False, packages_skip_build_finished=False, packages_select_test_failures=False, packages_skip_test_passed=False, packages_select=None, packages_skip=None, packages_select_regex=None, packages_skip_regex=None, packages_start=None, packages_end=None, allow_overriding=[], cmake_args=None, cmake_target=None, cmake_target_skip_unavailable=False, cmake_clean_cache=False, cmake_clean_first=False, cmake_force_configure=False, ament_cmake_args=None, catkin_cmake_args=None, catkin_skip_building_tests=False, verb_parser=<colcon_defaults.argument_parser.defaults.DefaultArgumentsDecorator object at 0x7f769d5315d0>, verb_extension=<colcon_core.verb.build.BuildVerb object at 0x7f769d531090>, main=<bound method BuildVerb.main of <colcon_core.verb.build.BuildVerb object at 0x7f769d531090>>)
[0.421s] Level 1:colcon.colcon_core.package_discovery:discover_packages(colcon_meta) check parameters
[0.421s] Level 1:colcon.colcon_core.package_discovery:discover_packages(recursive) check parameters
[0.421s] Level 1:colcon.colcon_core.package_discovery:discover_packages(ignore) check parameters
[0.421s] Level 1:colcon.colcon_core.package_discovery:discover_packages(path) check parameters
[0.421s] Level 1:colcon.colcon_core.package_discovery:discover_packages(colcon_meta) discover
[0.421s] Level 1:colcon.colcon_core.package_discovery:discover_packages(recursive) discover
[0.421s] INFO:colcon.colcon_core.package_discovery:Crawling recursively for packages in '/home/hiwilab/Project/DOG/ros2_ws'
[0.421s] Level 1:colcon.colcon_core.package_identification:_identify(.) by extensions ['ignore', 'ignore_ament_install']
[0.421s] Level 1:colcon.colcon_core.package_identification:_identify(.) by extension 'ignore'
[0.421s] Level 1:colcon.colcon_core.package_identification:_identify(.) by extension 'ignore_ament_install'
[0.421s] Level 1:colcon.colcon_core.package_identification:_identify(.) by extensions ['colcon_pkg']
[0.421s] Level 1:colcon.colcon_core.package_identification:_identify(.) by extension 'colcon_pkg'
[0.422s] Level 1:colcon.colcon_core.package_identification:_identify(.) by extensions ['colcon_meta']
[0.422s] Level 1:colcon.colcon_core.package_identification:_identify(.) by extension 'colcon_meta'
[0.422s] Level 1:colcon.colcon_core.package_identification:_identify(.) by extensions ['ros']
[0.422s] Level 1:colcon.colcon_core.package_identification:_identify(.) by extension 'ros'
[0.441s] Level 1:colcon.colcon_core.package_identification:_identify(.) by extensions ['cmake', 'python']
[0.441s] Level 1:colcon.colcon_core.package_identification:_identify(.) by extension 'cmake'
[0.441s] Level 1:colcon.colcon_core.package_identification:_identify(.) by extension 'python'
[0.441s] Level 1:colcon.colcon_core.package_identification:_identify(.) by extensions ['python_setup_py']
[0.441s] Level 1:colcon.colcon_core.package_identification:_identify(.) by extension 'python_setup_py'
[0.441s] Level 1:colcon.colcon_core.package_identification:_identify(build) by extensions ['ignore', 'ignore_ament_install']
[0.441s] Level 1:colcon.colcon_core.package_identification:_identify(build) by extension 'ignore'
[0.441s] Level 1:colcon.colcon_core.package_identification:_identify(build) ignored
[0.441s] Level 1:colcon.colcon_core.package_identification:_identify(install) by extensions ['ignore', 'ignore_ament_install']
[0.442s] Level 1:colcon.colcon_core.package_identification:_identify(install) by extension 'ignore'
[0.442s] Level 1:colcon.colcon_core.package_identification:_identify(install) ignored
[0.442s] Level 1:colcon.colcon_core.package_identification:_identify(log) by extensions ['ignore', 'ignore_ament_install']
[0.442s] Level 1:colcon.colcon_core.package_identification:_identify(log) by extension 'ignore'
[0.442s] Level 1:colcon.colcon_core.package_identification:_identify(log) ignored
[0.442s] Level 1:colcon.colcon_core.package_identification:_identify(src) by extensions ['ignore', 'ignore_ament_install']
[0.442s] Level 1:colcon.colcon_core.package_identification:_identify(src) by extension 'ignore'
[0.442s] Level 1:colcon.colcon_core.package_identification:_identify(src) by extension 'ignore_ament_install'
[0.442s] Level 1:colcon.colcon_core.package_identification:_identify(src) by extensions ['colcon_pkg']
[0.442s] Level 1:colcon.colcon_core.package_identification:_identify(src) by extension 'colcon_pkg'
[0.442s] Level 1:colcon.colcon_core.package_identification:_identify(src) by extensions ['colcon_meta']
[0.442s] Level 1:colcon.colcon_core.package_identification:_identify(src) by extension 'colcon_meta'
[0.442s] Level 1:colcon.colcon_core.package_identification:_identify(src) by extensions ['ros']
[0.442s] Level 1:colcon.colcon_core.package_identification:_identify(src) by extension 'ros'
[0.442s] Level 1:colcon.colcon_core.package_identification:_identify(src) by extensions ['cmake', 'python']
[0.442s] Level 1:colcon.colcon_core.package_identification:_identify(src) by extension 'cmake'
[0.443s] Level 1:colcon.colcon_core.package_identification:_identify(src) by extension 'python'
[0.443s] Level 1:colcon.colcon_core.package_identification:_identify(src) by extensions ['python_setup_py']
[0.443s] Level 1:colcon.colcon_core.package_identification:_identify(src) by extension 'python_setup_py'
[0.443s] Level 1:colcon.colcon_core.package_identification:_identify(src/coco_detector) by extensions ['ignore', 'ignore_ament_install']
[0.443s] Level 1:colcon.colcon_core.package_identification:_identify(src/coco_detector) by extension 'ignore'
[0.443s] Level 1:colcon.colcon_core.package_identification:_identify(src/coco_detector) by extension 'ignore_ament_install'
[0.443s] Level 1:colcon.colcon_core.package_identification:_identify(src/coco_detector) by extensions ['colcon_pkg']
[0.443s] Level 1:colcon.colcon_core.package_identification:_identify(src/coco_detector) by extension 'colcon_pkg'
[0.443s] Level 1:colcon.colcon_core.package_identification:_identify(src/coco_detector) by extensions ['colcon_meta']
[0.443s] Level 1:colcon.colcon_core.package_identification:_identify(src/coco_detector) by extension 'colcon_meta'
[0.443s] Level 1:colcon.colcon_core.package_identification:_identify(src/coco_detector) by extensions ['ros']
[0.443s] Level 1:colcon.colcon_core.package_identification:_identify(src/coco_detector) by extension 'ros'
[0.445s] DEBUG:colcon.colcon_core.package_identification:Package 'src/coco_detector' with type 'ros.ament_python' and name 'coco_detector'
[0.445s] Level 1:colcon.colcon_core.package_identification:_identify(src/doc_images) by extensions ['ignore', 'ignore_ament_install']
[0.445s] Level 1:colcon.colcon_core.package_identification:_identify(src/doc_images) by extension 'ignore'
[0.445s] Level 1:colcon.colcon_core.package_identification:_identify(src/doc_images) by extension 'ignore_ament_install'
[0.445s] Level 1:colcon.colcon_core.package_identification:_identify(src/doc_images) by extensions ['colcon_pkg']
[0.445s] Level 1:colcon.colcon_core.package_identification:_identify(src/doc_images) by extension 'colcon_pkg'
[0.445s] Level 1:colcon.colcon_core.package_identification:_identify(src/doc_images) by extensions ['colcon_meta']
[0.445s] Level 1:colcon.colcon_core.package_identification:_identify(src/doc_images) by extension 'colcon_meta'
[0.445s] Level 1:colcon.colcon_core.package_identification:_identify(src/doc_images) by extensions ['ros']
[0.445s] Level 1:colcon.colcon_core.package_identification:_identify(src/doc_images) by extension 'ros'
[0.446s] Level 1:colcon.colcon_core.package_identification:_identify(src/doc_images) by extensions ['cmake', 'python']
[0.446s] Level 1:colcon.colcon_core.package_identification:_identify(src/doc_images) by extension 'cmake'
[0.446s] Level 1:colcon.colcon_core.package_identification:_identify(src/doc_images) by extension 'python'
[0.446s] Level 1:colcon.colcon_core.package_identification:_identify(src/doc_images) by extensions ['python_setup_py']
[0.446s] Level 1:colcon.colcon_core.package_identification:_identify(src/doc_images) by extension 'python_setup_py'
[0.446s] Level 1:colcon.colcon_core.package_identification:_identify(src/docker) by extensions ['ignore', 'ignore_ament_install']
[0.446s] Level 1:colcon.colcon_core.package_identification:_identify(src/docker) by extension 'ignore'
[0.446s] Level 1:colcon.colcon_core.package_identification:_identify(src/docker) by extension 'ignore_ament_install'
[0.446s] Level 1:colcon.colcon_core.package_identification:_identify(src/docker) by extensions ['colcon_pkg']
[0.446s] Level 1:colcon.colcon_core.package_identification:_identify(src/docker) by extension 'colcon_pkg'
[0.446s] Level 1:colcon.colcon_core.package_identification:_identify(src/docker) by extensions ['colcon_meta']
[0.446s] Level 1:colcon.colcon_core.package_identification:_identify(src/docker) by extension 'colcon_meta'
[0.446s] Level 1:colcon.colcon_core.package_identification:_identify(src/docker) by extensions ['ros']
[0.446s] Level 1:colcon.colcon_core.package_identification:_identify(src/docker) by extension 'ros'
[0.446s] Level 1:colcon.colcon_core.package_identification:_identify(src/docker) by extensions ['cmake', 'python']
[0.446s] Level 1:colcon.colcon_core.package_identification:_identify(src/docker) by extension 'cmake'
[0.446s] Level 1:colcon.colcon_core.package_identification:_identify(src/docker) by extension 'python'
[0.446s] Level 1:colcon.colcon_core.package_identification:_identify(src/docker) by extensions ['python_setup_py']
[0.446s] Level 1:colcon.colcon_core.package_identification:_identify(src/docker) by extension 'python_setup_py'
[0.446s] Level 1:colcon.colcon_core.package_identification:_identify(src/go2_gps_nav) by extensions ['ignore', 'ignore_ament_install']
[0.446s] Level 1:colcon.colcon_core.package_identification:_identify(src/go2_gps_nav) by extension 'ignore'
[0.446s] Level 1:colcon.colcon_core.package_identification:_identify(src/go2_gps_nav) by extension 'ignore_ament_install'
[0.446s] Level 1:colcon.colcon_core.package_identification:_identify(src/go2_gps_nav) by extensions ['colcon_pkg']
[0.446s] Level 1:colcon.colcon_core.package_identification:_identify(src/go2_gps_nav) by extension 'colcon_pkg'
[0.447s] Level 1:colcon.colcon_core.package_identification:_identify(src/go2_gps_nav) by extensions ['colcon_meta']
[0.447s] Level 1:colcon.colcon_core.package_identification:_identify(src/go2_gps_nav) by extension 'colcon_meta'
[0.447s] Level 1:colcon.colcon_core.package_identification:_identify(src/go2_gps_nav) by extensions ['ros']
[0.447s] Level 1:colcon.colcon_core.package_identification:_identify(src/go2_gps_nav) by extension 'ros'
[0.448s] DEBUG:colcon.colcon_core.package_identification:Package 'src/go2_gps_nav' with type 'ros.ament_python' and name 'go2_gps_nav'
[0.448s] Level 1:colcon.colcon_core.package_identification:_identify(src/go2_interfaces) by extensions ['ignore', 'ignore_ament_install']
[0.448s] Level 1:colcon.colcon_core.package_identification:_identify(src/go2_interfaces) by extension 'ignore'
[0.448s] Level 1:colcon.colcon_core.package_identification:_identify(src/go2_interfaces) by extension 'ignore_ament_install'
[0.448s] Level 1:colcon.colcon_core.package_identification:_identify(src/go2_interfaces) by extensions ['colcon_pkg']
[0.448s] Level 1:colcon.colcon_core.package_identification:_identify(src/go2_interfaces) by extension 'colcon_pkg'
[0.448s] Level 1:colcon.colcon_core.package_identification:_identify(src/go2_interfaces) by extensions ['colcon_meta']
[0.448s] Level 1:colcon.colcon_core.package_identification:_identify(src/go2_interfaces) by extension 'colcon_meta'
[0.448s] Level 1:colcon.colcon_core.package_identification:_identify(src/go2_interfaces) by extensions ['ros']
[0.448s] Level 1:colcon.colcon_core.package_identification:_identify(src/go2_interfaces) by extension 'ros'
[0.449s] DEBUG:colcon.colcon_core.package_identification:Package 'src/go2_interfaces' with type 'ros.ament_cmake' and name 'go2_interfaces'
[0.449s] Level 1:colcon.colcon_core.package_identification:_identify(src/go2_robot_sdk) by extensions ['ignore', 'ignore_ament_install']
[0.449s] Level 1:colcon.colcon_core.package_identification:_identify(src/go2_robot_sdk) by extension 'ignore'
[0.449s] Level 1:colcon.colcon_core.package_identification:_identify(src/go2_robot_sdk) by extension 'ignore_ament_install'
[0.449s] Level 1:colcon.colcon_core.package_identification:_identify(src/go2_robot_sdk) by extensions ['colcon_pkg']
[0.449s] Level 1:colcon.colcon_core.package_identification:_identify(src/go2_robot_sdk) by extension 'colcon_pkg'
[0.449s] Level 1:colcon.colcon_core.package_identification:_identify(src/go2_robot_sdk) by extensions ['colcon_meta']
[0.449s] Level 1:colcon.colcon_core.package_identification:_identify(src/go2_robot_sdk) by extension 'colcon_meta'
[0.449s] Level 1:colcon.colcon_core.package_identification:_identify(src/go2_robot_sdk) by extensions ['ros']
[0.449s] Level 1:colcon.colcon_core.package_identification:_identify(src/go2_robot_sdk) by extension 'ros'
[0.450s] DEBUG:colcon.colcon_core.package_identification:Package 'src/go2_robot_sdk' with type 'ros.ament_python' and name 'go2_robot_sdk'
[0.450s] Level 1:colcon.colcon_core.package_identification:_identify(src/unitree_go) by extensions ['ignore', 'ignore_ament_install']
[0.450s] Level 1:colcon.colcon_core.package_identification:_identify(src/unitree_go) by extension 'ignore'
[0.450s] Level 1:colcon.colcon_core.package_identification:_identify(src/unitree_go) by extension 'ignore_ament_install'
[0.450s] Level 1:colcon.colcon_core.package_identification:_identify(src/unitree_go) by extensions ['colcon_pkg']
[0.450s] Level 1:colcon.colcon_core.package_identification:_identify(src/unitree_go) by extension 'colcon_pkg'
[0.450s] Level 1:colcon.colcon_core.package_identification:_identify(src/unitree_go) by extensions ['colcon_meta']
[0.450s] Level 1:colcon.colcon_core.package_identification:_identify(src/unitree_go) by extension 'colcon_meta'
[0.450s] Level 1:colcon.colcon_core.package_identification:_identify(src/unitree_go) by extensions ['ros']
[0.450s] Level 1:colcon.colcon_core.package_identification:_identify(src/unitree_go) by extension 'ros'
[0.451s] DEBUG:colcon.colcon_core.package_identification:Package 'src/unitree_go' with type 'ros.ament_cmake' and name 'unitree_go'
[0.451s] Level 1:colcon.colcon_core.package_identification:_identify(tts_cache) by extensions ['ignore', 'ignore_ament_install']
[0.451s] Level 1:colcon.colcon_core.package_identification:_identify(tts_cache) by extension 'ignore'
[0.451s] Level 1:colcon.colcon_core.package_identification:_identify(tts_cache) by extension 'ignore_ament_install'
[0.451s] Level 1:colcon.colcon_core.package_identification:_identify(tts_cache) by extensions ['colcon_pkg']
[0.451s] Level 1:colcon.colcon_core.package_identification:_identify(tts_cache) by extension 'colcon_pkg'
[0.451s] Level 1:colcon.colcon_core.package_identification:_identify(tts_cache) by extensions ['colcon_meta']
[0.451s] Level 1:colcon.colcon_core.package_identification:_identify(tts_cache) by extension 'colcon_meta'
[0.451s] Level 1:colcon.colcon_core.package_identification:_identify(tts_cache) by extensions ['ros']
[0.451s] Level 1:colcon.colcon_core.package_identification:_identify(tts_cache) by extension 'ros'
[0.451s] Level 1:colcon.colcon_core.package_identification:_identify(tts_cache) by extensions ['cmake', 'python']
[0.451s] Level 1:colcon.colcon_core.package_identification:_identify(tts_cache) by extension 'cmake'
[0.451s] Level 1:colcon.colcon_core.package_identification:_identify(tts_cache) by extension 'python'
[0.451s] Level 1:colcon.colcon_core.package_identification:_identify(tts_cache) by extensions ['python_setup_py']
[0.451s] Level 1:colcon.colcon_core.package_identification:_identify(tts_cache) by extension 'python_setup_py'
[0.451s] Level 1:colcon.colcon_core.package_discovery:discover_packages(recursive) using defaults
[0.451s] Level 1:colcon.colcon_core.package_discovery:discover_packages(ignore) discover
[0.451s] Level 1:colcon.colcon_core.package_discovery:discover_packages(ignore) using defaults
[0.451s] Level 1:colcon.colcon_core.package_discovery:discover_packages(path) discover
[0.451s] Level 1:colcon.colcon_core.package_discovery:discover_packages(path) using defaults
[0.468s] Level 1:colcon.colcon_core.package_discovery:discover_packages(prefix_path) check parameters
[0.468s] Level 1:colcon.colcon_core.package_discovery:discover_packages(prefix_path) discover
[0.469s] WARNING:colcon.colcon_ros.prefix_path.ament:The path '/home/hiwilab/Project/DOG/ros2_ws/install/go2_robot_sdk' in the environment variable AMENT_PREFIX_PATH doesn't exist
[0.469s] WARNING:colcon.colcon_ros.prefix_path.ament:The path '/home/hiwilab/Project/DOG/ros2_ws/install/unitree_go' in the environment variable AMENT_PREFIX_PATH doesn't exist
[0.469s] WARNING:colcon.colcon_ros.prefix_path.ament:The path '/home/hiwilab/Project/DOG/ros2_ws/install/go2_interfaces' in the environment variable AMENT_PREFIX_PATH doesn't exist
[0.469s] WARNING:colcon.colcon_ros.prefix_path.ament:The path '/home/hiwilab/Project/DOG/ros2_ws/install/go2_gps_nav' in the environment variable AMENT_PREFIX_PATH doesn't exist
[0.469s] WARNING:colcon.colcon_ros.prefix_path.ament:The path '/home/hiwilab/Project/DOG/ros2_ws/install/coco_detector' in the environment variable AMENT_PREFIX_PATH doesn't exist
[0.469s] WARNING:colcon.colcon_ros.prefix_path.catkin:The path '/home/hiwilab/Project/DOG/ros2_ws/install/unitree_go' in the environment variable CMAKE_PREFIX_PATH doesn't exist
[0.469s] WARNING:colcon.colcon_ros.prefix_path.catkin:The path '/home/hiwilab/Project/DOG/ros2_ws/install/go2_interfaces' in the environment variable CMAKE_PREFIX_PATH doesn't exist
[0.470s] DEBUG:colcon.colcon_installed_package_information.package_discovery:Found 0 installed packages in /home/hiwilab/Project/DOG/ros2_ws/install
[0.471s] DEBUG:colcon.colcon_installed_package_information.package_discovery:Found 336 installed packages in /opt/ros/humble
[0.473s] Level 1:colcon.colcon_core.package_discovery:discover_packages(prefix_path) using defaults
[0.510s] Level 5:colcon.colcon_core.verb:set package 'coco_detector' build argument 'cmake_args' from command line to 'None'
[0.510s] Level 5:colcon.colcon_core.verb:set package 'coco_detector' build argument 'cmake_target' from command line to 'None'
[0.510s] Level 5:colcon.colcon_core.verb:set package 'coco_detector' build argument 'cmake_target_skip_unavailable' from command line to 'False'
[0.510s] Level 5:colcon.colcon_core.verb:set package 'coco_detector' build argument 'cmake_clean_cache' from command line to 'False'
[0.510s] Level 5:colcon.colcon_core.verb:set package 'coco_detector' build argument 'cmake_clean_first' from command line to 'False'
[0.510s] Level 5:colcon.colcon_core.verb:set package 'coco_detector' build argument 'cmake_force_configure' from command line to 'False'
[0.510s] Level 5:colcon.colcon_core.verb:set package 'coco_detector' build argument 'ament_cmake_args' from command line to 'None'
[0.510s] Level 5:colcon.colcon_core.verb:set package 'coco_detector' build argument 'catkin_cmake_args' from command line to 'None'
[0.510s] Level 5:colcon.colcon_core.verb:set package 'coco_detector' build argument 'catkin_skip_building_tests' from command line to 'False'
[0.510s] DEBUG:colcon.colcon_core.verb:Building package 'coco_detector' with the following arguments: {'ament_cmake_args': None, 'build_base': '/home/hiwilab/Project/DOG/ros2_ws/build/coco_detector', 'catkin_cmake_args': None, 'catkin_skip_building_tests': False, 'cmake_args': None, 'cmake_clean_cache': False, 'cmake_clean_first': False, 'cmake_force_configure': False, 'cmake_target': None, 'cmake_target_skip_unavailable': False, 'install_base': '/home/hiwilab/Project/DOG/ros2_ws/install/coco_detector', 'merge_install': False, 'path': '/home/hiwilab/Project/DOG/ros2_ws/src/coco_detector', 'symlink_install': False, 'test_result_base': None}
[0.511s] Level 5:colcon.colcon_core.verb:set package 'go2_gps_nav' build argument 'cmake_args' from command line to 'None'
[0.511s] Level 5:colcon.colcon_core.verb:set package 'go2_gps_nav' build argument 'cmake_target' from command line to 'None'
[0.511s] Level 5:colcon.colcon_core.verb:set package 'go2_gps_nav' build argument 'cmake_target_skip_unavailable' from command line to 'False'
[0.511s] Level 5:colcon.colcon_core.verb:set package 'go2_gps_nav' build argument 'cmake_clean_cache' from command line to 'False'
[0.511s] Level 5:colcon.colcon_core.verb:set package 'go2_gps_nav' build argument 'cmake_clean_first' from command line to 'False'
[0.511s] Level 5:colcon.colcon_core.verb:set package 'go2_gps_nav' build argument 'cmake_force_configure' from command line to 'False'
[0.511s] Level 5:colcon.colcon_core.verb:set package 'go2_gps_nav' build argument 'ament_cmake_args' from command line to 'None'
[0.511s] Level 5:colcon.colcon_core.verb:set package 'go2_gps_nav' build argument 'catkin_cmake_args' from command line to 'None'
[0.511s] Level 5:colcon.colcon_core.verb:set package 'go2_gps_nav' build argument 'catkin_skip_building_tests' from command line to 'False'
[0.511s] DEBUG:colcon.colcon_core.verb:Building package 'go2_gps_nav' with the following arguments: {'ament_cmake_args': None, 'build_base': '/home/hiwilab/Project/DOG/ros2_ws/build/go2_gps_nav', 'catkin_cmake_args': None, 'catkin_skip_building_tests': False, 'cmake_args': None, 'cmake_clean_cache': False, 'cmake_clean_first': False, 'cmake_force_configure': False, 'cmake_target': None, 'cmake_target_skip_unavailable': False, 'install_base': '/home/hiwilab/Project/DOG/ros2_ws/install/go2_gps_nav', 'merge_install': False, 'path': '/home/hiwilab/Project/DOG/ros2_ws/src/go2_gps_nav', 'symlink_install': False, 'test_result_base': None}
[0.511s] Level 5:colcon.colcon_core.verb:set package 'go2_interfaces' build argument 'cmake_args' from command line to 'None'
[0.511s] Level 5:colcon.colcon_core.verb:set package 'go2_interfaces' build argument 'cmake_target' from command line to 'None'
[0.511s] Level 5:colcon.colcon_core.verb:set package 'go2_interfaces' build argument 'cmake_target_skip_unavailable' from command line to 'False'
[0.511s] Level 5:colcon.colcon_core.verb:set package 'go2_interfaces' build argument 'cmake_clean_cache' from command line to 'False'
[0.511s] Level 5:colcon.colcon_core.verb:set package 'go2_interfaces' build argument 'cmake_clean_first' from command line to 'False'
[0.511s] Level 5:colcon.colcon_core.verb:set package 'go2_interfaces' build argument 'cmake_force_configure' from command line to 'False'
[0.511s] Level 5:colcon.colcon_core.verb:set package 'go2_interfaces' build argument 'ament_cmake_args' from command line to 'None'
[0.511s] Level 5:colcon.colcon_core.verb:set package 'go2_interfaces' build argument 'catkin_cmake_args' from command line to 'None'
[0.511s] Level 5:colcon.colcon_core.verb:set package 'go2_interfaces' build argument 'catkin_skip_building_tests' from command line to 'False'
[0.511s] DEBUG:colcon.colcon_core.verb:Building package 'go2_interfaces' with the following arguments: {'ament_cmake_args': None, 'build_base': '/home/hiwilab/Project/DOG/ros2_ws/build/go2_interfaces', 'catkin_cmake_args': None, 'catkin_skip_building_tests': False, 'cmake_args': None, 'cmake_clean_cache': False, 'cmake_clean_first': False, 'cmake_force_configure': False, 'cmake_target': None, 'cmake_target_skip_unavailable': False, 'install_base': '/home/hiwilab/Project/DOG/ros2_ws/install/go2_interfaces', 'merge_install': False, 'path': '/home/hiwilab/Project/DOG/ros2_ws/src/go2_interfaces', 'symlink_install': False, 'test_result_base': None}
[0.512s] Level 5:colcon.colcon_core.verb:set package 'unitree_go' build argument 'cmake_args' from command line to 'None'
[0.512s] Level 5:colcon.colcon_core.verb:set package 'unitree_go' build argument 'cmake_target' from command line to 'None'
[0.512s] Level 5:colcon.colcon_core.verb:set package 'unitree_go' build argument 'cmake_target_skip_unavailable' from command line to 'False'
[0.512s] Level 5:colcon.colcon_core.verb:set package 'unitree_go' build argument 'cmake_clean_cache' from command line to 'False'
[0.512s] Level 5:colcon.colcon_core.verb:set package 'unitree_go' build argument 'cmake_clean_first' from command line to 'False'
[0.512s] Level 5:colcon.colcon_core.verb:set package 'unitree_go' build argument 'cmake_force_configure' from command line to 'False'
[0.512s] Level 5:colcon.colcon_core.verb:set package 'unitree_go' build argument 'ament_cmake_args' from command line to 'None'
[0.512s] Level 5:colcon.colcon_core.verb:set package 'unitree_go' build argument 'catkin_cmake_args' from command line to 'None'
[0.512s] Level 5:colcon.colcon_core.verb:set package 'unitree_go' build argument 'catkin_skip_building_tests' from command line to 'False'
[0.512s] DEBUG:colcon.colcon_core.verb:Building package 'unitree_go' with the following arguments: {'ament_cmake_args': None, 'build_base': '/home/hiwilab/Project/DOG/ros2_ws/build/unitree_go', 'catkin_cmake_args': None, 'catkin_skip_building_tests': False, 'cmake_args': None, 'cmake_clean_cache': False, 'cmake_clean_first': False, 'cmake_force_configure': False, 'cmake_target': None, 'cmake_target_skip_unavailable': False, 'install_base': '/home/hiwilab/Project/DOG/ros2_ws/install/unitree_go', 'merge_install': False, 'path': '/home/hiwilab/Project/DOG/ros2_ws/src/unitree_go', 'symlink_install': False, 'test_result_base': None}
[0.512s] Level 5:colcon.colcon_core.verb:set package 'go2_robot_sdk' build argument 'cmake_args' from command line to 'None'
[0.512s] Level 5:colcon.colcon_core.verb:set package 'go2_robot_sdk' build argument 'cmake_target' from command line to 'None'
[0.512s] Level 5:colcon.colcon_core.verb:set package 'go2_robot_sdk' build argument 'cmake_target_skip_unavailable' from command line to 'False'
[0.512s] Level 5:colcon.colcon_core.verb:set package 'go2_robot_sdk' build argument 'cmake_clean_cache' from command line to 'False'
[0.512s] Level 5:colcon.colcon_core.verb:set package 'go2_robot_sdk' build argument 'cmake_clean_first' from command line to 'False'
[0.512s] Level 5:colcon.colcon_core.verb:set package 'go2_robot_sdk' build argument 'cmake_force_configure' from command line to 'False'
[0.512s] Level 5:colcon.colcon_core.verb:set package 'go2_robot_sdk' build argument 'ament_cmake_args' from command line to 'None'
[0.512s] Level 5:colcon.colcon_core.verb:set package 'go2_robot_sdk' build argument 'catkin_cmake_args' from command line to 'None'
[0.512s] Level 5:colcon.colcon_core.verb:set package 'go2_robot_sdk' build argument 'catkin_skip_building_tests' from command line to 'False'
[0.512s] DEBUG:colcon.colcon_core.verb:Building package 'go2_robot_sdk' with the following arguments: {'ament_cmake_args': None, 'build_base': '/home/hiwilab/Project/DOG/ros2_ws/build/go2_robot_sdk', 'catkin_cmake_args': None, 'catkin_skip_building_tests': False, 'cmake_args': None, 'cmake_clean_cache': False, 'cmake_clean_first': False, 'cmake_force_configure': False, 'cmake_target': None, 'cmake_target_skip_unavailable': False, 'install_base': '/home/hiwilab/Project/DOG/ros2_ws/install/go2_robot_sdk', 'merge_install': False, 'path': '/home/hiwilab/Project/DOG/ros2_ws/src/go2_robot_sdk', 'symlink_install': False, 'test_result_base': None}
[0.512s] INFO:colcon.colcon_core.executor:Executing jobs using 'parallel' executor
[0.513s] DEBUG:colcon.colcon_parallel_executor.executor.parallel:run_until_complete
[0.514s] INFO:colcon.colcon_ros.task.ament_cmake.build:Building ROS package in '/home/hiwilab/Project/DOG/ros2_ws/src/go2_interfaces' with build type 'ament_cmake'
[0.514s] INFO:colcon.colcon_cmake.task.cmake.build:Building CMake package in '/home/hiwilab/Project/DOG/ros2_ws/src/go2_interfaces'
[0.517s] INFO:colcon.colcon_core.plugin_system:Skipping extension 'colcon_core.shell.bat': Not used on non-Windows systems
[0.517s] INFO:colcon.colcon_core.shell:Skip shell extension 'powershell' for command environment: Not usable outside of PowerShell
[0.517s] DEBUG:colcon.colcon_core.shell:Skip shell extension 'dsv' for command environment
[0.520s] INFO:colcon.colcon_ros.task.ament_cmake.build:Building ROS package in '/home/hiwilab/Project/DOG/ros2_ws/src/unitree_go' with build type 'ament_cmake'
[0.520s] INFO:colcon.colcon_cmake.task.cmake.build:Building CMake package in '/home/hiwilab/Project/DOG/ros2_ws/src/unitree_go'
[0.520s] INFO:colcon.colcon_core.shell:Skip shell extension 'powershell' for command environment: Not usable outside of PowerShell
[0.520s] DEBUG:colcon.colcon_core.shell:Skip shell extension 'dsv' for command environment
[0.524s] INFO:colcon.colcon_ros.task.ament_python.build:Building ROS package in '/home/hiwilab/Project/DOG/ros2_ws/src/coco_detector' with build type 'ament_python'
[0.524s] Level 1:colcon.colcon_core.shell:create_environment_hook('coco_detector', 'ament_prefix_path')
[0.524s] INFO:colcon.colcon_core.shell:Creating environment hook '/home/hiwilab/Project/DOG/ros2_ws/install/coco_detector/share/coco_detector/hook/ament_prefix_path.ps1'
[0.525s] INFO:colcon.colcon_core.shell:Creating environment descriptor '/home/hiwilab/Project/DOG/ros2_ws/install/coco_detector/share/coco_detector/hook/ament_prefix_path.dsv'
[0.526s] INFO:colcon.colcon_core.shell:Creating environment hook '/home/hiwilab/Project/DOG/ros2_ws/install/coco_detector/share/coco_detector/hook/ament_prefix_path.sh'
[0.526s] INFO:colcon.colcon_core.shell:Skip shell extension 'powershell' for command environment: Not usable outside of PowerShell
[0.526s] DEBUG:colcon.colcon_core.shell:Skip shell extension 'dsv' for command environment
[0.529s] INFO:colcon.colcon_ros.task.ament_python.build:Building ROS package in '/home/hiwilab/Project/DOG/ros2_ws/src/go2_gps_nav' with build type 'ament_python'
[0.529s] Level 1:colcon.colcon_core.shell:create_environment_hook('go2_gps_nav', 'ament_prefix_path')
[0.529s] INFO:colcon.colcon_core.shell:Creating environment hook '/home/hiwilab/Project/DOG/ros2_ws/install/go2_gps_nav/share/go2_gps_nav/hook/ament_prefix_path.ps1'
[0.530s] INFO:colcon.colcon_core.shell:Creating environment descriptor '/home/hiwilab/Project/DOG/ros2_ws/install/go2_gps_nav/share/go2_gps_nav/hook/ament_prefix_path.dsv'
[0.531s] INFO:colcon.colcon_core.shell:Creating environment hook '/home/hiwilab/Project/DOG/ros2_ws/install/go2_gps_nav/share/go2_gps_nav/hook/ament_prefix_path.sh'
[0.531s] INFO:colcon.colcon_core.shell:Skip shell extension 'powershell' for command environment: Not usable outside of PowerShell
[0.531s] DEBUG:colcon.colcon_core.shell:Skip shell extension 'dsv' for command environment
[0.539s] DEBUG:colcon.colcon_core.event_handler.log_command:Invoking command in '/home/hiwilab/Project/DOG/ros2_ws/build/go2_interfaces': CMAKE_PREFIX_PATH=${CMAKE_PREFIX_PATH}:/home/hiwilab/Project/DOG/ros2_ws/install/go2_robot_sdk:/home/hiwilab/Project/DOG/ros2_ws/install/go2_gps_nav:/home/hiwilab/Project/DOG/ros2_ws/install/coco_detector:/opt/ros/humble /usr/bin/cmake /home/hiwilab/Project/DOG/ros2_ws/src/go2_interfaces -DCMAKE_INSTALL_PREFIX=/home/hiwilab/Project/DOG/ros2_ws/install/go2_interfaces
[0.542s] DEBUG:colcon.colcon_core.event_handler.log_command:Invoking command in '/home/hiwilab/Project/DOG/ros2_ws/build/unitree_go': CMAKE_PREFIX_PATH=${CMAKE_PREFIX_PATH}:/home/hiwilab/Project/DOG/ros2_ws/install/go2_robot_sdk:/home/hiwilab/Project/DOG/ros2_ws/install/go2_gps_nav:/home/hiwilab/Project/DOG/ros2_ws/install/coco_detector:/opt/ros/humble /usr/bin/cmake /home/hiwilab/Project/DOG/ros2_ws/src/unitree_go -DCMAKE_INSTALL_PREFIX=/home/hiwilab/Project/DOG/ros2_ws/install/unitree_go
[0.868s] INFO:colcon.colcon_core.task.python.build:Building Python package in '/home/hiwilab/Project/DOG/ros2_ws/src/coco_detector'
[0.869s] INFO:colcon.colcon_core.shell:Skip shell extension 'powershell' for command environment: Not usable outside of PowerShell
[0.869s] DEBUG:colcon.colcon_core.shell:Skip shell extension 'dsv' for command environment
[1.140s] INFO:colcon.colcon_core.task.python.build:Building Python package in '/home/hiwilab/Project/DOG/ros2_ws/src/go2_gps_nav'
[1.141s] INFO:colcon.colcon_core.shell:Skip shell extension 'powershell' for command environment: Not usable outside of PowerShell
[1.141s] DEBUG:colcon.colcon_core.shell:Skip shell extension 'dsv' for command environment
[1.518s] DEBUG:colcon.colcon_core.event_handler.log_command:Invoking command in '/home/hiwilab/Project/DOG/ros2_ws/src/coco_detector': PYTHONPATH=/home/hiwilab/Project/DOG/ros2_ws/build/coco_detector/prefix_override:/usr/lib/python3/dist-packages/colcon_core/task/python/colcon_distutils_commands:/home/hiwilab/Project/DOG/ros2_ws/install/coco_detector/lib/python3.10/site-packages:${PYTHONPATH} /usr/bin/python3 -W ignore:setup.py install is deprecated -W ignore:easy_install command is deprecated setup.py egg_info --egg-base ../../build/coco_detector build --build-base /home/hiwilab/Project/DOG/ros2_ws/build/coco_detector/build install --record /home/hiwilab/Project/DOG/ros2_ws/build/coco_detector/install.log --single-version-externally-managed install_data
[1.525s] DEBUG:colcon.colcon_core.event_handler.log_command:Invoking command in '/home/hiwilab/Project/DOG/ros2_ws/src/go2_gps_nav': PYTHONPATH=/home/hiwilab/Project/DOG/ros2_ws/build/go2_gps_nav/prefix_override:/usr/lib/python3/dist-packages/colcon_core/task/python/colcon_distutils_commands:/home/hiwilab/Project/DOG/ros2_ws/install/go2_gps_nav/lib/python3.10/site-packages:${PYTHONPATH} /usr/bin/python3 -W ignore:setup.py install is deprecated -W ignore:easy_install command is deprecated setup.py egg_info --egg-base ../../build/go2_gps_nav build --build-base /home/hiwilab/Project/DOG/ros2_ws/build/go2_gps_nav/build install --record /home/hiwilab/Project/DOG/ros2_ws/build/go2_gps_nav/install.log --install-scripts $base/lib/go2_gps_nav --single-version-externally-managed install_data
[2.494s] DEBUG:colcon.colcon_core.event_handler.log_command:Invoked command in '/home/hiwilab/Project/DOG/ros2_ws/src/coco_detector' returned '0': PYTHONPATH=/home/hiwilab/Project/DOG/ros2_ws/build/coco_detector/prefix_override:/usr/lib/python3/dist-packages/colcon_core/task/python/colcon_distutils_commands:/home/hiwilab/Project/DOG/ros2_ws/install/coco_detector/lib/python3.10/site-packages:${PYTHONPATH} /usr/bin/python3 -W ignore:setup.py install is deprecated -W ignore:easy_install command is deprecated setup.py egg_info --egg-base ../../build/coco_detector build --build-base /home/hiwilab/Project/DOG/ros2_ws/build/coco_detector/build install --record /home/hiwilab/Project/DOG/ros2_ws/build/coco_detector/install.log --single-version-externally-managed install_data
[2.496s] Level 1:colcon.colcon_core.environment:checking '/home/hiwilab/Project/DOG/ros2_ws/install/coco_detector' for CMake module files
[2.497s] Level 1:colcon.colcon_core.environment:checking '/home/hiwilab/Project/DOG/ros2_ws/install/coco_detector' for CMake config files
[2.497s] Level 1:colcon.colcon_core.environment:checking '/home/hiwilab/Project/DOG/ros2_ws/install/coco_detector/lib'
[2.497s] Level 1:colcon.colcon_core.environment:checking '/home/hiwilab/Project/DOG/ros2_ws/install/coco_detector/bin'
[2.498s] Level 1:colcon.colcon_core.environment:checking '/home/hiwilab/Project/DOG/ros2_ws/install/coco_detector/lib/pkgconfig/coco_detector.pc'
[2.498s] Level 1:colcon.colcon_core.environment:checking '/home/hiwilab/Project/DOG/ros2_ws/install/coco_detector/lib/python3.10/site-packages'
[2.498s] Level 1:colcon.colcon_core.shell:create_environment_hook('coco_detector', 'pythonpath')
[2.498s] INFO:colcon.colcon_core.shell:Creating environment hook '/home/hiwilab/Project/DOG/ros2_ws/install/coco_detector/share/coco_detector/hook/pythonpath.ps1'
[2.498s] INFO:colcon.colcon_core.shell:Creating environment descriptor '/home/hiwilab/Project/DOG/ros2_ws/install/coco_detector/share/coco_detector/hook/pythonpath.dsv'
[2.499s] INFO:colcon.colcon_core.shell:Creating environment hook '/home/hiwilab/Project/DOG/ros2_ws/install/coco_detector/share/coco_detector/hook/pythonpath.sh'
[2.499s] Level 1:colcon.colcon_core.environment:checking '/home/hiwilab/Project/DOG/ros2_ws/install/coco_detector/bin'
[2.499s] Level 1:colcon.colcon_core.environment:create_environment_scripts_only(coco_detector)
[2.500s] INFO:colcon.colcon_core.shell:Creating package script '/home/hiwilab/Project/DOG/ros2_ws/install/coco_detector/share/coco_detector/package.ps1'
[2.500s] INFO:colcon.colcon_core.shell:Creating package descriptor '/home/hiwilab/Project/DOG/ros2_ws/install/coco_detector/share/coco_detector/package.dsv'
[2.501s] INFO:colcon.colcon_core.shell:Creating package script '/home/hiwilab/Project/DOG/ros2_ws/install/coco_detector/share/coco_detector/package.sh'
[2.501s] INFO:colcon.colcon_core.shell:Creating package script '/home/hiwilab/Project/DOG/ros2_ws/install/coco_detector/share/coco_detector/package.bash'
[2.502s] INFO:colcon.colcon_core.shell:Creating package script '/home/hiwilab/Project/DOG/ros2_ws/install/coco_detector/share/coco_detector/package.zsh'
[2.502s] Level 1:colcon.colcon_core.environment:create_file_with_runtime_dependencies(/home/hiwilab/Project/DOG/ros2_ws/install/coco_detector/share/colcon-core/packages/coco_detector)
[2.504s] Level 1:colcon.colcon_core.environment:checking '/home/hiwilab/Project/DOG/ros2_ws/install/go2_gps_nav' for CMake module files
[2.506s] DEBUG:colcon.colcon_core.event_handler.log_command:Invoked command in '/home/hiwilab/Project/DOG/ros2_ws/src/go2_gps_nav' returned '0': PYTHONPATH=/home/hiwilab/Project/DOG/ros2_ws/build/go2_gps_nav/prefix_override:/usr/lib/python3/dist-packages/colcon_core/task/python/colcon_distutils_commands:/home/hiwilab/Project/DOG/ros2_ws/install/go2_gps_nav/lib/python3.10/site-packages:${PYTHONPATH} /usr/bin/python3 -W ignore:setup.py install is deprecated -W ignore:easy_install command is deprecated setup.py egg_info --egg-base ../../build/go2_gps_nav build --build-base /home/hiwilab/Project/DOG/ros2_ws/build/go2_gps_nav/build install --record /home/hiwilab/Project/DOG/ros2_ws/build/go2_gps_nav/install.log --install-scripts $base/lib/go2_gps_nav --single-version-externally-managed install_data
[2.506s] Level 1:colcon.colcon_core.environment:checking '/home/hiwilab/Project/DOG/ros2_ws/install/go2_gps_nav' for CMake config files
[2.506s] Level 1:colcon.colcon_core.environment:checking '/home/hiwilab/Project/DOG/ros2_ws/install/go2_gps_nav/lib'
[2.506s] Level 1:colcon.colcon_core.environment:checking '/home/hiwilab/Project/DOG/ros2_ws/install/go2_gps_nav/bin'
[2.506s] Level 1:colcon.colcon_core.environment:checking '/home/hiwilab/Project/DOG/ros2_ws/install/go2_gps_nav/lib/pkgconfig/go2_gps_nav.pc'
[2.507s] Level 1:colcon.colcon_core.environment:checking '/home/hiwilab/Project/DOG/ros2_ws/install/go2_gps_nav/lib/python3.10/site-packages'
[2.507s] Level 1:colcon.colcon_core.shell:create_environment_hook('go2_gps_nav', 'pythonpath')
[2.507s] INFO:colcon.colcon_core.shell:Creating environment hook '/home/hiwilab/Project/DOG/ros2_ws/install/go2_gps_nav/share/go2_gps_nav/hook/pythonpath.ps1'
[2.507s] INFO:colcon.colcon_core.shell:Creating environment descriptor '/home/hiwilab/Project/DOG/ros2_ws/install/go2_gps_nav/share/go2_gps_nav/hook/pythonpath.dsv'
[2.507s] INFO:colcon.colcon_core.shell:Creating environment hook '/home/hiwilab/Project/DOG/ros2_ws/install/go2_gps_nav/share/go2_gps_nav/hook/pythonpath.sh'
[2.508s] Level 1:colcon.colcon_core.environment:checking '/home/hiwilab/Project/DOG/ros2_ws/install/go2_gps_nav/bin'
[2.508s] Level 1:colcon.colcon_core.environment:create_environment_scripts_only(go2_gps_nav)
[2.508s] INFO:colcon.colcon_core.shell:Creating package script '/home/hiwilab/Project/DOG/ros2_ws/install/go2_gps_nav/share/go2_gps_nav/package.ps1'
[2.509s] INFO:colcon.colcon_core.shell:Creating package descriptor '/home/hiwilab/Project/DOG/ros2_ws/install/go2_gps_nav/share/go2_gps_nav/package.dsv'
[2.509s] INFO:colcon.colcon_core.shell:Creating package script '/home/hiwilab/Project/DOG/ros2_ws/install/go2_gps_nav/share/go2_gps_nav/package.sh'
[2.509s] INFO:colcon.colcon_core.shell:Creating package script '/home/hiwilab/Project/DOG/ros2_ws/install/go2_gps_nav/share/go2_gps_nav/package.bash'
[2.509s] INFO:colcon.colcon_core.shell:Creating package script '/home/hiwilab/Project/DOG/ros2_ws/install/go2_gps_nav/share/go2_gps_nav/package.zsh'
[2.510s] Level 1:colcon.colcon_core.environment:create_file_with_runtime_dependencies(/home/hiwilab/Project/DOG/ros2_ws/install/go2_gps_nav/share/colcon-core/packages/go2_gps_nav)
[4.760s] DEBUG:colcon.colcon_core.event_handler.log_command:Invoked command in '/home/hiwilab/Project/DOG/ros2_ws/build/unitree_go' returned '0': CMAKE_PREFIX_PATH=${CMAKE_PREFIX_PATH}:/home/hiwilab/Project/DOG/ros2_ws/install/go2_robot_sdk:/home/hiwilab/Project/DOG/ros2_ws/install/go2_gps_nav:/home/hiwilab/Project/DOG/ros2_ws/install/coco_detector:/opt/ros/humble /usr/bin/cmake /home/hiwilab/Project/DOG/ros2_ws/src/unitree_go -DCMAKE_INSTALL_PREFIX=/home/hiwilab/Project/DOG/ros2_ws/install/unitree_go
[4.762s] DEBUG:colcon.colcon_core.event_handler.log_command:Invoking command in '/home/hiwilab/Project/DOG/ros2_ws/build/unitree_go': CMAKE_PREFIX_PATH=${CMAKE_PREFIX_PATH}:/home/hiwilab/Project/DOG/ros2_ws/install/go2_robot_sdk:/home/hiwilab/Project/DOG/ros2_ws/install/go2_gps_nav:/home/hiwilab/Project/DOG/ros2_ws/install/coco_detector:/opt/ros/humble /usr/bin/cmake --build /home/hiwilab/Project/DOG/ros2_ws/build/unitree_go -- -j8 -l8
[4.798s] DEBUG:colcon.colcon_core.event_handler.log_command:Invoked command in '/home/hiwilab/Project/DOG/ros2_ws/build/go2_interfaces' returned '0': CMAKE_PREFIX_PATH=${CMAKE_PREFIX_PATH}:/home/hiwilab/Project/DOG/ros2_ws/install/go2_robot_sdk:/home/hiwilab/Project/DOG/ros2_ws/install/go2_gps_nav:/home/hiwilab/Project/DOG/ros2_ws/install/coco_detector:/opt/ros/humble /usr/bin/cmake /home/hiwilab/Project/DOG/ros2_ws/src/go2_interfaces -DCMAKE_INSTALL_PREFIX=/home/hiwilab/Project/DOG/ros2_ws/install/go2_interfaces
[4.800s] DEBUG:colcon.colcon_core.event_handler.log_command:Invoking command in '/home/hiwilab/Project/DOG/ros2_ws/build/go2_interfaces': CMAKE_PREFIX_PATH=${CMAKE_PREFIX_PATH}:/home/hiwilab/Project/DOG/ros2_ws/install/go2_robot_sdk:/home/hiwilab/Project/DOG/ros2_ws/install/go2_gps_nav:/home/hiwilab/Project/DOG/ros2_ws/install/coco_detector:/opt/ros/humble /usr/bin/cmake --build /home/hiwilab/Project/DOG/ros2_ws/build/go2_interfaces -- -j8 -l8
[16.992s] DEBUG:colcon.colcon_core.event_handler.log_command:Invoked command in '/home/hiwilab/Project/DOG/ros2_ws/build/go2_interfaces' returned '0': CMAKE_PREFIX_PATH=${CMAKE_PREFIX_PATH}:/home/hiwilab/Project/DOG/ros2_ws/install/go2_robot_sdk:/home/hiwilab/Project/DOG/ros2_ws/install/go2_gps_nav:/home/hiwilab/Project/DOG/ros2_ws/install/coco_detector:/opt/ros/humble /usr/bin/cmake --build /home/hiwilab/Project/DOG/ros2_ws/build/go2_interfaces -- -j8 -l8
[17.000s] DEBUG:colcon.colcon_core.event_handler.log_command:Invoking command in '/home/hiwilab/Project/DOG/ros2_ws/build/go2_interfaces': CMAKE_PREFIX_PATH=${CMAKE_PREFIX_PATH}:/home/hiwilab/Project/DOG/ros2_ws/install/go2_robot_sdk:/home/hiwilab/Project/DOG/ros2_ws/install/go2_gps_nav:/home/hiwilab/Project/DOG/ros2_ws/install/coco_detector:/opt/ros/humble /usr/bin/cmake --install /home/hiwilab/Project/DOG/ros2_ws/build/go2_interfaces
[17.080s] Level 1:colcon.colcon_core.environment:create_environment_scripts_only(go2_interfaces)
[17.081s] Level 1:colcon.colcon_core.environment:checking '/home/hiwilab/Project/DOG/ros2_ws/install/go2_interfaces' for CMake module files
[17.081s] DEBUG:colcon.colcon_core.event_handler.log_command:Invoked command in '/home/hiwilab/Project/DOG/ros2_ws/build/go2_interfaces' returned '0': CMAKE_PREFIX_PATH=${CMAKE_PREFIX_PATH}:/home/hiwilab/Project/DOG/ros2_ws/install/go2_robot_sdk:/home/hiwilab/Project/DOG/ros2_ws/install/go2_gps_nav:/home/hiwilab/Project/DOG/ros2_ws/install/coco_detector:/opt/ros/humble /usr/bin/cmake --install /home/hiwilab/Project/DOG/ros2_ws/build/go2_interfaces
[17.082s] Level 1:colcon.colcon_core.environment:checking '/home/hiwilab/Project/DOG/ros2_ws/install/go2_interfaces' for CMake config files
[17.082s] Level 1:colcon.colcon_core.shell:create_environment_hook('go2_interfaces', 'cmake_prefix_path')
[17.082s] INFO:colcon.colcon_core.shell:Creating environment hook '/home/hiwilab/Project/DOG/ros2_ws/install/go2_interfaces/share/go2_interfaces/hook/cmake_prefix_path.ps1'
[17.083s] INFO:colcon.colcon_core.shell:Creating environment descriptor '/home/hiwilab/Project/DOG/ros2_ws/install/go2_interfaces/share/go2_interfaces/hook/cmake_prefix_path.dsv'
[17.083s] INFO:colcon.colcon_core.shell:Creating environment hook '/home/hiwilab/Project/DOG/ros2_ws/install/go2_interfaces/share/go2_interfaces/hook/cmake_prefix_path.sh'
[17.083s] Level 1:colcon.colcon_core.environment:checking '/home/hiwilab/Project/DOG/ros2_ws/install/go2_interfaces/lib'
[17.083s] Level 1:colcon.colcon_core.shell:create_environment_hook('go2_interfaces', 'ld_library_path_lib')
[17.083s] INFO:colcon.colcon_core.shell:Creating environment hook '/home/hiwilab/Project/DOG/ros2_ws/install/go2_interfaces/share/go2_interfaces/hook/ld_library_path_lib.ps1'
[17.084s] INFO:colcon.colcon_core.shell:Creating environment descriptor '/home/hiwilab/Project/DOG/ros2_ws/install/go2_interfaces/share/go2_interfaces/hook/ld_library_path_lib.dsv'
[17.084s] INFO:colcon.colcon_core.shell:Creating environment hook '/home/hiwilab/Project/DOG/ros2_ws/install/go2_interfaces/share/go2_interfaces/hook/ld_library_path_lib.sh'
[17.084s] Level 1:colcon.colcon_core.environment:checking '/home/hiwilab/Project/DOG/ros2_ws/install/go2_interfaces/bin'
[17.084s] Level 1:colcon.colcon_core.environment:checking '/home/hiwilab/Project/DOG/ros2_ws/install/go2_interfaces/lib/pkgconfig/go2_interfaces.pc'
[17.085s] Level 1:colcon.colcon_core.environment:checking '/home/hiwilab/Project/DOG/ros2_ws/install/go2_interfaces/lib/python3.10/site-packages'
[17.085s] Level 1:colcon.colcon_core.environment:checking '/home/hiwilab/Project/DOG/ros2_ws/install/go2_interfaces/bin'
[17.085s] INFO:colcon.colcon_core.shell:Creating package script '/home/hiwilab/Project/DOG/ros2_ws/install/go2_interfaces/share/go2_interfaces/package.ps1'
[17.085s] INFO:colcon.colcon_core.shell:Creating package descriptor '/home/hiwilab/Project/DOG/ros2_ws/install/go2_interfaces/share/go2_interfaces/package.dsv'
[17.087s] INFO:colcon.colcon_core.shell:Creating package script '/home/hiwilab/Project/DOG/ros2_ws/install/go2_interfaces/share/go2_interfaces/package.sh'
[17.088s] INFO:colcon.colcon_core.shell:Creating package script '/home/hiwilab/Project/DOG/ros2_ws/install/go2_interfaces/share/go2_interfaces/package.bash'
[17.088s] INFO:colcon.colcon_core.shell:Creating package script '/home/hiwilab/Project/DOG/ros2_ws/install/go2_interfaces/share/go2_interfaces/package.zsh'
[17.089s] Level 1:colcon.colcon_core.environment:create_file_with_runtime_dependencies(/home/hiwilab/Project/DOG/ros2_ws/install/go2_interfaces/share/colcon-core/packages/go2_interfaces)
[17.090s] Level 1:colcon.colcon_core.environment:create_environment_scripts_only(go2_interfaces)
[17.090s] Level 1:colcon.colcon_core.environment:checking '/home/hiwilab/Project/DOG/ros2_ws/install/go2_interfaces' for CMake module files
[17.090s] Level 1:colcon.colcon_core.environment:checking '/home/hiwilab/Project/DOG/ros2_ws/install/go2_interfaces' for CMake config files
[17.091s] Level 1:colcon.colcon_core.shell:create_environment_hook('go2_interfaces', 'cmake_prefix_path')
[17.091s] INFO:colcon.colcon_core.shell:Creating environment hook '/home/hiwilab/Project/DOG/ros2_ws/install/go2_interfaces/share/go2_interfaces/hook/cmake_prefix_path.ps1'
[17.091s] INFO:colcon.colcon_core.shell:Creating environment descriptor '/home/hiwilab/Project/DOG/ros2_ws/install/go2_interfaces/share/go2_interfaces/hook/cmake_prefix_path.dsv'
[17.092s] INFO:colcon.colcon_core.shell:Creating environment hook '/home/hiwilab/Project/DOG/ros2_ws/install/go2_interfaces/share/go2_interfaces/hook/cmake_prefix_path.sh'
[17.092s] Level 1:colcon.colcon_core.environment:checking '/home/hiwilab/Project/DOG/ros2_ws/install/go2_interfaces/lib'
[17.092s] Level 1:colcon.colcon_core.shell:create_environment_hook('go2_interfaces', 'ld_library_path_lib')
[17.093s] INFO:colcon.colcon_core.shell:Creating environment hook '/home/hiwilab/Project/DOG/ros2_ws/install/go2_interfaces/share/go2_interfaces/hook/ld_library_path_lib.ps1'
[17.093s] INFO:colcon.colcon_core.shell:Creating environment descriptor '/home/hiwilab/Project/DOG/ros2_ws/install/go2_interfaces/share/go2_interfaces/hook/ld_library_path_lib.dsv'
[17.093s] INFO:colcon.colcon_core.shell:Creating environment hook '/home/hiwilab/Project/DOG/ros2_ws/install/go2_interfaces/share/go2_interfaces/hook/ld_library_path_lib.sh'
[17.094s] Level 1:colcon.colcon_core.environment:checking '/home/hiwilab/Project/DOG/ros2_ws/install/go2_interfaces/bin'
[17.094s] Level 1:colcon.colcon_core.environment:checking '/home/hiwilab/Project/DOG/ros2_ws/install/go2_interfaces/lib/pkgconfig/go2_interfaces.pc'
[17.094s] Level 1:colcon.colcon_core.environment:checking '/home/hiwilab/Project/DOG/ros2_ws/install/go2_interfaces/lib/python3.10/site-packages'
[17.094s] Level 1:colcon.colcon_core.environment:checking '/home/hiwilab/Project/DOG/ros2_ws/install/go2_interfaces/bin'
[17.094s] INFO:colcon.colcon_core.shell:Creating package script '/home/hiwilab/Project/DOG/ros2_ws/install/go2_interfaces/share/go2_interfaces/package.ps1'
[17.095s] INFO:colcon.colcon_core.shell:Creating package descriptor '/home/hiwilab/Project/DOG/ros2_ws/install/go2_interfaces/share/go2_interfaces/package.dsv'
[17.095s] INFO:colcon.colcon_core.shell:Creating package script '/home/hiwilab/Project/DOG/ros2_ws/install/go2_interfaces/share/go2_interfaces/package.sh'
[17.096s] INFO:colcon.colcon_core.shell:Creating package script '/home/hiwilab/Project/DOG/ros2_ws/install/go2_interfaces/share/go2_interfaces/package.bash'
[17.096s] INFO:colcon.colcon_core.shell:Creating package script '/home/hiwilab/Project/DOG/ros2_ws/install/go2_interfaces/share/go2_interfaces/package.zsh'
[17.096s] Level 1:colcon.colcon_core.environment:create_file_with_runtime_dependencies(/home/hiwilab/Project/DOG/ros2_ws/install/go2_interfaces/share/colcon-core/packages/go2_interfaces)
[29.048s] DEBUG:colcon.colcon_core.event_handler.log_command:Invoked command in '/home/hiwilab/Project/DOG/ros2_ws/build/unitree_go' returned '0': CMAKE_PREFIX_PATH=${CMAKE_PREFIX_PATH}:/home/hiwilab/Project/DOG/ros2_ws/install/go2_robot_sdk:/home/hiwilab/Project/DOG/ros2_ws/install/go2_gps_nav:/home/hiwilab/Project/DOG/ros2_ws/install/coco_detector:/opt/ros/humble /usr/bin/cmake --build /home/hiwilab/Project/DOG/ros2_ws/build/unitree_go -- -j8 -l8
[29.050s] DEBUG:colcon.colcon_core.event_handler.log_command:Invoking command in '/home/hiwilab/Project/DOG/ros2_ws/build/unitree_go': CMAKE_PREFIX_PATH=${CMAKE_PREFIX_PATH}:/home/hiwilab/Project/DOG/ros2_ws/install/go2_robot_sdk:/home/hiwilab/Project/DOG/ros2_ws/install/go2_gps_nav:/home/hiwilab/Project/DOG/ros2_ws/install/coco_detector:/opt/ros/humble /usr/bin/cmake --install /home/hiwilab/Project/DOG/ros2_ws/build/unitree_go
[29.230s] Level 1:colcon.colcon_core.environment:create_environment_scripts_only(unitree_go)
[29.230s] DEBUG:colcon.colcon_core.event_handler.log_command:Invoked command in '/home/hiwilab/Project/DOG/ros2_ws/build/unitree_go' returned '0': CMAKE_PREFIX_PATH=${CMAKE_PREFIX_PATH}:/home/hiwilab/Project/DOG/ros2_ws/install/go2_robot_sdk:/home/hiwilab/Project/DOG/ros2_ws/install/go2_gps_nav:/home/hiwilab/Project/DOG/ros2_ws/install/coco_detector:/opt/ros/humble /usr/bin/cmake --install /home/hiwilab/Project/DOG/ros2_ws/build/unitree_go
[29.231s] Level 1:colcon.colcon_core.environment:checking '/home/hiwilab/Project/DOG/ros2_ws/install/unitree_go' for CMake module files
[29.231s] Level 1:colcon.colcon_core.environment:checking '/home/hiwilab/Project/DOG/ros2_ws/install/unitree_go' for CMake config files
[29.232s] Level 1:colcon.colcon_core.shell:create_environment_hook('unitree_go', 'cmake_prefix_path')
[29.232s] INFO:colcon.colcon_core.shell:Creating environment hook '/home/hiwilab/Project/DOG/ros2_ws/install/unitree_go/share/unitree_go/hook/cmake_prefix_path.ps1'
[29.232s] INFO:colcon.colcon_core.shell:Creating environment descriptor '/home/hiwilab/Project/DOG/ros2_ws/install/unitree_go/share/unitree_go/hook/cmake_prefix_path.dsv'
[29.233s] INFO:colcon.colcon_core.shell:Creating environment hook '/home/hiwilab/Project/DOG/ros2_ws/install/unitree_go/share/unitree_go/hook/cmake_prefix_path.sh'
[29.233s] Level 1:colcon.colcon_core.environment:checking '/home/hiwilab/Project/DOG/ros2_ws/install/unitree_go/lib'
[29.233s] Level 1:colcon.colcon_core.shell:create_environment_hook('unitree_go', 'ld_library_path_lib')
[29.233s] INFO:colcon.colcon_core.shell:Creating environment hook '/home/hiwilab/Project/DOG/ros2_ws/install/unitree_go/share/unitree_go/hook/ld_library_path_lib.ps1'
[29.234s] INFO:colcon.colcon_core.shell:Creating environment descriptor '/home/hiwilab/Project/DOG/ros2_ws/install/unitree_go/share/unitree_go/hook/ld_library_path_lib.dsv'
[29.234s] INFO:colcon.colcon_core.shell:Creating environment hook '/home/hiwilab/Project/DOG/ros2_ws/install/unitree_go/share/unitree_go/hook/ld_library_path_lib.sh'
[29.234s] Level 1:colcon.colcon_core.environment:checking '/home/hiwilab/Project/DOG/ros2_ws/install/unitree_go/bin'
[29.234s] Level 1:colcon.colcon_core.environment:checking '/home/hiwilab/Project/DOG/ros2_ws/install/unitree_go/lib/pkgconfig/unitree_go.pc'
[29.234s] Level 1:colcon.colcon_core.environment:checking '/home/hiwilab/Project/DOG/ros2_ws/install/unitree_go/lib/python3.10/site-packages'
[29.235s] Level 1:colcon.colcon_core.environment:checking '/home/hiwilab/Project/DOG/ros2_ws/install/unitree_go/bin'
[29.235s] INFO:colcon.colcon_core.shell:Creating package script '/home/hiwilab/Project/DOG/ros2_ws/install/unitree_go/share/unitree_go/package.ps1'
[29.235s] INFO:colcon.colcon_core.shell:Creating package descriptor '/home/hiwilab/Project/DOG/ros2_ws/install/unitree_go/share/unitree_go/package.dsv'
[29.236s] INFO:colcon.colcon_core.shell:Creating package script '/home/hiwilab/Project/DOG/ros2_ws/install/unitree_go/share/unitree_go/package.sh'
[29.236s] INFO:colcon.colcon_core.shell:Creating package script '/home/hiwilab/Project/DOG/ros2_ws/install/unitree_go/share/unitree_go/package.bash'
[29.236s] INFO:colcon.colcon_core.shell:Creating package script '/home/hiwilab/Project/DOG/ros2_ws/install/unitree_go/share/unitree_go/package.zsh'
[29.237s] Level 1:colcon.colcon_core.environment:create_file_with_runtime_dependencies(/home/hiwilab/Project/DOG/ros2_ws/install/unitree_go/share/colcon-core/packages/unitree_go)
[29.237s] Level 1:colcon.colcon_core.environment:create_environment_scripts_only(unitree_go)
[29.237s] Level 1:colcon.colcon_core.environment:checking '/home/hiwilab/Project/DOG/ros2_ws/install/unitree_go' for CMake module files
[29.238s] Level 1:colcon.colcon_core.environment:checking '/home/hiwilab/Project/DOG/ros2_ws/install/unitree_go' for CMake config files
[29.238s] Level 1:colcon.colcon_core.shell:create_environment_hook('unitree_go', 'cmake_prefix_path')
[29.238s] INFO:colcon.colcon_core.shell:Creating environment hook '/home/hiwilab/Project/DOG/ros2_ws/install/unitree_go/share/unitree_go/hook/cmake_prefix_path.ps1'
[29.239s] INFO:colcon.colcon_core.shell:Creating environment descriptor '/home/hiwilab/Project/DOG/ros2_ws/install/unitree_go/share/unitree_go/hook/cmake_prefix_path.dsv'
[29.239s] INFO:colcon.colcon_core.shell:Creating environment hook '/home/hiwilab/Project/DOG/ros2_ws/install/unitree_go/share/unitree_go/hook/cmake_prefix_path.sh'
[29.239s] Level 1:colcon.colcon_core.environment:checking '/home/hiwilab/Project/DOG/ros2_ws/install/unitree_go/lib'
[29.240s] Level 1:colcon.colcon_core.shell:create_environment_hook('unitree_go', 'ld_library_path_lib')
[29.240s] INFO:colcon.colcon_core.shell:Creating environment hook '/home/hiwilab/Project/DOG/ros2_ws/install/unitree_go/share/unitree_go/hook/ld_library_path_lib.ps1'
[29.240s] INFO:colcon.colcon_core.shell:Creating environment descriptor '/home/hiwilab/Project/DOG/ros2_ws/install/unitree_go/share/unitree_go/hook/ld_library_path_lib.dsv'
[29.240s] INFO:colcon.colcon_core.shell:Creating environment hook '/home/hiwilab/Project/DOG/ros2_ws/install/unitree_go/share/unitree_go/hook/ld_library_path_lib.sh'
[29.241s] Level 1:colcon.colcon_core.environment:checking '/home/hiwilab/Project/DOG/ros2_ws/install/unitree_go/bin'
[29.241s] Level 1:colcon.colcon_core.environment:checking '/home/hiwilab/Project/DOG/ros2_ws/install/unitree_go/lib/pkgconfig/unitree_go.pc'
[29.241s] Level 1:colcon.colcon_core.environment:checking '/home/hiwilab/Project/DOG/ros2_ws/install/unitree_go/lib/python3.10/site-packages'
[29.241s] Level 1:colcon.colcon_core.environment:checking '/home/hiwilab/Project/DOG/ros2_ws/install/unitree_go/bin'
[29.241s] INFO:colcon.colcon_core.shell:Creating package script '/home/hiwilab/Project/DOG/ros2_ws/install/unitree_go/share/unitree_go/package.ps1'
[29.242s] INFO:colcon.colcon_core.shell:Creating package descriptor '/home/hiwilab/Project/DOG/ros2_ws/install/unitree_go/share/unitree_go/package.dsv'
[29.242s] INFO:colcon.colcon_core.shell:Creating package script '/home/hiwilab/Project/DOG/ros2_ws/install/unitree_go/share/unitree_go/package.sh'
[29.243s] INFO:colcon.colcon_core.shell:Creating package script '/home/hiwilab/Project/DOG/ros2_ws/install/unitree_go/share/unitree_go/package.bash'
[29.243s] INFO:colcon.colcon_core.shell:Creating package script '/home/hiwilab/Project/DOG/ros2_ws/install/unitree_go/share/unitree_go/package.zsh'
[29.244s] Level 1:colcon.colcon_core.environment:create_file_with_runtime_dependencies(/home/hiwilab/Project/DOG/ros2_ws/install/unitree_go/share/colcon-core/packages/unitree_go)
[29.244s] INFO:colcon.colcon_ros.task.ament_python.build:Building ROS package in '/home/hiwilab/Project/DOG/ros2_ws/src/go2_robot_sdk' with build type 'ament_python'
[29.244s] Level 1:colcon.colcon_core.shell:create_environment_hook('go2_robot_sdk', 'ament_prefix_path')
[29.245s] INFO:colcon.colcon_core.shell:Creating environment hook '/home/hiwilab/Project/DOG/ros2_ws/install/go2_robot_sdk/share/go2_robot_sdk/hook/ament_prefix_path.ps1'
[29.246s] INFO:colcon.colcon_core.shell:Creating environment descriptor '/home/hiwilab/Project/DOG/ros2_ws/install/go2_robot_sdk/share/go2_robot_sdk/hook/ament_prefix_path.dsv'
[29.246s] INFO:colcon.colcon_core.shell:Creating environment hook '/home/hiwilab/Project/DOG/ros2_ws/install/go2_robot_sdk/share/go2_robot_sdk/hook/ament_prefix_path.sh'
[29.247s] INFO:colcon.colcon_core.shell:Skip shell extension 'powershell' for command environment: Not usable outside of PowerShell
[29.247s] DEBUG:colcon.colcon_core.shell:Skip shell extension 'dsv' for command environment
[29.833s] INFO:colcon.colcon_core.task.python.build:Building Python package in '/home/hiwilab/Project/DOG/ros2_ws/src/go2_robot_sdk'
[29.833s] INFO:colcon.colcon_core.shell:Skip shell extension 'powershell' for command environment: Not usable outside of PowerShell
[29.833s] DEBUG:colcon.colcon_core.shell:Skip shell extension 'dsv' for command environment
[30.571s] DEBUG:colcon.colcon_core.event_handler.log_command:Invoking command in '/home/hiwilab/Project/DOG/ros2_ws/src/go2_robot_sdk': PYTHONPATH=/home/hiwilab/Project/DOG/ros2_ws/build/go2_robot_sdk/prefix_override:/usr/lib/python3/dist-packages/colcon_core/task/python/colcon_distutils_commands:/home/hiwilab/Project/DOG/ros2_ws/install/go2_robot_sdk/lib/python3.10/site-packages:${PYTHONPATH} /usr/bin/python3 -W ignore:setup.py install is deprecated -W ignore:easy_install command is deprecated setup.py egg_info --egg-base ../../build/go2_robot_sdk build --build-base /home/hiwilab/Project/DOG/ros2_ws/build/go2_robot_sdk/build install --record /home/hiwilab/Project/DOG/ros2_ws/build/go2_robot_sdk/install.log --single-version-externally-managed install_data
[30.999s] Level 1:colcon.colcon_core.environment:checking '/home/hiwilab/Project/DOG/ros2_ws/install/go2_robot_sdk' for CMake module files
[30.999s] DEBUG:colcon.colcon_core.event_handler.log_command:Invoked command in '/home/hiwilab/Project/DOG/ros2_ws/src/go2_robot_sdk' returned '0': PYTHONPATH=/home/hiwilab/Project/DOG/ros2_ws/build/go2_robot_sdk/prefix_override:/usr/lib/python3/dist-packages/colcon_core/task/python/colcon_distutils_commands:/home/hiwilab/Project/DOG/ros2_ws/install/go2_robot_sdk/lib/python3.10/site-packages:${PYTHONPATH} /usr/bin/python3 -W ignore:setup.py install is deprecated -W ignore:easy_install command is deprecated setup.py egg_info --egg-base ../../build/go2_robot_sdk build --build-base /home/hiwilab/Project/DOG/ros2_ws/build/go2_robot_sdk/build install --record /home/hiwilab/Project/DOG/ros2_ws/build/go2_robot_sdk/install.log --single-version-externally-managed install_data
[31.000s] Level 1:colcon.colcon_core.environment:checking '/home/hiwilab/Project/DOG/ros2_ws/install/go2_robot_sdk' for CMake config files
[31.001s] Level 1:colcon.colcon_core.environment:checking '/home/hiwilab/Project/DOG/ros2_ws/install/go2_robot_sdk/lib'
[31.001s] Level 1:colcon.colcon_core.environment:checking '/home/hiwilab/Project/DOG/ros2_ws/install/go2_robot_sdk/bin'
[31.001s] Level 1:colcon.colcon_core.environment:checking '/home/hiwilab/Project/DOG/ros2_ws/install/go2_robot_sdk/lib/pkgconfig/go2_robot_sdk.pc'
[31.001s] Level 1:colcon.colcon_core.environment:checking '/home/hiwilab/Project/DOG/ros2_ws/install/go2_robot_sdk/lib/python3.10/site-packages'
[31.001s] Level 1:colcon.colcon_core.shell:create_environment_hook('go2_robot_sdk', 'pythonpath')
[31.001s] INFO:colcon.colcon_core.shell:Creating environment hook '/home/hiwilab/Project/DOG/ros2_ws/install/go2_robot_sdk/share/go2_robot_sdk/hook/pythonpath.ps1'
[31.002s] INFO:colcon.colcon_core.shell:Creating environment descriptor '/home/hiwilab/Project/DOG/ros2_ws/install/go2_robot_sdk/share/go2_robot_sdk/hook/pythonpath.dsv'
[31.002s] INFO:colcon.colcon_core.shell:Creating environment hook '/home/hiwilab/Project/DOG/ros2_ws/install/go2_robot_sdk/share/go2_robot_sdk/hook/pythonpath.sh'
[31.003s] Level 1:colcon.colcon_core.environment:checking '/home/hiwilab/Project/DOG/ros2_ws/install/go2_robot_sdk/bin'
[31.003s] Level 1:colcon.colcon_core.environment:create_environment_scripts_only(go2_robot_sdk)
[31.003s] INFO:colcon.colcon_core.shell:Creating package script '/home/hiwilab/Project/DOG/ros2_ws/install/go2_robot_sdk/share/go2_robot_sdk/package.ps1'
[31.003s] INFO:colcon.colcon_core.shell:Creating package descriptor '/home/hiwilab/Project/DOG/ros2_ws/install/go2_robot_sdk/share/go2_robot_sdk/package.dsv'
[31.004s] INFO:colcon.colcon_core.shell:Creating package script '/home/hiwilab/Project/DOG/ros2_ws/install/go2_robot_sdk/share/go2_robot_sdk/package.sh'
[31.004s] INFO:colcon.colcon_core.shell:Creating package script '/home/hiwilab/Project/DOG/ros2_ws/install/go2_robot_sdk/share/go2_robot_sdk/package.bash'
[31.004s] INFO:colcon.colcon_core.shell:Creating package script '/home/hiwilab/Project/DOG/ros2_ws/install/go2_robot_sdk/share/go2_robot_sdk/package.zsh'
[31.005s] Level 1:colcon.colcon_core.environment:create_file_with_runtime_dependencies(/home/hiwilab/Project/DOG/ros2_ws/install/go2_robot_sdk/share/colcon-core/packages/go2_robot_sdk)
[31.005s] DEBUG:colcon.colcon_parallel_executor.executor.parallel:closing loop
[31.006s] DEBUG:colcon.colcon_parallel_executor.executor.parallel:loop closed
[31.006s] DEBUG:colcon.colcon_parallel_executor.executor.parallel:run_until_complete finished with '0'
[31.006s] DEBUG:colcon.colcon_core.event_reactor:joining thread
[31.089s] INFO:colcon.colcon_core.plugin_system:Skipping extension 'colcon_notification.desktop_notification.notify_send': Could not find 'notify-send'
[31.089s] INFO:colcon.colcon_core.plugin_system:Skipping extension 'colcon_notification.desktop_notification.terminal_notifier': Not used on non-Darwin systems
[31.089s] INFO:colcon.colcon_core.plugin_system:Skipping extension 'colcon_notification.desktop_notification.win32': Not used on non-Windows systems
[31.089s] INFO:colcon.colcon_notification.desktop_notification:Sending desktop notification using 'notify2'
[31.090s] DEBUG:colcon.colcon_notification.desktop_notification.notify2:Failed to initialize notify2: org.freedesktop.DBus.Error.ServiceUnknown: The name org.freedesktop.Notifications was not provided by any .service files
[31.090s] DEBUG:colcon.colcon_core.event_reactor:joined thread
[31.091s] INFO:colcon.colcon_core.shell:Creating prefix script '/home/hiwilab/Project/DOG/ros2_ws/install/local_setup.ps1'
[31.091s] INFO:colcon.colcon_core.shell:Creating prefix util module '/home/hiwilab/Project/DOG/ros2_ws/install/_local_setup_util_ps1.py'
[31.092s] INFO:colcon.colcon_core.shell:Creating prefix chain script '/home/hiwilab/Project/DOG/ros2_ws/install/setup.ps1'
[31.093s] INFO:colcon.colcon_core.shell:Creating prefix script '/home/hiwilab/Project/DOG/ros2_ws/install/local_setup.sh'
[31.094s] INFO:colcon.colcon_core.shell:Creating prefix util module '/home/hiwilab/Project/DOG/ros2_ws/install/_local_setup_util_sh.py'
[31.094s] INFO:colcon.colcon_core.shell:Creating prefix chain script '/home/hiwilab/Project/DOG/ros2_ws/install/setup.sh'
[31.095s] INFO:colcon.colcon_core.shell:Creating prefix script '/home/hiwilab/Project/DOG/ros2_ws/install/local_setup.bash'
[31.095s] INFO:colcon.colcon_core.shell:Creating prefix chain script '/home/hiwilab/Project/DOG/ros2_ws/install/setup.bash'
[31.096s] INFO:colcon.colcon_core.shell:Creating prefix script '/home/hiwilab/Project/DOG/ros2_ws/install/local_setup.zsh'
[31.096s] INFO:colcon.colcon_core.shell:Creating prefix chain script '/home/hiwilab/Project/DOG/ros2_ws/install/setup.zsh'
