[0.226s] DEBUG:colcon:Command line arguments: ['/usr/bin/colcon', 'build']
[0.226s] DEBUG:colcon:Parsed command line arguments: Namespace(log_base=None, log_level=None, verb_name='build', build_base='build', install_base='install', merge_install=False, symlink_install=False, test_result_base=None, continue_on_error=False, executor='parallel', parallel_workers=8, event_handlers=None, ignore_user_meta=False, metas=['./colcon.meta'], base_paths=['.'], packages_ignore=None, packages_ignore_regex=None, paths=None, packages_up_to=None, packages_up_to_regex=None, packages_above=None, packages_above_and_dependencies=None, packages_above_depth=None, packages_select_by_dep=None, packages_skip_by_dep=None, packages_skip_up_to=None, packages_select_build_failed=False, packages_skip_build_finished=False, packages_select_test_failures=False, packages_skip_test_passed=False, packages_select=None, packages_skip=None, packages_select_regex=None, packages_skip_regex=None, packages_start=None, packages_end=None, allow_overriding=[], cmake_args=None, cmake_target=None, cmake_target_skip_unavailable=False, cmake_clean_cache=False, cmake_clean_first=False, cmake_force_configure=False, ament_cmake_args=None, catkin_cmake_args=None, catkin_skip_building_tests=False, verb_parser=<colcon_defaults.argument_parser.defaults.DefaultArgumentsDecorator object at 0x7f9c0ee055d0>, verb_extension=<colcon_core.verb.build.BuildVerb object at 0x7f9c0ee05090>, main=<bound method BuildVerb.main of <colcon_core.verb.build.BuildVerb object at 0x7f9c0ee05090>>)
[0.385s] Level 1:colcon.colcon_core.package_discovery:discover_packages(colcon_meta) check parameters
[0.385s] Level 1:colcon.colcon_core.package_discovery:discover_packages(recursive) check parameters
[0.385s] Level 1:colcon.colcon_core.package_discovery:discover_packages(ignore) check parameters
[0.385s] Level 1:colcon.colcon_core.package_discovery:discover_packages(path) check parameters
[0.385s] Level 1:colcon.colcon_core.package_discovery:discover_packages(colcon_meta) discover
[0.385s] Level 1:colcon.colcon_core.package_discovery:discover_packages(recursive) discover
[0.385s] INFO:colcon.colcon_core.package_discovery:Crawling recursively for packages in '/home/hiwilab/Project/DOG/ros2_ws'
[0.385s] Level 1:colcon.colcon_core.package_identification:_identify(.) by extensions ['ignore', 'ignore_ament_install']
[0.385s] Level 1:colcon.colcon_core.package_identification:_identify(.) by extension 'ignore'
[0.385s] Level 1:colcon.colcon_core.package_identification:_identify(.) by extension 'ignore_ament_install'
[0.385s] Level 1:colcon.colcon_core.package_identification:_identify(.) by extensions ['colcon_pkg']
[0.385s] Level 1:colcon.colcon_core.package_identification:_identify(.) by extension 'colcon_pkg'
[0.385s] Level 1:colcon.colcon_core.package_identification:_identify(.) by extensions ['colcon_meta']
[0.385s] Level 1:colcon.colcon_core.package_identification:_identify(.) by extension 'colcon_meta'
[0.385s] Level 1:colcon.colcon_core.package_identification:_identify(.) by extensions ['ros']
[0.385s] Level 1:colcon.colcon_core.package_identification:_identify(.) by extension 'ros'
[0.400s] Level 1:colcon.colcon_core.package_identification:_identify(.) by extensions ['cmake', 'python']
[0.400s] Level 1:colcon.colcon_core.package_identification:_identify(.) by extension 'cmake'
[0.400s] Level 1:colcon.colcon_core.package_identification:_identify(.) by extension 'python'
[0.400s] Level 1:colcon.colcon_core.package_identification:_identify(.) by extensions ['python_setup_py']
[0.400s] Level 1:colcon.colcon_core.package_identification:_identify(.) by extension 'python_setup_py'
[0.400s] Level 1:colcon.colcon_core.package_identification:_identify(build) by extensions ['ignore', 'ignore_ament_install']
[0.400s] Level 1:colcon.colcon_core.package_identification:_identify(build) by extension 'ignore'
[0.400s] Level 1:colcon.colcon_core.package_identification:_identify(build) ignored
[0.400s] Level 1:colcon.colcon_core.package_identification:_identify(install) by extensions ['ignore', 'ignore_ament_install']
[0.400s] Level 1:colcon.colcon_core.package_identification:_identify(install) by extension 'ignore'
[0.401s] Level 1:colcon.colcon_core.package_identification:_identify(install) ignored
[0.401s] Level 1:colcon.colcon_core.package_identification:_identify(log) by extensions ['ignore', 'ignore_ament_install']
[0.401s] Level 1:colcon.colcon_core.package_identification:_identify(log) by extension 'ignore'
[0.401s] Level 1:colcon.colcon_core.package_identification:_identify(log) ignored
[0.401s] Level 1:colcon.colcon_core.package_identification:_identify(src) by extensions ['ignore', 'ignore_ament_install']
[0.401s] Level 1:colcon.colcon_core.package_identification:_identify(src) by extension 'ignore'
[0.401s] Level 1:colcon.colcon_core.package_identification:_identify(src) by extension 'ignore_ament_install'
[0.401s] Level 1:colcon.colcon_core.package_identification:_identify(src) by extensions ['colcon_pkg']
[0.401s] Level 1:colcon.colcon_core.package_identification:_identify(src) by extension 'colcon_pkg'
[0.401s] Level 1:colcon.colcon_core.package_identification:_identify(src) by extensions ['colcon_meta']
[0.401s] Level 1:colcon.colcon_core.package_identification:_identify(src) by extension 'colcon_meta'
[0.401s] Level 1:colcon.colcon_core.package_identification:_identify(src) by extensions ['ros']
[0.401s] Level 1:colcon.colcon_core.package_identification:_identify(src) by extension 'ros'
[0.401s] Level 1:colcon.colcon_core.package_identification:_identify(src) by extensions ['cmake', 'python']
[0.401s] Level 1:colcon.colcon_core.package_identification:_identify(src) by extension 'cmake'
[0.401s] Level 1:colcon.colcon_core.package_identification:_identify(src) by extension 'python'
[0.401s] Level 1:colcon.colcon_core.package_identification:_identify(src) by extensions ['python_setup_py']
[0.401s] Level 1:colcon.colcon_core.package_identification:_identify(src) by extension 'python_setup_py'
[0.401s] Level 1:colcon.colcon_core.package_identification:_identify(src/coco_detector) by extensions ['ignore', 'ignore_ament_install']
[0.401s] Level 1:colcon.colcon_core.package_identification:_identify(src/coco_detector) by extension 'ignore'
[0.401s] Level 1:colcon.colcon_core.package_identification:_identify(src/coco_detector) by extension 'ignore_ament_install'
[0.401s] Level 1:colcon.colcon_core.package_identification:_identify(src/coco_detector) by extensions ['colcon_pkg']
[0.401s] Level 1:colcon.colcon_core.package_identification:_identify(src/coco_detector) by extension 'colcon_pkg'
[0.401s] Level 1:colcon.colcon_core.package_identification:_identify(src/coco_detector) by extensions ['colcon_meta']
[0.401s] Level 1:colcon.colcon_core.package_identification:_identify(src/coco_detector) by extension 'colcon_meta'
[0.401s] Level 1:colcon.colcon_core.package_identification:_identify(src/coco_detector) by extensions ['ros']
[0.401s] Level 1:colcon.colcon_core.package_identification:_identify(src/coco_detector) by extension 'ros'
[0.403s] DEBUG:colcon.colcon_core.package_identification:Package 'src/coco_detector' with type 'ros.ament_python' and name 'coco_detector'
[0.403s] Level 1:colcon.colcon_core.package_identification:_identify(src/doc_images) by extensions ['ignore', 'ignore_ament_install']
[0.403s] Level 1:colcon.colcon_core.package_identification:_identify(src/doc_images) by extension 'ignore'
[0.403s] Level 1:colcon.colcon_core.package_identification:_identify(src/doc_images) by extension 'ignore_ament_install'
[0.403s] Level 1:colcon.colcon_core.package_identification:_identify(src/doc_images) by extensions ['colcon_pkg']
[0.403s] Level 1:colcon.colcon_core.package_identification:_identify(src/doc_images) by extension 'colcon_pkg'
[0.403s] Level 1:colcon.colcon_core.package_identification:_identify(src/doc_images) by extensions ['colcon_meta']
[0.403s] Level 1:colcon.colcon_core.package_identification:_identify(src/doc_images) by extension 'colcon_meta'
[0.404s] Level 1:colcon.colcon_core.package_identification:_identify(src/doc_images) by extensions ['ros']
[0.404s] Level 1:colcon.colcon_core.package_identification:_identify(src/doc_images) by extension 'ros'
[0.404s] Level 1:colcon.colcon_core.package_identification:_identify(src/doc_images) by extensions ['cmake', 'python']
[0.404s] Level 1:colcon.colcon_core.package_identification:_identify(src/doc_images) by extension 'cmake'
[0.404s] Level 1:colcon.colcon_core.package_identification:_identify(src/doc_images) by extension 'python'
[0.404s] Level 1:colcon.colcon_core.package_identification:_identify(src/doc_images) by extensions ['python_setup_py']
[0.404s] Level 1:colcon.colcon_core.package_identification:_identify(src/doc_images) by extension 'python_setup_py'
[0.404s] Level 1:colcon.colcon_core.package_identification:_identify(src/docker) by extensions ['ignore', 'ignore_ament_install']
[0.404s] Level 1:colcon.colcon_core.package_identification:_identify(src/docker) by extension 'ignore'
[0.404s] Level 1:colcon.colcon_core.package_identification:_identify(src/docker) by extension 'ignore_ament_install'
[0.404s] Level 1:colcon.colcon_core.package_identification:_identify(src/docker) by extensions ['colcon_pkg']
[0.404s] Level 1:colcon.colcon_core.package_identification:_identify(src/docker) by extension 'colcon_pkg'
[0.404s] Level 1:colcon.colcon_core.package_identification:_identify(src/docker) by extensions ['colcon_meta']
[0.404s] Level 1:colcon.colcon_core.package_identification:_identify(src/docker) by extension 'colcon_meta'
[0.404s] Level 1:colcon.colcon_core.package_identification:_identify(src/docker) by extensions ['ros']
[0.404s] Level 1:colcon.colcon_core.package_identification:_identify(src/docker) by extension 'ros'
[0.404s] Level 1:colcon.colcon_core.package_identification:_identify(src/docker) by extensions ['cmake', 'python']
[0.404s] Level 1:colcon.colcon_core.package_identification:_identify(src/docker) by extension 'cmake'
[0.404s] Level 1:colcon.colcon_core.package_identification:_identify(src/docker) by extension 'python'
[0.404s] Level 1:colcon.colcon_core.package_identification:_identify(src/docker) by extensions ['python_setup_py']
[0.404s] Level 1:colcon.colcon_core.package_identification:_identify(src/docker) by extension 'python_setup_py'
[0.404s] Level 1:colcon.colcon_core.package_identification:_identify(src/go2_gps_nav) by extensions ['ignore', 'ignore_ament_install']
[0.404s] Level 1:colcon.colcon_core.package_identification:_identify(src/go2_gps_nav) by extension 'ignore'
[0.404s] Level 1:colcon.colcon_core.package_identification:_identify(src/go2_gps_nav) by extension 'ignore_ament_install'
[0.404s] Level 1:colcon.colcon_core.package_identification:_identify(src/go2_gps_nav) by extensions ['colcon_pkg']
[0.405s] Level 1:colcon.colcon_core.package_identification:_identify(src/go2_gps_nav) by extension 'colcon_pkg'
[0.405s] Level 1:colcon.colcon_core.package_identification:_identify(src/go2_gps_nav) by extensions ['colcon_meta']
[0.405s] Level 1:colcon.colcon_core.package_identification:_identify(src/go2_gps_nav) by extension 'colcon_meta'
[0.405s] Level 1:colcon.colcon_core.package_identification:_identify(src/go2_gps_nav) by extensions ['ros']
[0.405s] Level 1:colcon.colcon_core.package_identification:_identify(src/go2_gps_nav) by extension 'ros'
[0.405s] DEBUG:colcon.colcon_core.package_identification:Package 'src/go2_gps_nav' with type 'ros.ament_python' and name 'go2_gps_nav'
[0.406s] Level 1:colcon.colcon_core.package_identification:_identify(src/go2_interfaces) by extensions ['ignore', 'ignore_ament_install']
[0.406s] Level 1:colcon.colcon_core.package_identification:_identify(src/go2_interfaces) by extension 'ignore'
[0.406s] Level 1:colcon.colcon_core.package_identification:_identify(src/go2_interfaces) by extension 'ignore_ament_install'
[0.406s] Level 1:colcon.colcon_core.package_identification:_identify(src/go2_interfaces) by extensions ['colcon_pkg']
[0.406s] Level 1:colcon.colcon_core.package_identification:_identify(src/go2_interfaces) by extension 'colcon_pkg'
[0.406s] Level 1:colcon.colcon_core.package_identification:_identify(src/go2_interfaces) by extensions ['colcon_meta']
[0.406s] Level 1:colcon.colcon_core.package_identification:_identify(src/go2_interfaces) by extension 'colcon_meta'
[0.406s] Level 1:colcon.colcon_core.package_identification:_identify(src/go2_interfaces) by extensions ['ros']
[0.406s] Level 1:colcon.colcon_core.package_identification:_identify(src/go2_interfaces) by extension 'ros'
[0.406s] DEBUG:colcon.colcon_core.package_identification:Package 'src/go2_interfaces' with type 'ros.ament_cmake' and name 'go2_interfaces'
[0.406s] Level 1:colcon.colcon_core.package_identification:_identify(src/go2_robot_sdk) by extensions ['ignore', 'ignore_ament_install']
[0.406s] Level 1:colcon.colcon_core.package_identification:_identify(src/go2_robot_sdk) by extension 'ignore'
[0.406s] Level 1:colcon.colcon_core.package_identification:_identify(src/go2_robot_sdk) by extension 'ignore_ament_install'
[0.406s] Level 1:colcon.colcon_core.package_identification:_identify(src/go2_robot_sdk) by extensions ['colcon_pkg']
[0.406s] Level 1:colcon.colcon_core.package_identification:_identify(src/go2_robot_sdk) by extension 'colcon_pkg'
[0.407s] Level 1:colcon.colcon_core.package_identification:_identify(src/go2_robot_sdk) by extensions ['colcon_meta']
[0.407s] Level 1:colcon.colcon_core.package_identification:_identify(src/go2_robot_sdk) by extension 'colcon_meta'
[0.407s] Level 1:colcon.colcon_core.package_identification:_identify(src/go2_robot_sdk) by extensions ['ros']
[0.407s] Level 1:colcon.colcon_core.package_identification:_identify(src/go2_robot_sdk) by extension 'ros'
[0.407s] DEBUG:colcon.colcon_core.package_identification:Package 'src/go2_robot_sdk' with type 'ros.ament_python' and name 'go2_robot_sdk'
[0.407s] Level 1:colcon.colcon_core.package_identification:_identify(src/unitree_go) by extensions ['ignore', 'ignore_ament_install']
[0.407s] Level 1:colcon.colcon_core.package_identification:_identify(src/unitree_go) by extension 'ignore'
[0.407s] Level 1:colcon.colcon_core.package_identification:_identify(src/unitree_go) by extension 'ignore_ament_install'
[0.408s] Level 1:colcon.colcon_core.package_identification:_identify(src/unitree_go) by extensions ['colcon_pkg']
[0.408s] Level 1:colcon.colcon_core.package_identification:_identify(src/unitree_go) by extension 'colcon_pkg'
[0.408s] Level 1:colcon.colcon_core.package_identification:_identify(src/unitree_go) by extensions ['colcon_meta']
[0.408s] Level 1:colcon.colcon_core.package_identification:_identify(src/unitree_go) by extension 'colcon_meta'
[0.408s] Level 1:colcon.colcon_core.package_identification:_identify(src/unitree_go) by extensions ['ros']
[0.408s] Level 1:colcon.colcon_core.package_identification:_identify(src/unitree_go) by extension 'ros'
[0.408s] DEBUG:colcon.colcon_core.package_identification:Package 'src/unitree_go' with type 'ros.ament_cmake' and name 'unitree_go'
[0.408s] Level 1:colcon.colcon_core.package_identification:_identify(tts_cache) by extensions ['ignore', 'ignore_ament_install']
[0.408s] Level 1:colcon.colcon_core.package_identification:_identify(tts_cache) by extension 'ignore'
[0.408s] Level 1:colcon.colcon_core.package_identification:_identify(tts_cache) by extension 'ignore_ament_install'
[0.408s] Level 1:colcon.colcon_core.package_identification:_identify(tts_cache) by extensions ['colcon_pkg']
[0.408s] Level 1:colcon.colcon_core.package_identification:_identify(tts_cache) by extension 'colcon_pkg'
[0.409s] Level 1:colcon.colcon_core.package_identification:_identify(tts_cache) by extensions ['colcon_meta']
[0.409s] Level 1:colcon.colcon_core.package_identification:_identify(tts_cache) by extension 'colcon_meta'
[0.409s] Level 1:colcon.colcon_core.package_identification:_identify(tts_cache) by extensions ['ros']
[0.409s] Level 1:colcon.colcon_core.package_identification:_identify(tts_cache) by extension 'ros'
[0.409s] Level 1:colcon.colcon_core.package_identification:_identify(tts_cache) by extensions ['cmake', 'python']
[0.409s] Level 1:colcon.colcon_core.package_identification:_identify(tts_cache) by extension 'cmake'
[0.409s] Level 1:colcon.colcon_core.package_identification:_identify(tts_cache) by extension 'python'
[0.409s] Level 1:colcon.colcon_core.package_identification:_identify(tts_cache) by extensions ['python_setup_py']
[0.409s] Level 1:colcon.colcon_core.package_identification:_identify(tts_cache) by extension 'python_setup_py'
[0.409s] Level 1:colcon.colcon_core.package_discovery:discover_packages(recursive) using defaults
[0.409s] Level 1:colcon.colcon_core.package_discovery:discover_packages(ignore) discover
[0.409s] Level 1:colcon.colcon_core.package_discovery:discover_packages(ignore) using defaults
[0.409s] Level 1:colcon.colcon_core.package_discovery:discover_packages(path) discover
[0.409s] Level 1:colcon.colcon_core.package_discovery:discover_packages(path) using defaults
[0.428s] Level 1:colcon.colcon_core.package_discovery:discover_packages(prefix_path) check parameters
[0.428s] Level 1:colcon.colcon_core.package_discovery:discover_packages(prefix_path) discover
[0.428s] WARNING:colcon.colcon_ros.prefix_path.ament:The path '/home/hiwilab/Project/DOG/ros2_ws/install/go2_robot_sdk' in the environment variable AMENT_PREFIX_PATH doesn't exist
[0.429s] WARNING:colcon.colcon_ros.prefix_path.ament:The path '/home/hiwilab/Project/DOG/ros2_ws/install/unitree_go' in the environment variable AMENT_PREFIX_PATH doesn't exist
[0.429s] WARNING:colcon.colcon_ros.prefix_path.ament:The path '/home/hiwilab/Project/DOG/ros2_ws/install/go2_interfaces' in the environment variable AMENT_PREFIX_PATH doesn't exist
[0.429s] WARNING:colcon.colcon_ros.prefix_path.ament:The path '/home/hiwilab/Project/DOG/ros2_ws/install/go2_gps_nav' in the environment variable AMENT_PREFIX_PATH doesn't exist
[0.429s] WARNING:colcon.colcon_ros.prefix_path.ament:The path '/home/hiwilab/Project/DOG/ros2_ws/install/coco_detector' in the environment variable AMENT_PREFIX_PATH doesn't exist
[0.429s] WARNING:colcon.colcon_ros.prefix_path.catkin:The path '/home/hiwilab/Project/DOG/ros2_ws/install/unitree_go' in the environment variable CMAKE_PREFIX_PATH doesn't exist
[0.429s] WARNING:colcon.colcon_ros.prefix_path.catkin:The path '/home/hiwilab/Project/DOG/ros2_ws/install/go2_interfaces' in the environment variable CMAKE_PREFIX_PATH doesn't exist
[0.430s] DEBUG:colcon.colcon_installed_package_information.package_discovery:Found 0 installed packages in /home/hiwilab/Project/DOG/ros2_ws/install
[0.431s] DEBUG:colcon.colcon_installed_package_information.package_discovery:Found 336 installed packages in /opt/ros/humble
[0.433s] Level 1:colcon.colcon_core.package_discovery:discover_packages(prefix_path) using defaults
[0.471s] Level 5:colcon.colcon_core.verb:set package 'coco_detector' build argument 'cmake_args' from command line to 'None'
[0.471s] Level 5:colcon.colcon_core.verb:set package 'coco_detector' build argument 'cmake_target' from command line to 'None'
[0.471s] Level 5:colcon.colcon_core.verb:set package 'coco_detector' build argument 'cmake_target_skip_unavailable' from command line to 'False'
[0.471s] Level 5:colcon.colcon_core.verb:set package 'coco_detector' build argument 'cmake_clean_cache' from command line to 'False'
[0.471s] Level 5:colcon.colcon_core.verb:set package 'coco_detector' build argument 'cmake_clean_first' from command line to 'False'
[0.471s] Level 5:colcon.colcon_core.verb:set package 'coco_detector' build argument 'cmake_force_configure' from command line to 'False'
[0.471s] Level 5:colcon.colcon_core.verb:set package 'coco_detector' build argument 'ament_cmake_args' from command line to 'None'
[0.471s] Level 5:colcon.colcon_core.verb:set package 'coco_detector' build argument 'catkin_cmake_args' from command line to 'None'
[0.471s] Level 5:colcon.colcon_core.verb:set package 'coco_detector' build argument 'catkin_skip_building_tests' from command line to 'False'
[0.471s] DEBUG:colcon.colcon_core.verb:Building package 'coco_detector' with the following arguments: {'ament_cmake_args': None, 'build_base': '/home/hiwilab/Project/DOG/ros2_ws/build/coco_detector', 'catkin_cmake_args': None, 'catkin_skip_building_tests': False, 'cmake_args': None, 'cmake_clean_cache': False, 'cmake_clean_first': False, 'cmake_force_configure': False, 'cmake_target': None, 'cmake_target_skip_unavailable': False, 'install_base': '/home/hiwilab/Project/DOG/ros2_ws/install/coco_detector', 'merge_install': False, 'path': '/home/hiwilab/Project/DOG/ros2_ws/src/coco_detector', 'symlink_install': False, 'test_result_base': None}
[0.471s] Level 5:colcon.colcon_core.verb:set package 'go2_gps_nav' build argument 'cmake_args' from command line to 'None'
[0.471s] Level 5:colcon.colcon_core.verb:set package 'go2_gps_nav' build argument 'cmake_target' from command line to 'None'
[0.471s] Level 5:colcon.colcon_core.verb:set package 'go2_gps_nav' build argument 'cmake_target_skip_unavailable' from command line to 'False'
[0.471s] Level 5:colcon.colcon_core.verb:set package 'go2_gps_nav' build argument 'cmake_clean_cache' from command line to 'False'
[0.471s] Level 5:colcon.colcon_core.verb:set package 'go2_gps_nav' build argument 'cmake_clean_first' from command line to 'False'
[0.471s] Level 5:colcon.colcon_core.verb:set package 'go2_gps_nav' build argument 'cmake_force_configure' from command line to 'False'
[0.471s] Level 5:colcon.colcon_core.verb:set package 'go2_gps_nav' build argument 'ament_cmake_args' from command line to 'None'
[0.471s] Level 5:colcon.colcon_core.verb:set package 'go2_gps_nav' build argument 'catkin_cmake_args' from command line to 'None'
[0.471s] Level 5:colcon.colcon_core.verb:set package 'go2_gps_nav' build argument 'catkin_skip_building_tests' from command line to 'False'
[0.471s] DEBUG:colcon.colcon_core.verb:Building package 'go2_gps_nav' with the following arguments: {'ament_cmake_args': None, 'build_base': '/home/hiwilab/Project/DOG/ros2_ws/build/go2_gps_nav', 'catkin_cmake_args': None, 'catkin_skip_building_tests': False, 'cmake_args': None, 'cmake_clean_cache': False, 'cmake_clean_first': False, 'cmake_force_configure': False, 'cmake_target': None, 'cmake_target_skip_unavailable': False, 'install_base': '/home/hiwilab/Project/DOG/ros2_ws/install/go2_gps_nav', 'merge_install': False, 'path': '/home/hiwilab/Project/DOG/ros2_ws/src/go2_gps_nav', 'symlink_install': False, 'test_result_base': None}
[0.472s] Level 5:colcon.colcon_core.verb:set package 'go2_interfaces' build argument 'cmake_args' from command line to 'None'
[0.472s] Level 5:colcon.colcon_core.verb:set package 'go2_interfaces' build argument 'cmake_target' from command line to 'None'
[0.472s] Level 5:colcon.colcon_core.verb:set package 'go2_interfaces' build argument 'cmake_target_skip_unavailable' from command line to 'False'
[0.472s] Level 5:colcon.colcon_core.verb:set package 'go2_interfaces' build argument 'cmake_clean_cache' from command line to 'False'
[0.472s] Level 5:colcon.colcon_core.verb:set package 'go2_interfaces' build argument 'cmake_clean_first' from command line to 'False'
[0.472s] Level 5:colcon.colcon_core.verb:set package 'go2_interfaces' build argument 'cmake_force_configure' from command line to 'False'
[0.472s] Level 5:colcon.colcon_core.verb:set package 'go2_interfaces' build argument 'ament_cmake_args' from command line to 'None'
[0.472s] Level 5:colcon.colcon_core.verb:set package 'go2_interfaces' build argument 'catkin_cmake_args' from command line to 'None'
[0.472s] Level 5:colcon.colcon_core.verb:set package 'go2_interfaces' build argument 'catkin_skip_building_tests' from command line to 'False'
[0.472s] DEBUG:colcon.colcon_core.verb:Building package 'go2_interfaces' with the following arguments: {'ament_cmake_args': None, 'build_base': '/home/hiwilab/Project/DOG/ros2_ws/build/go2_interfaces', 'catkin_cmake_args': None, 'catkin_skip_building_tests': False, 'cmake_args': None, 'cmake_clean_cache': False, 'cmake_clean_first': False, 'cmake_force_configure': False, 'cmake_target': None, 'cmake_target_skip_unavailable': False, 'install_base': '/home/hiwilab/Project/DOG/ros2_ws/install/go2_interfaces', 'merge_install': False, 'path': '/home/hiwilab/Project/DOG/ros2_ws/src/go2_interfaces', 'symlink_install': False, 'test_result_base': None}
[0.472s] Level 5:colcon.colcon_core.verb:set package 'unitree_go' build argument 'cmake_args' from command line to 'None'
[0.472s] Level 5:colcon.colcon_core.verb:set package 'unitree_go' build argument 'cmake_target' from command line to 'None'
[0.472s] Level 5:colcon.colcon_core.verb:set package 'unitree_go' build argument 'cmake_target_skip_unavailable' from command line to 'False'
[0.472s] Level 5:colcon.colcon_core.verb:set package 'unitree_go' build argument 'cmake_clean_cache' from command line to 'False'
[0.472s] Level 5:colcon.colcon_core.verb:set package 'unitree_go' build argument 'cmake_clean_first' from command line to 'False'
[0.472s] Level 5:colcon.colcon_core.verb:set package 'unitree_go' build argument 'cmake_force_configure' from command line to 'False'
[0.472s] Level 5:colcon.colcon_core.verb:set package 'unitree_go' build argument 'ament_cmake_args' from command line to 'None'
[0.472s] Level 5:colcon.colcon_core.verb:set package 'unitree_go' build argument 'catkin_cmake_args' from command line to 'None'
[0.472s] Level 5:colcon.colcon_core.verb:set package 'unitree_go' build argument 'catkin_skip_building_tests' from command line to 'False'
[0.472s] DEBUG:colcon.colcon_core.verb:Building package 'unitree_go' with the following arguments: {'ament_cmake_args': None, 'build_base': '/home/hiwilab/Project/DOG/ros2_ws/build/unitree_go', 'catkin_cmake_args': None, 'catkin_skip_building_tests': False, 'cmake_args': None, 'cmake_clean_cache': False, 'cmake_clean_first': False, 'cmake_force_configure': False, 'cmake_target': None, 'cmake_target_skip_unavailable': False, 'install_base': '/home/hiwilab/Project/DOG/ros2_ws/install/unitree_go', 'merge_install': False, 'path': '/home/hiwilab/Project/DOG/ros2_ws/src/unitree_go', 'symlink_install': False, 'test_result_base': None}
[0.473s] Level 5:colcon.colcon_core.verb:set package 'go2_robot_sdk' build argument 'cmake_args' from command line to 'None'
[0.473s] Level 5:colcon.colcon_core.verb:set package 'go2_robot_sdk' build argument 'cmake_target' from command line to 'None'
[0.473s] Level 5:colcon.colcon_core.verb:set package 'go2_robot_sdk' build argument 'cmake_target_skip_unavailable' from command line to 'False'
[0.473s] Level 5:colcon.colcon_core.verb:set package 'go2_robot_sdk' build argument 'cmake_clean_cache' from command line to 'False'
[0.473s] Level 5:colcon.colcon_core.verb:set package 'go2_robot_sdk' build argument 'cmake_clean_first' from command line to 'False'
[0.473s] Level 5:colcon.colcon_core.verb:set package 'go2_robot_sdk' build argument 'cmake_force_configure' from command line to 'False'
[0.473s] Level 5:colcon.colcon_core.verb:set package 'go2_robot_sdk' build argument 'ament_cmake_args' from command line to 'None'
[0.473s] Level 5:colcon.colcon_core.verb:set package 'go2_robot_sdk' build argument 'catkin_cmake_args' from command line to 'None'
[0.473s] Level 5:colcon.colcon_core.verb:set package 'go2_robot_sdk' build argument 'catkin_skip_building_tests' from command line to 'False'
[0.473s] DEBUG:colcon.colcon_core.verb:Building package 'go2_robot_sdk' with the following arguments: {'ament_cmake_args': None, 'build_base': '/home/hiwilab/Project/DOG/ros2_ws/build/go2_robot_sdk', 'catkin_cmake_args': None, 'catkin_skip_building_tests': False, 'cmake_args': None, 'cmake_clean_cache': False, 'cmake_clean_first': False, 'cmake_force_configure': False, 'cmake_target': None, 'cmake_target_skip_unavailable': False, 'install_base': '/home/hiwilab/Project/DOG/ros2_ws/install/go2_robot_sdk', 'merge_install': False, 'path': '/home/hiwilab/Project/DOG/ros2_ws/src/go2_robot_sdk', 'symlink_install': False, 'test_result_base': None}
[0.473s] INFO:colcon.colcon_core.executor:Executing jobs using 'parallel' executor
[0.474s] DEBUG:colcon.colcon_parallel_executor.executor.parallel:run_until_complete
[0.474s] INFO:colcon.colcon_ros.task.ament_cmake.build:Building ROS package in '/home/hiwilab/Project/DOG/ros2_ws/src/go2_interfaces' with build type 'ament_cmake'
[0.474s] INFO:colcon.colcon_cmake.task.cmake.build:Building CMake package in '/home/hiwilab/Project/DOG/ros2_ws/src/go2_interfaces'
[0.477s] INFO:colcon.colcon_core.plugin_system:Skipping extension 'colcon_core.shell.bat': Not used on non-Windows systems
[0.477s] INFO:colcon.colcon_core.shell:Skip shell extension 'powershell' for command environment: Not usable outside of PowerShell
[0.477s] DEBUG:colcon.colcon_core.shell:Skip shell extension 'dsv' for command environment
[0.479s] INFO:colcon.colcon_ros.task.ament_cmake.build:Building ROS package in '/home/hiwilab/Project/DOG/ros2_ws/src/unitree_go' with build type 'ament_cmake'
[0.479s] INFO:colcon.colcon_cmake.task.cmake.build:Building CMake package in '/home/hiwilab/Project/DOG/ros2_ws/src/unitree_go'
[0.480s] INFO:colcon.colcon_core.shell:Skip shell extension 'powershell' for command environment: Not usable outside of PowerShell
[0.480s] DEBUG:colcon.colcon_core.shell:Skip shell extension 'dsv' for command environment
[0.482s] INFO:colcon.colcon_ros.task.ament_python.build:Building ROS package in '/home/hiwilab/Project/DOG/ros2_ws/src/coco_detector' with build type 'ament_python'
[0.483s] Level 1:colcon.colcon_core.shell:create_environment_hook('coco_detector', 'ament_prefix_path')
[0.483s] INFO:colcon.colcon_core.shell:Creating environment hook '/home/hiwilab/Project/DOG/ros2_ws/install/coco_detector/share/coco_detector/hook/ament_prefix_path.ps1'
[0.484s] INFO:colcon.colcon_core.shell:Creating environment descriptor '/home/hiwilab/Project/DOG/ros2_ws/install/coco_detector/share/coco_detector/hook/ament_prefix_path.dsv'
[0.484s] INFO:colcon.colcon_core.shell:Creating environment hook '/home/hiwilab/Project/DOG/ros2_ws/install/coco_detector/share/coco_detector/hook/ament_prefix_path.sh'
[0.485s] INFO:colcon.colcon_core.shell:Skip shell extension 'powershell' for command environment: Not usable outside of PowerShell
[0.485s] DEBUG:colcon.colcon_core.shell:Skip shell extension 'dsv' for command environment
[0.487s] INFO:colcon.colcon_ros.task.ament_python.build:Building ROS package in '/home/hiwilab/Project/DOG/ros2_ws/src/go2_gps_nav' with build type 'ament_python'
[0.488s] Level 1:colcon.colcon_core.shell:create_environment_hook('go2_gps_nav', 'ament_prefix_path')
[0.488s] INFO:colcon.colcon_core.shell:Creating environment hook '/home/hiwilab/Project/DOG/ros2_ws/install/go2_gps_nav/share/go2_gps_nav/hook/ament_prefix_path.ps1'
[0.489s] INFO:colcon.colcon_core.shell:Creating environment descriptor '/home/hiwilab/Project/DOG/ros2_ws/install/go2_gps_nav/share/go2_gps_nav/hook/ament_prefix_path.dsv'
[0.489s] INFO:colcon.colcon_core.shell:Creating environment hook '/home/hiwilab/Project/DOG/ros2_ws/install/go2_gps_nav/share/go2_gps_nav/hook/ament_prefix_path.sh'
[0.490s] INFO:colcon.colcon_core.shell:Skip shell extension 'powershell' for command environment: Not usable outside of PowerShell
[0.490s] DEBUG:colcon.colcon_core.shell:Skip shell extension 'dsv' for command environment
[0.496s] DEBUG:colcon.colcon_core.event_handler.log_command:Invoking command in '/home/hiwilab/Project/DOG/ros2_ws/build/go2_interfaces': CMAKE_PREFIX_PATH=${CMAKE_PREFIX_PATH}:/home/hiwilab/Project/DOG/ros2_ws/install/go2_robot_sdk:/home/hiwilab/Project/DOG/ros2_ws/install/go2_gps_nav:/home/hiwilab/Project/DOG/ros2_ws/install/coco_detector:/opt/ros/humble /usr/bin/cmake /home/hiwilab/Project/DOG/ros2_ws/src/go2_interfaces -DCMAKE_INSTALL_PREFIX=/home/hiwilab/Project/DOG/ros2_ws/install/go2_interfaces
[0.500s] DEBUG:colcon.colcon_core.event_handler.log_command:Invoking command in '/home/hiwilab/Project/DOG/ros2_ws/build/unitree_go': CMAKE_PREFIX_PATH=${CMAKE_PREFIX_PATH}:/home/hiwilab/Project/DOG/ros2_ws/install/go2_robot_sdk:/home/hiwilab/Project/DOG/ros2_ws/install/go2_gps_nav:/home/hiwilab/Project/DOG/ros2_ws/install/coco_detector:/opt/ros/humble /usr/bin/cmake /home/hiwilab/Project/DOG/ros2_ws/src/unitree_go -DCMAKE_INSTALL_PREFIX=/home/hiwilab/Project/DOG/ros2_ws/install/unitree_go
[0.803s] INFO:colcon.colcon_core.task.python.build:Building Python package in '/home/hiwilab/Project/DOG/ros2_ws/src/coco_detector'
[0.803s] INFO:colcon.colcon_core.shell:Skip shell extension 'powershell' for command environment: Not usable outside of PowerShell
[0.804s] DEBUG:colcon.colcon_core.shell:Skip shell extension 'dsv' for command environment
[1.052s] INFO:colcon.colcon_core.task.python.build:Building Python package in '/home/hiwilab/Project/DOG/ros2_ws/src/go2_gps_nav'
[1.052s] INFO:colcon.colcon_core.shell:Skip shell extension 'powershell' for command environment: Not usable outside of PowerShell
[1.052s] DEBUG:colcon.colcon_core.shell:Skip shell extension 'dsv' for command environment
[1.380s] DEBUG:colcon.colcon_core.event_handler.log_command:Invoking command in '/home/hiwilab/Project/DOG/ros2_ws/src/go2_gps_nav': PYTHONPATH=/home/hiwilab/Project/DOG/ros2_ws/build/go2_gps_nav/prefix_override:/usr/lib/python3/dist-packages/colcon_core/task/python/colcon_distutils_commands:/home/hiwilab/Project/DOG/ros2_ws/install/go2_gps_nav/lib/python3.10/site-packages:${PYTHONPATH} /usr/bin/python3 -W ignore:setup.py install is deprecated -W ignore:easy_install command is deprecated setup.py egg_info --egg-base ../../build/go2_gps_nav build --build-base /home/hiwilab/Project/DOG/ros2_ws/build/go2_gps_nav/build install --record /home/hiwilab/Project/DOG/ros2_ws/build/go2_gps_nav/install.log --install-scripts $base/lib/go2_gps_nav --single-version-externally-managed install_data
[1.384s] DEBUG:colcon.colcon_core.event_handler.log_command:Invoking command in '/home/hiwilab/Project/DOG/ros2_ws/src/coco_detector': PYTHONPATH=/home/hiwilab/Project/DOG/ros2_ws/build/coco_detector/prefix_override:/usr/lib/python3/dist-packages/colcon_core/task/python/colcon_distutils_commands:/home/hiwilab/Project/DOG/ros2_ws/install/coco_detector/lib/python3.10/site-packages:${PYTHONPATH} /usr/bin/python3 -W ignore:setup.py install is deprecated -W ignore:easy_install command is deprecated setup.py egg_info --egg-base ../../build/coco_detector build --build-base /home/hiwilab/Project/DOG/ros2_ws/build/coco_detector/build install --record /home/hiwilab/Project/DOG/ros2_ws/build/coco_detector/install.log --single-version-externally-managed install_data
[1.686s] DEBUG:colcon.colcon_core.event_handler.log_command:Invoked command in '/home/hiwilab/Project/DOG/ros2_ws/src/go2_gps_nav' returned '0': PYTHONPATH=/home/hiwilab/Project/DOG/ros2_ws/build/go2_gps_nav/prefix_override:/usr/lib/python3/dist-packages/colcon_core/task/python/colcon_distutils_commands:/home/hiwilab/Project/DOG/ros2_ws/install/go2_gps_nav/lib/python3.10/site-packages:${PYTHONPATH} /usr/bin/python3 -W ignore:setup.py install is deprecated -W ignore:easy_install command is deprecated setup.py egg_info --egg-base ../../build/go2_gps_nav build --build-base /home/hiwilab/Project/DOG/ros2_ws/build/go2_gps_nav/build install --record /home/hiwilab/Project/DOG/ros2_ws/build/go2_gps_nav/install.log --install-scripts $base/lib/go2_gps_nav --single-version-externally-managed install_data
[1.687s] Level 1:colcon.colcon_core.environment:checking '/home/hiwilab/Project/DOG/ros2_ws/install/go2_gps_nav' for CMake module files
[1.688s] Level 1:colcon.colcon_core.environment:checking '/home/hiwilab/Project/DOG/ros2_ws/install/go2_gps_nav' for CMake config files
[1.688s] Level 1:colcon.colcon_core.environment:checking '/home/hiwilab/Project/DOG/ros2_ws/install/go2_gps_nav/lib'
[1.688s] Level 1:colcon.colcon_core.environment:checking '/home/hiwilab/Project/DOG/ros2_ws/install/go2_gps_nav/bin'
[1.688s] Level 1:colcon.colcon_core.environment:checking '/home/hiwilab/Project/DOG/ros2_ws/install/go2_gps_nav/lib/pkgconfig/go2_gps_nav.pc'
[1.689s] Level 1:colcon.colcon_core.environment:checking '/home/hiwilab/Project/DOG/ros2_ws/install/go2_gps_nav/lib/python3.10/site-packages'
[1.689s] Level 1:colcon.colcon_core.shell:create_environment_hook('go2_gps_nav', 'pythonpath')
[1.689s] INFO:colcon.colcon_core.shell:Creating environment hook '/home/hiwilab/Project/DOG/ros2_ws/install/go2_gps_nav/share/go2_gps_nav/hook/pythonpath.ps1'
[1.689s] INFO:colcon.colcon_core.shell:Creating environment descriptor '/home/hiwilab/Project/DOG/ros2_ws/install/go2_gps_nav/share/go2_gps_nav/hook/pythonpath.dsv'
[1.690s] INFO:colcon.colcon_core.shell:Creating environment hook '/home/hiwilab/Project/DOG/ros2_ws/install/go2_gps_nav/share/go2_gps_nav/hook/pythonpath.sh'
[1.690s] Level 1:colcon.colcon_core.environment:checking '/home/hiwilab/Project/DOG/ros2_ws/install/go2_gps_nav/bin'
[1.690s] Level 1:colcon.colcon_core.environment:create_environment_scripts_only(go2_gps_nav)
[1.690s] INFO:colcon.colcon_core.shell:Creating package script '/home/hiwilab/Project/DOG/ros2_ws/install/go2_gps_nav/share/go2_gps_nav/package.ps1'
[1.691s] INFO:colcon.colcon_core.shell:Creating package descriptor '/home/hiwilab/Project/DOG/ros2_ws/install/go2_gps_nav/share/go2_gps_nav/package.dsv'
[1.691s] INFO:colcon.colcon_core.shell:Creating package script '/home/hiwilab/Project/DOG/ros2_ws/install/go2_gps_nav/share/go2_gps_nav/package.sh'
[1.692s] INFO:colcon.colcon_core.shell:Creating package script '/home/hiwilab/Project/DOG/ros2_ws/install/go2_gps_nav/share/go2_gps_nav/package.bash'
[1.693s] INFO:colcon.colcon_core.shell:Creating package script '/home/hiwilab/Project/DOG/ros2_ws/install/go2_gps_nav/share/go2_gps_nav/package.zsh'
[1.693s] Level 1:colcon.colcon_core.environment:create_file_with_runtime_dependencies(/home/hiwilab/Project/DOG/ros2_ws/install/go2_gps_nav/share/colcon-core/packages/go2_gps_nav)
[1.695s] Level 1:colcon.colcon_core.environment:checking '/home/hiwilab/Project/DOG/ros2_ws/install/coco_detector' for CMake module files
[1.695s] DEBUG:colcon.colcon_core.event_handler.log_command:Invoked command in '/home/hiwilab/Project/DOG/ros2_ws/src/coco_detector' returned '0': PYTHONPATH=/home/hiwilab/Project/DOG/ros2_ws/build/coco_detector/prefix_override:/usr/lib/python3/dist-packages/colcon_core/task/python/colcon_distutils_commands:/home/hiwilab/Project/DOG/ros2_ws/install/coco_detector/lib/python3.10/site-packages:${PYTHONPATH} /usr/bin/python3 -W ignore:setup.py install is deprecated -W ignore:easy_install command is deprecated setup.py egg_info --egg-base ../../build/coco_detector build --build-base /home/hiwilab/Project/DOG/ros2_ws/build/coco_detector/build install --record /home/hiwilab/Project/DOG/ros2_ws/build/coco_detector/install.log --single-version-externally-managed install_data
[1.696s] Level 1:colcon.colcon_core.environment:checking '/home/hiwilab/Project/DOG/ros2_ws/install/coco_detector' for CMake config files
[1.696s] Level 1:colcon.colcon_core.environment:checking '/home/hiwilab/Project/DOG/ros2_ws/install/coco_detector/lib'
[1.696s] Level 1:colcon.colcon_core.environment:checking '/home/hiwilab/Project/DOG/ros2_ws/install/coco_detector/bin'
[1.696s] Level 1:colcon.colcon_core.environment:checking '/home/hiwilab/Project/DOG/ros2_ws/install/coco_detector/lib/pkgconfig/coco_detector.pc'
[1.696s] Level 1:colcon.colcon_core.environment:checking '/home/hiwilab/Project/DOG/ros2_ws/install/coco_detector/lib/python3.10/site-packages'
[1.696s] Level 1:colcon.colcon_core.shell:create_environment_hook('coco_detector', 'pythonpath')
[1.696s] INFO:colcon.colcon_core.shell:Creating environment hook '/home/hiwilab/Project/DOG/ros2_ws/install/coco_detector/share/coco_detector/hook/pythonpath.ps1'
[1.697s] INFO:colcon.colcon_core.shell:Creating environment descriptor '/home/hiwilab/Project/DOG/ros2_ws/install/coco_detector/share/coco_detector/hook/pythonpath.dsv'
[1.697s] INFO:colcon.colcon_core.shell:Creating environment hook '/home/hiwilab/Project/DOG/ros2_ws/install/coco_detector/share/coco_detector/hook/pythonpath.sh'
[1.697s] Level 1:colcon.colcon_core.environment:checking '/home/hiwilab/Project/DOG/ros2_ws/install/coco_detector/bin'
[1.697s] Level 1:colcon.colcon_core.environment:create_environment_scripts_only(coco_detector)
[1.697s] INFO:colcon.colcon_core.shell:Creating package script '/home/hiwilab/Project/DOG/ros2_ws/install/coco_detector/share/coco_detector/package.ps1'
[1.698s] INFO:colcon.colcon_core.shell:Creating package descriptor '/home/hiwilab/Project/DOG/ros2_ws/install/coco_detector/share/coco_detector/package.dsv'
[1.698s] INFO:colcon.colcon_core.shell:Creating package script '/home/hiwilab/Project/DOG/ros2_ws/install/coco_detector/share/coco_detector/package.sh'
[1.698s] INFO:colcon.colcon_core.shell:Creating package script '/home/hiwilab/Project/DOG/ros2_ws/install/coco_detector/share/coco_detector/package.bash'
[1.699s] INFO:colcon.colcon_core.shell:Creating package script '/home/hiwilab/Project/DOG/ros2_ws/install/coco_detector/share/coco_detector/package.zsh'
[1.699s] Level 1:colcon.colcon_core.environment:create_file_with_runtime_dependencies(/home/hiwilab/Project/DOG/ros2_ws/install/coco_detector/share/colcon-core/packages/coco_detector)
[4.345s] DEBUG:colcon.colcon_core.event_handler.log_command:Invoked command in '/home/hiwilab/Project/DOG/ros2_ws/build/unitree_go' returned '0': CMAKE_PREFIX_PATH=${CMAKE_PREFIX_PATH}:/home/hiwilab/Project/DOG/ros2_ws/install/go2_robot_sdk:/home/hiwilab/Project/DOG/ros2_ws/install/go2_gps_nav:/home/hiwilab/Project/DOG/ros2_ws/install/coco_detector:/opt/ros/humble /usr/bin/cmake /home/hiwilab/Project/DOG/ros2_ws/src/unitree_go -DCMAKE_INSTALL_PREFIX=/home/hiwilab/Project/DOG/ros2_ws/install/unitree_go
[4.347s] DEBUG:colcon.colcon_core.event_handler.log_command:Invoking command in '/home/hiwilab/Project/DOG/ros2_ws/build/unitree_go': CMAKE_PREFIX_PATH=${CMAKE_PREFIX_PATH}:/home/hiwilab/Project/DOG/ros2_ws/install/go2_robot_sdk:/home/hiwilab/Project/DOG/ros2_ws/install/go2_gps_nav:/home/hiwilab/Project/DOG/ros2_ws/install/coco_detector:/opt/ros/humble /usr/bin/cmake --build /home/hiwilab/Project/DOG/ros2_ws/build/unitree_go -- -j8 -l8
[4.434s] DEBUG:colcon.colcon_core.event_handler.log_command:Invoked command in '/home/hiwilab/Project/DOG/ros2_ws/build/go2_interfaces' returned '0': CMAKE_PREFIX_PATH=${CMAKE_PREFIX_PATH}:/home/hiwilab/Project/DOG/ros2_ws/install/go2_robot_sdk:/home/hiwilab/Project/DOG/ros2_ws/install/go2_gps_nav:/home/hiwilab/Project/DOG/ros2_ws/install/coco_detector:/opt/ros/humble /usr/bin/cmake /home/hiwilab/Project/DOG/ros2_ws/src/go2_interfaces -DCMAKE_INSTALL_PREFIX=/home/hiwilab/Project/DOG/ros2_ws/install/go2_interfaces
[4.436s] DEBUG:colcon.colcon_core.event_handler.log_command:Invoking command in '/home/hiwilab/Project/DOG/ros2_ws/build/go2_interfaces': CMAKE_PREFIX_PATH=${CMAKE_PREFIX_PATH}:/home/hiwilab/Project/DOG/ros2_ws/install/go2_robot_sdk:/home/hiwilab/Project/DOG/ros2_ws/install/go2_gps_nav:/home/hiwilab/Project/DOG/ros2_ws/install/coco_detector:/opt/ros/humble /usr/bin/cmake --build /home/hiwilab/Project/DOG/ros2_ws/build/go2_interfaces -- -j8 -l8
[14.262s] DEBUG:colcon.colcon_core.event_handler.log_command:Invoked command in '/home/hiwilab/Project/DOG/ros2_ws/build/go2_interfaces' returned '0': CMAKE_PREFIX_PATH=${CMAKE_PREFIX_PATH}:/home/hiwilab/Project/DOG/ros2_ws/install/go2_robot_sdk:/home/hiwilab/Project/DOG/ros2_ws/install/go2_gps_nav:/home/hiwilab/Project/DOG/ros2_ws/install/coco_detector:/opt/ros/humble /usr/bin/cmake --build /home/hiwilab/Project/DOG/ros2_ws/build/go2_interfaces -- -j8 -l8
[14.269s] DEBUG:colcon.colcon_core.event_handler.log_command:Invoking command in '/home/hiwilab/Project/DOG/ros2_ws/build/go2_interfaces': CMAKE_PREFIX_PATH=${CMAKE_PREFIX_PATH}:/home/hiwilab/Project/DOG/ros2_ws/install/go2_robot_sdk:/home/hiwilab/Project/DOG/ros2_ws/install/go2_gps_nav:/home/hiwilab/Project/DOG/ros2_ws/install/coco_detector:/opt/ros/humble /usr/bin/cmake --install /home/hiwilab/Project/DOG/ros2_ws/build/go2_interfaces
[14.335s] Level 1:colcon.colcon_core.environment:create_environment_scripts_only(go2_interfaces)
[14.335s] Level 1:colcon.colcon_core.environment:checking '/home/hiwilab/Project/DOG/ros2_ws/install/go2_interfaces' for CMake module files
[14.336s] DEBUG:colcon.colcon_core.event_handler.log_command:Invoked command in '/home/hiwilab/Project/DOG/ros2_ws/build/go2_interfaces' returned '0': CMAKE_PREFIX_PATH=${CMAKE_PREFIX_PATH}:/home/hiwilab/Project/DOG/ros2_ws/install/go2_robot_sdk:/home/hiwilab/Project/DOG/ros2_ws/install/go2_gps_nav:/home/hiwilab/Project/DOG/ros2_ws/install/coco_detector:/opt/ros/humble /usr/bin/cmake --install /home/hiwilab/Project/DOG/ros2_ws/build/go2_interfaces
[14.336s] Level 1:colcon.colcon_core.environment:checking '/home/hiwilab/Project/DOG/ros2_ws/install/go2_interfaces' for CMake config files
[14.336s] Level 1:colcon.colcon_core.shell:create_environment_hook('go2_interfaces', 'cmake_prefix_path')
[14.337s] INFO:colcon.colcon_core.shell:Creating environment hook '/home/hiwilab/Project/DOG/ros2_ws/install/go2_interfaces/share/go2_interfaces/hook/cmake_prefix_path.ps1'
[14.337s] INFO:colcon.colcon_core.shell:Creating environment descriptor '/home/hiwilab/Project/DOG/ros2_ws/install/go2_interfaces/share/go2_interfaces/hook/cmake_prefix_path.dsv'
[14.338s] INFO:colcon.colcon_core.shell:Creating environment hook '/home/hiwilab/Project/DOG/ros2_ws/install/go2_interfaces/share/go2_interfaces/hook/cmake_prefix_path.sh'
[14.338s] Level 1:colcon.colcon_core.environment:checking '/home/hiwilab/Project/DOG/ros2_ws/install/go2_interfaces/lib'
[14.338s] Level 1:colcon.colcon_core.shell:create_environment_hook('go2_interfaces', 'ld_library_path_lib')
[14.338s] INFO:colcon.colcon_core.shell:Creating environment hook '/home/hiwilab/Project/DOG/ros2_ws/install/go2_interfaces/share/go2_interfaces/hook/ld_library_path_lib.ps1'
[14.338s] INFO:colcon.colcon_core.shell:Creating environment descriptor '/home/hiwilab/Project/DOG/ros2_ws/install/go2_interfaces/share/go2_interfaces/hook/ld_library_path_lib.dsv'
[14.339s] INFO:colcon.colcon_core.shell:Creating environment hook '/home/hiwilab/Project/DOG/ros2_ws/install/go2_interfaces/share/go2_interfaces/hook/ld_library_path_lib.sh'
[14.339s] Level 1:colcon.colcon_core.environment:checking '/home/hiwilab/Project/DOG/ros2_ws/install/go2_interfaces/bin'
[14.339s] Level 1:colcon.colcon_core.environment:checking '/home/hiwilab/Project/DOG/ros2_ws/install/go2_interfaces/lib/pkgconfig/go2_interfaces.pc'
[14.339s] Level 1:colcon.colcon_core.environment:checking '/home/hiwilab/Project/DOG/ros2_ws/install/go2_interfaces/lib/python3.10/site-packages'
[14.339s] Level 1:colcon.colcon_core.environment:checking '/home/hiwilab/Project/DOG/ros2_ws/install/go2_interfaces/bin'
[14.340s] INFO:colcon.colcon_core.shell:Creating package script '/home/hiwilab/Project/DOG/ros2_ws/install/go2_interfaces/share/go2_interfaces/package.ps1'
[14.340s] INFO:colcon.colcon_core.shell:Creating package descriptor '/home/hiwilab/Project/DOG/ros2_ws/install/go2_interfaces/share/go2_interfaces/package.dsv'
[14.340s] INFO:colcon.colcon_core.shell:Creating package script '/home/hiwilab/Project/DOG/ros2_ws/install/go2_interfaces/share/go2_interfaces/package.sh'
[14.341s] INFO:colcon.colcon_core.shell:Creating package script '/home/hiwilab/Project/DOG/ros2_ws/install/go2_interfaces/share/go2_interfaces/package.bash'
[14.341s] INFO:colcon.colcon_core.shell:Creating package script '/home/hiwilab/Project/DOG/ros2_ws/install/go2_interfaces/share/go2_interfaces/package.zsh'
[14.341s] Level 1:colcon.colcon_core.environment:create_file_with_runtime_dependencies(/home/hiwilab/Project/DOG/ros2_ws/install/go2_interfaces/share/colcon-core/packages/go2_interfaces)
[14.342s] Level 1:colcon.colcon_core.environment:create_environment_scripts_only(go2_interfaces)
[14.342s] Level 1:colcon.colcon_core.environment:checking '/home/hiwilab/Project/DOG/ros2_ws/install/go2_interfaces' for CMake module files
[14.342s] Level 1:colcon.colcon_core.environment:checking '/home/hiwilab/Project/DOG/ros2_ws/install/go2_interfaces' for CMake config files
[14.343s] Level 1:colcon.colcon_core.shell:create_environment_hook('go2_interfaces', 'cmake_prefix_path')
[14.343s] INFO:colcon.colcon_core.shell:Creating environment hook '/home/hiwilab/Project/DOG/ros2_ws/install/go2_interfaces/share/go2_interfaces/hook/cmake_prefix_path.ps1'
[14.343s] INFO:colcon.colcon_core.shell:Creating environment descriptor '/home/hiwilab/Project/DOG/ros2_ws/install/go2_interfaces/share/go2_interfaces/hook/cmake_prefix_path.dsv'
[14.343s] INFO:colcon.colcon_core.shell:Creating environment hook '/home/hiwilab/Project/DOG/ros2_ws/install/go2_interfaces/share/go2_interfaces/hook/cmake_prefix_path.sh'
[14.344s] Level 1:colcon.colcon_core.environment:checking '/home/hiwilab/Project/DOG/ros2_ws/install/go2_interfaces/lib'
[14.344s] Level 1:colcon.colcon_core.shell:create_environment_hook('go2_interfaces', 'ld_library_path_lib')
[14.344s] INFO:colcon.colcon_core.shell:Creating environment hook '/home/hiwilab/Project/DOG/ros2_ws/install/go2_interfaces/share/go2_interfaces/hook/ld_library_path_lib.ps1'
[14.344s] INFO:colcon.colcon_core.shell:Creating environment descriptor '/home/hiwilab/Project/DOG/ros2_ws/install/go2_interfaces/share/go2_interfaces/hook/ld_library_path_lib.dsv'
[14.344s] INFO:colcon.colcon_core.shell:Creating environment hook '/home/hiwilab/Project/DOG/ros2_ws/install/go2_interfaces/share/go2_interfaces/hook/ld_library_path_lib.sh'
[14.345s] Level 1:colcon.colcon_core.environment:checking '/home/hiwilab/Project/DOG/ros2_ws/install/go2_interfaces/bin'
[14.345s] Level 1:colcon.colcon_core.environment:checking '/home/hiwilab/Project/DOG/ros2_ws/install/go2_interfaces/lib/pkgconfig/go2_interfaces.pc'
[14.345s] Level 1:colcon.colcon_core.environment:checking '/home/hiwilab/Project/DOG/ros2_ws/install/go2_interfaces/lib/python3.10/site-packages'
[14.345s] Level 1:colcon.colcon_core.environment:checking '/home/hiwilab/Project/DOG/ros2_ws/install/go2_interfaces/bin'
[14.345s] INFO:colcon.colcon_core.shell:Creating package script '/home/hiwilab/Project/DOG/ros2_ws/install/go2_interfaces/share/go2_interfaces/package.ps1'
[14.346s] INFO:colcon.colcon_core.shell:Creating package descriptor '/home/hiwilab/Project/DOG/ros2_ws/install/go2_interfaces/share/go2_interfaces/package.dsv'
[14.346s] INFO:colcon.colcon_core.shell:Creating package script '/home/hiwilab/Project/DOG/ros2_ws/install/go2_interfaces/share/go2_interfaces/package.sh'
[14.346s] INFO:colcon.colcon_core.shell:Creating package script '/home/hiwilab/Project/DOG/ros2_ws/install/go2_interfaces/share/go2_interfaces/package.bash'
[14.347s] INFO:colcon.colcon_core.shell:Creating package script '/home/hiwilab/Project/DOG/ros2_ws/install/go2_interfaces/share/go2_interfaces/package.zsh'
[14.347s] Level 1:colcon.colcon_core.environment:create_file_with_runtime_dependencies(/home/hiwilab/Project/DOG/ros2_ws/install/go2_interfaces/share/colcon-core/packages/go2_interfaces)
[23.673s] DEBUG:colcon.colcon_core.event_handler.log_command:Invoked command in '/home/hiwilab/Project/DOG/ros2_ws/build/unitree_go' returned '0': CMAKE_PREFIX_PATH=${CMAKE_PREFIX_PATH}:/home/hiwilab/Project/DOG/ros2_ws/install/go2_robot_sdk:/home/hiwilab/Project/DOG/ros2_ws/install/go2_gps_nav:/home/hiwilab/Project/DOG/ros2_ws/install/coco_detector:/opt/ros/humble /usr/bin/cmake --build /home/hiwilab/Project/DOG/ros2_ws/build/unitree_go -- -j8 -l8
[23.674s] DEBUG:colcon.colcon_core.event_handler.log_command:Invoking command in '/home/hiwilab/Project/DOG/ros2_ws/build/unitree_go': CMAKE_PREFIX_PATH=${CMAKE_PREFIX_PATH}:/home/hiwilab/Project/DOG/ros2_ws/install/go2_robot_sdk:/home/hiwilab/Project/DOG/ros2_ws/install/go2_gps_nav:/home/hiwilab/Project/DOG/ros2_ws/install/coco_detector:/opt/ros/humble /usr/bin/cmake --install /home/hiwilab/Project/DOG/ros2_ws/build/unitree_go
[23.821s] Level 1:colcon.colcon_core.environment:create_environment_scripts_only(unitree_go)
[23.822s] Level 1:colcon.colcon_core.environment:checking '/home/hiwilab/Project/DOG/ros2_ws/install/unitree_go' for CMake module files
[23.822s] DEBUG:colcon.colcon_core.event_handler.log_command:Invoked command in '/home/hiwilab/Project/DOG/ros2_ws/build/unitree_go' returned '0': CMAKE_PREFIX_PATH=${CMAKE_PREFIX_PATH}:/home/hiwilab/Project/DOG/ros2_ws/install/go2_robot_sdk:/home/hiwilab/Project/DOG/ros2_ws/install/go2_gps_nav:/home/hiwilab/Project/DOG/ros2_ws/install/coco_detector:/opt/ros/humble /usr/bin/cmake --install /home/hiwilab/Project/DOG/ros2_ws/build/unitree_go
[23.822s] Level 1:colcon.colcon_core.environment:checking '/home/hiwilab/Project/DOG/ros2_ws/install/unitree_go' for CMake config files
[23.823s] Level 1:colcon.colcon_core.shell:create_environment_hook('unitree_go', 'cmake_prefix_path')
[23.823s] INFO:colcon.colcon_core.shell:Creating environment hook '/home/hiwilab/Project/DOG/ros2_ws/install/unitree_go/share/unitree_go/hook/cmake_prefix_path.ps1'
[23.823s] INFO:colcon.colcon_core.shell:Creating environment descriptor '/home/hiwilab/Project/DOG/ros2_ws/install/unitree_go/share/unitree_go/hook/cmake_prefix_path.dsv'
[23.823s] INFO:colcon.colcon_core.shell:Creating environment hook '/home/hiwilab/Project/DOG/ros2_ws/install/unitree_go/share/unitree_go/hook/cmake_prefix_path.sh'
[23.824s] Level 1:colcon.colcon_core.environment:checking '/home/hiwilab/Project/DOG/ros2_ws/install/unitree_go/lib'
[23.824s] Level 1:colcon.colcon_core.shell:create_environment_hook('unitree_go', 'ld_library_path_lib')
[23.824s] INFO:colcon.colcon_core.shell:Creating environment hook '/home/hiwilab/Project/DOG/ros2_ws/install/unitree_go/share/unitree_go/hook/ld_library_path_lib.ps1'
[23.824s] INFO:colcon.colcon_core.shell:Creating environment descriptor '/home/hiwilab/Project/DOG/ros2_ws/install/unitree_go/share/unitree_go/hook/ld_library_path_lib.dsv'
[23.824s] INFO:colcon.colcon_core.shell:Creating environment hook '/home/hiwilab/Project/DOG/ros2_ws/install/unitree_go/share/unitree_go/hook/ld_library_path_lib.sh'
[23.825s] Level 1:colcon.colcon_core.environment:checking '/home/hiwilab/Project/DOG/ros2_ws/install/unitree_go/bin'
[23.825s] Level 1:colcon.colcon_core.environment:checking '/home/hiwilab/Project/DOG/ros2_ws/install/unitree_go/lib/pkgconfig/unitree_go.pc'
[23.825s] Level 1:colcon.colcon_core.environment:checking '/home/hiwilab/Project/DOG/ros2_ws/install/unitree_go/lib/python3.10/site-packages'
[23.825s] Level 1:colcon.colcon_core.environment:checking '/home/hiwilab/Project/DOG/ros2_ws/install/unitree_go/bin'
[23.825s] INFO:colcon.colcon_core.shell:Creating package script '/home/hiwilab/Project/DOG/ros2_ws/install/unitree_go/share/unitree_go/package.ps1'
[23.825s] INFO:colcon.colcon_core.shell:Creating package descriptor '/home/hiwilab/Project/DOG/ros2_ws/install/unitree_go/share/unitree_go/package.dsv'
[23.826s] INFO:colcon.colcon_core.shell:Creating package script '/home/hiwilab/Project/DOG/ros2_ws/install/unitree_go/share/unitree_go/package.sh'
[23.826s] INFO:colcon.colcon_core.shell:Creating package script '/home/hiwilab/Project/DOG/ros2_ws/install/unitree_go/share/unitree_go/package.bash'
[23.826s] INFO:colcon.colcon_core.shell:Creating package script '/home/hiwilab/Project/DOG/ros2_ws/install/unitree_go/share/unitree_go/package.zsh'
[23.826s] Level 1:colcon.colcon_core.environment:create_file_with_runtime_dependencies(/home/hiwilab/Project/DOG/ros2_ws/install/unitree_go/share/colcon-core/packages/unitree_go)
[23.827s] Level 1:colcon.colcon_core.environment:create_environment_scripts_only(unitree_go)
[23.827s] Level 1:colcon.colcon_core.environment:checking '/home/hiwilab/Project/DOG/ros2_ws/install/unitree_go' for CMake module files
[23.827s] Level 1:colcon.colcon_core.environment:checking '/home/hiwilab/Project/DOG/ros2_ws/install/unitree_go' for CMake config files
[23.828s] Level 1:colcon.colcon_core.shell:create_environment_hook('unitree_go', 'cmake_prefix_path')
[23.828s] INFO:colcon.colcon_core.shell:Creating environment hook '/home/hiwilab/Project/DOG/ros2_ws/install/unitree_go/share/unitree_go/hook/cmake_prefix_path.ps1'
[23.828s] INFO:colcon.colcon_core.shell:Creating environment descriptor '/home/hiwilab/Project/DOG/ros2_ws/install/unitree_go/share/unitree_go/hook/cmake_prefix_path.dsv'
[23.828s] INFO:colcon.colcon_core.shell:Creating environment hook '/home/hiwilab/Project/DOG/ros2_ws/install/unitree_go/share/unitree_go/hook/cmake_prefix_path.sh'
[23.829s] Level 1:colcon.colcon_core.environment:checking '/home/hiwilab/Project/DOG/ros2_ws/install/unitree_go/lib'
[23.829s] Level 1:colcon.colcon_core.shell:create_environment_hook('unitree_go', 'ld_library_path_lib')
[23.829s] INFO:colcon.colcon_core.shell:Creating environment hook '/home/hiwilab/Project/DOG/ros2_ws/install/unitree_go/share/unitree_go/hook/ld_library_path_lib.ps1'
[23.829s] INFO:colcon.colcon_core.shell:Creating environment descriptor '/home/hiwilab/Project/DOG/ros2_ws/install/unitree_go/share/unitree_go/hook/ld_library_path_lib.dsv'
[23.829s] INFO:colcon.colcon_core.shell:Creating environment hook '/home/hiwilab/Project/DOG/ros2_ws/install/unitree_go/share/unitree_go/hook/ld_library_path_lib.sh'
[23.830s] Level 1:colcon.colcon_core.environment:checking '/home/hiwilab/Project/DOG/ros2_ws/install/unitree_go/bin'
[23.830s] Level 1:colcon.colcon_core.environment:checking '/home/hiwilab/Project/DOG/ros2_ws/install/unitree_go/lib/pkgconfig/unitree_go.pc'
[23.830s] Level 1:colcon.colcon_core.environment:checking '/home/hiwilab/Project/DOG/ros2_ws/install/unitree_go/lib/python3.10/site-packages'
[23.830s] Level 1:colcon.colcon_core.environment:checking '/home/hiwilab/Project/DOG/ros2_ws/install/unitree_go/bin'
[23.830s] INFO:colcon.colcon_core.shell:Creating package script '/home/hiwilab/Project/DOG/ros2_ws/install/unitree_go/share/unitree_go/package.ps1'
[23.831s] INFO:colcon.colcon_core.shell:Creating package descriptor '/home/hiwilab/Project/DOG/ros2_ws/install/unitree_go/share/unitree_go/package.dsv'
[23.831s] INFO:colcon.colcon_core.shell:Creating package script '/home/hiwilab/Project/DOG/ros2_ws/install/unitree_go/share/unitree_go/package.sh'
[23.831s] INFO:colcon.colcon_core.shell:Creating package script '/home/hiwilab/Project/DOG/ros2_ws/install/unitree_go/share/unitree_go/package.bash'
[23.831s] INFO:colcon.colcon_core.shell:Creating package script '/home/hiwilab/Project/DOG/ros2_ws/install/unitree_go/share/unitree_go/package.zsh'
[23.832s] Level 1:colcon.colcon_core.environment:create_file_with_runtime_dependencies(/home/hiwilab/Project/DOG/ros2_ws/install/unitree_go/share/colcon-core/packages/unitree_go)
[23.832s] INFO:colcon.colcon_ros.task.ament_python.build:Building ROS package in '/home/hiwilab/Project/DOG/ros2_ws/src/go2_robot_sdk' with build type 'ament_python'
[23.832s] Level 1:colcon.colcon_core.shell:create_environment_hook('go2_robot_sdk', 'ament_prefix_path')
[23.832s] INFO:colcon.colcon_core.shell:Creating environment hook '/home/hiwilab/Project/DOG/ros2_ws/install/go2_robot_sdk/share/go2_robot_sdk/hook/ament_prefix_path.ps1'
[23.833s] INFO:colcon.colcon_core.shell:Creating environment descriptor '/home/hiwilab/Project/DOG/ros2_ws/install/go2_robot_sdk/share/go2_robot_sdk/hook/ament_prefix_path.dsv'
[23.833s] INFO:colcon.colcon_core.shell:Creating environment hook '/home/hiwilab/Project/DOG/ros2_ws/install/go2_robot_sdk/share/go2_robot_sdk/hook/ament_prefix_path.sh'
[23.834s] INFO:colcon.colcon_core.shell:Skip shell extension 'powershell' for command environment: Not usable outside of PowerShell
[23.834s] DEBUG:colcon.colcon_core.shell:Skip shell extension 'dsv' for command environment
[24.389s] INFO:colcon.colcon_core.task.python.build:Building Python package in '/home/hiwilab/Project/DOG/ros2_ws/src/go2_robot_sdk'
[24.390s] INFO:colcon.colcon_core.shell:Skip shell extension 'powershell' for command environment: Not usable outside of PowerShell
[24.390s] DEBUG:colcon.colcon_core.shell:Skip shell extension 'dsv' for command environment
[25.017s] DEBUG:colcon.colcon_core.event_handler.log_command:Invoking command in '/home/hiwilab/Project/DOG/ros2_ws/src/go2_robot_sdk': PYTHONPATH=/home/hiwilab/Project/DOG/ros2_ws/build/go2_robot_sdk/prefix_override:/usr/lib/python3/dist-packages/colcon_core/task/python/colcon_distutils_commands:/home/hiwilab/Project/DOG/ros2_ws/install/go2_robot_sdk/lib/python3.10/site-packages:${PYTHONPATH} /usr/bin/python3 -W ignore:setup.py install is deprecated -W ignore:easy_install command is deprecated setup.py egg_info --egg-base ../../build/go2_robot_sdk build --build-base /home/hiwilab/Project/DOG/ros2_ws/build/go2_robot_sdk/build install --record /home/hiwilab/Project/DOG/ros2_ws/build/go2_robot_sdk/install.log --single-version-externally-managed install_data
[25.302s] Level 1:colcon.colcon_core.environment:checking '/home/hiwilab/Project/DOG/ros2_ws/install/go2_robot_sdk' for CMake module files
[25.303s] DEBUG:colcon.colcon_core.event_handler.log_command:Invoked command in '/home/hiwilab/Project/DOG/ros2_ws/src/go2_robot_sdk' returned '0': PYTHONPATH=/home/hiwilab/Project/DOG/ros2_ws/build/go2_robot_sdk/prefix_override:/usr/lib/python3/dist-packages/colcon_core/task/python/colcon_distutils_commands:/home/hiwilab/Project/DOG/ros2_ws/install/go2_robot_sdk/lib/python3.10/site-packages:${PYTHONPATH} /usr/bin/python3 -W ignore:setup.py install is deprecated -W ignore:easy_install command is deprecated setup.py egg_info --egg-base ../../build/go2_robot_sdk build --build-base /home/hiwilab/Project/DOG/ros2_ws/build/go2_robot_sdk/build install --record /home/hiwilab/Project/DOG/ros2_ws/build/go2_robot_sdk/install.log --single-version-externally-managed install_data
[25.303s] Level 1:colcon.colcon_core.environment:checking '/home/hiwilab/Project/DOG/ros2_ws/install/go2_robot_sdk' for CMake config files
[25.303s] Level 1:colcon.colcon_core.environment:checking '/home/hiwilab/Project/DOG/ros2_ws/install/go2_robot_sdk/lib'
[25.303s] Level 1:colcon.colcon_core.environment:checking '/home/hiwilab/Project/DOG/ros2_ws/install/go2_robot_sdk/bin'
[25.303s] Level 1:colcon.colcon_core.environment:checking '/home/hiwilab/Project/DOG/ros2_ws/install/go2_robot_sdk/lib/pkgconfig/go2_robot_sdk.pc'
[25.304s] Level 1:colcon.colcon_core.environment:checking '/home/hiwilab/Project/DOG/ros2_ws/install/go2_robot_sdk/lib/python3.10/site-packages'
[25.304s] Level 1:colcon.colcon_core.shell:create_environment_hook('go2_robot_sdk', 'pythonpath')
[25.304s] INFO:colcon.colcon_core.shell:Creating environment hook '/home/hiwilab/Project/DOG/ros2_ws/install/go2_robot_sdk/share/go2_robot_sdk/hook/pythonpath.ps1'
[25.304s] INFO:colcon.colcon_core.shell:Creating environment descriptor '/home/hiwilab/Project/DOG/ros2_ws/install/go2_robot_sdk/share/go2_robot_sdk/hook/pythonpath.dsv'
[25.304s] INFO:colcon.colcon_core.shell:Creating environment hook '/home/hiwilab/Project/DOG/ros2_ws/install/go2_robot_sdk/share/go2_robot_sdk/hook/pythonpath.sh'
[25.305s] Level 1:colcon.colcon_core.environment:checking '/home/hiwilab/Project/DOG/ros2_ws/install/go2_robot_sdk/bin'
[25.305s] Level 1:colcon.colcon_core.environment:create_environment_scripts_only(go2_robot_sdk)
[25.305s] INFO:colcon.colcon_core.shell:Creating package script '/home/hiwilab/Project/DOG/ros2_ws/install/go2_robot_sdk/share/go2_robot_sdk/package.ps1'
[25.305s] INFO:colcon.colcon_core.shell:Creating package descriptor '/home/hiwilab/Project/DOG/ros2_ws/install/go2_robot_sdk/share/go2_robot_sdk/package.dsv'
[25.306s] INFO:colcon.colcon_core.shell:Creating package script '/home/hiwilab/Project/DOG/ros2_ws/install/go2_robot_sdk/share/go2_robot_sdk/package.sh'
[25.306s] INFO:colcon.colcon_core.shell:Creating package script '/home/hiwilab/Project/DOG/ros2_ws/install/go2_robot_sdk/share/go2_robot_sdk/package.bash'
[25.306s] INFO:colcon.colcon_core.shell:Creating package script '/home/hiwilab/Project/DOG/ros2_ws/install/go2_robot_sdk/share/go2_robot_sdk/package.zsh'
[25.306s] Level 1:colcon.colcon_core.environment:create_file_with_runtime_dependencies(/home/hiwilab/Project/DOG/ros2_ws/install/go2_robot_sdk/share/colcon-core/packages/go2_robot_sdk)
[25.307s] DEBUG:colcon.colcon_parallel_executor.executor.parallel:closing loop
[25.307s] DEBUG:colcon.colcon_parallel_executor.executor.parallel:loop closed
[25.307s] DEBUG:colcon.colcon_parallel_executor.executor.parallel:run_until_complete finished with '0'
[25.307s] DEBUG:colcon.colcon_core.event_reactor:joining thread
[25.396s] INFO:colcon.colcon_core.plugin_system:Skipping extension 'colcon_notification.desktop_notification.notify_send': Could not find 'notify-send'
[25.396s] INFO:colcon.colcon_core.plugin_system:Skipping extension 'colcon_notification.desktop_notification.terminal_notifier': Not used on non-Darwin systems
[25.396s] INFO:colcon.colcon_core.plugin_system:Skipping extension 'colcon_notification.desktop_notification.win32': Not used on non-Windows systems
[25.396s] INFO:colcon.colcon_notification.desktop_notification:Sending desktop notification using 'notify2'
[25.397s] DEBUG:colcon.colcon_notification.desktop_notification.notify2:Failed to initialize notify2: org.freedesktop.DBus.Error.ServiceUnknown: The name org.freedesktop.Notifications was not provided by any .service files
[25.397s] DEBUG:colcon.colcon_core.event_reactor:joined thread
[25.398s] INFO:colcon.colcon_core.shell:Creating prefix script '/home/hiwilab/Project/DOG/ros2_ws/install/local_setup.ps1'
[25.398s] INFO:colcon.colcon_core.shell:Creating prefix util module '/home/hiwilab/Project/DOG/ros2_ws/install/_local_setup_util_ps1.py'
[25.399s] INFO:colcon.colcon_core.shell:Creating prefix chain script '/home/hiwilab/Project/DOG/ros2_ws/install/setup.ps1'
[25.400s] INFO:colcon.colcon_core.shell:Creating prefix script '/home/hiwilab/Project/DOG/ros2_ws/install/local_setup.sh'
[25.400s] INFO:colcon.colcon_core.shell:Creating prefix util module '/home/hiwilab/Project/DOG/ros2_ws/install/_local_setup_util_sh.py'
[25.401s] INFO:colcon.colcon_core.shell:Creating prefix chain script '/home/hiwilab/Project/DOG/ros2_ws/install/setup.sh'
[25.401s] INFO:colcon.colcon_core.shell:Creating prefix script '/home/hiwilab/Project/DOG/ros2_ws/install/local_setup.bash'
[25.402s] INFO:colcon.colcon_core.shell:Creating prefix chain script '/home/hiwilab/Project/DOG/ros2_ws/install/setup.bash'
[25.403s] INFO:colcon.colcon_core.shell:Creating prefix script '/home/hiwilab/Project/DOG/ros2_ws/install/local_setup.zsh'
[25.403s] INFO:colcon.colcon_core.shell:Creating prefix chain script '/home/hiwilab/Project/DOG/ros2_ws/install/setup.zsh'
